<?xml version="1.0" encoding="UTF-8"?>
<testsuite xmlns:xsi="http://www.w3.org/2001/XMLSchema-instance" xsi:noNamespaceSchemaLocation="https://maven.apache.org/surefire/maven-surefire-plugin/xsd/surefire-test-report-3.0.xsd" version="3.0" name="com.safetynet.SafetyNetAlerts.SafetyNetAlertsControllerTest" time="9.44" tests="44" errors="0" skipped="0" failures="0">
  <properties>
[...]
</properties>
  <testcase name="testGetChildrenFromAddressShouldPass" classname="com.safetynet.SafetyNetAlerts.SafetyNetAlertsControllerTest" time="0.141">
    <system-out><![CDATA[
  .   ____          _            __ _ _
 /\\ / ___'_ __ _ _(_)_ __  __ _ \ \ \ \
( ( )\___ | '_ | '_| | '_ \/ _` | \ \ \ \
 \\/  ___)| |_)| | | | | || (_| |  ) ) ) )
  '  |____| .__|_| |_|_| |_\__, | / / / /
 =========|_|==============|___/=/_/_/_/
 :: Spring Boot ::                (v3.1.1)

2023-08-07T17:25:40.615+02:00  INFO 16904 --- [           main] c.s.S.SafetyNetAlertsControllerTest      : Starting SafetyNetAlertsControllerTest using Java 17.0.6 with PID 16904 (started by indov in C:\Users\indov\git\SafetyNetAlerts\SafetyNetAlerts)
2023-08-07T17:25:40.616+02:00 DEBUG 16904 --- [           main] c.s.S.SafetyNetAlertsControllerTest      : Running with Spring Boot v3.1.1, Spring v6.0.10
2023-08-07T17:25:40.616+02:00  INFO 16904 --- [           main] c.s.S.SafetyNetAlertsControllerTest      : No active profile set, falling back to 1 default profile: "default"
2023-08-07T17:25:40.828+02:00 DEBUG 16904 --- [           main] c.s.S.SafetyNetAlertsApplication         : copy the data file
2023-08-07T17:25:40.829+02:00 DEBUG 16904 --- [           main] c.s.S.SafetyNetAlertsApplication         : create a list of persons
2023-08-07T17:25:40.831+02:00 DEBUG 16904 --- [           main] c.s.S.SafetyNetAlertsApplication         : create a list of fire stations
2023-08-07T17:25:40.834+02:00 DEBUG 16904 --- [           main] c.s.S.SafetyNetAlertsApplication         : create a list of medical records
2023-08-07T17:25:40.835+02:00 DEBUG 16904 --- [           main] c.s.S.SafetyNetAlertsApplication         : the constructor SafetyNetAlertsCatalog succeeded
2023-08-07T17:25:41.030+02:00  INFO 16904 --- [           main] c.s.S.SafetyNetAlertsControllerTest      : Started SafetyNetAlertsControllerTest in 0.444 seconds (process running for 9.376)
2023-08-07T17:25:41.117+02:00  INFO 16904 --- [           main] c.s.S.SafetyNetAlertsApplication         : request the list of children living at 1509 Culver St
2023-08-07T17:25:41.117+02:00 DEBUG 16904 --- [           main] c.s.S.SafetyNetAlertsApplication         : get the list of persons
2023-08-07T17:25:41.118+02:00 DEBUG 16904 --- [           main] c.s.S.SafetyNetAlertsApplication         : get the list of persons living at 1509 Culver St
2023-08-07T17:25:41.118+02:00 DEBUG 16904 --- [           main] c.s.S.SafetyNetAlertsApplication         : get the list of medical records
2023-08-07T17:25:41.118+02:00 DEBUG 16904 --- [           main] c.s.S.SafetyNetAlertsApplication         : the person named John Boyd is 39 years old
2023-08-07T17:25:41.118+02:00 DEBUG 16904 --- [           main] c.s.S.SafetyNetAlertsApplication         : the person named John Boyd is allergic to [nillacilan]
2023-08-07T17:25:41.119+02:00 DEBUG 16904 --- [           main] c.s.S.SafetyNetAlertsApplication         : the person named John Boyd is taking the following medications [aznol:350mg, hydrapermazol:100mg]
2023-08-07T17:25:41.119+02:00 DEBUG 16904 --- [           main] c.s.S.SafetyNetAlertsApplication         : get the list of medical records
2023-08-07T17:25:41.119+02:00 DEBUG 16904 --- [           main] c.s.S.SafetyNetAlertsApplication         : the person named Jacob Boyd is 34 years old
2023-08-07T17:25:41.119+02:00 DEBUG 16904 --- [           main] c.s.S.SafetyNetAlertsApplication         : the person named Jacob Boyd is allergic to []
2023-08-07T17:25:41.119+02:00 DEBUG 16904 --- [           main] c.s.S.SafetyNetAlertsApplication         : the person named Jacob Boyd is taking the following medications [pharmacol:5000mg, terazine:10mg, noznazol:250mg]
2023-08-07T17:25:41.119+02:00 DEBUG 16904 --- [           main] c.s.S.SafetyNetAlertsApplication         : get the list of medical records
2023-08-07T17:25:41.120+02:00 DEBUG 16904 --- [           main] c.s.S.SafetyNetAlertsApplication         : the person named Tenley Boyd is 11 years old
2023-08-07T17:25:41.120+02:00 DEBUG 16904 --- [           main] c.s.S.SafetyNetAlertsApplication         : the person named Tenley Boyd is allergic to [peanut]
2023-08-07T17:25:41.121+02:00 DEBUG 16904 --- [           main] c.s.S.SafetyNetAlertsApplication         : the person named Tenley Boyd is taking the following medications []
2023-08-07T17:25:41.121+02:00 DEBUG 16904 --- [           main] c.s.S.SafetyNetAlertsApplication         : get the list of medical records
2023-08-07T17:25:41.121+02:00 DEBUG 16904 --- [           main] c.s.S.SafetyNetAlertsApplication         : the person named Roger Boyd is 5 years old
2023-08-07T17:25:41.121+02:00 DEBUG 16904 --- [           main] c.s.S.SafetyNetAlertsApplication         : the person named Roger Boyd is allergic to []
2023-08-07T17:25:41.121+02:00 DEBUG 16904 --- [           main] c.s.S.SafetyNetAlertsApplication         : the person named Roger Boyd is taking the following medications []
2023-08-07T17:25:41.122+02:00 DEBUG 16904 --- [           main] c.s.S.SafetyNetAlertsApplication         : get the list of medical records
2023-08-07T17:25:41.122+02:00 DEBUG 16904 --- [           main] c.s.S.SafetyNetAlertsApplication         : the person named Felicia Boyd is 37 years old
2023-08-07T17:25:41.122+02:00 DEBUG 16904 --- [           main] c.s.S.SafetyNetAlertsApplication         : the person named Felicia Boyd is allergic to [xilliathal]
2023-08-07T17:25:41.122+02:00 DEBUG 16904 --- [           main] c.s.S.SafetyNetAlertsApplication         : the person named Felicia Boyd is taking the following medications [tetracyclaz:650mg]
2023-08-07T17:25:41.122+02:00  INFO 16904 --- [           main] c.s.S.SafetyNetAlertsApplication         : response with 2 child(ren) from persons living at 1509 Culver St
]]></system-out>
  </testcase>
  <testcase name="testGetInformationFromNameShouldPass" classname="com.safetynet.SafetyNetAlerts.SafetyNetAlertsControllerTest" time="0.039">
    <system-out><![CDATA[
  .   ____          _            __ _ _
 /\\ / ___'_ __ _ _(_)_ __  __ _ \ \ \ \
( ( )\___ | '_ | '_| | '_ \/ _` | \ \ \ \
 \\/  ___)| |_)| | | | | || (_| |  ) ) ) )
  '  |____| .__|_| |_|_| |_\__, | / / / /
 =========|_|==============|___/=/_/_/_/
 :: Spring Boot ::                (v3.1.1)

2023-08-07T17:25:41.220+02:00  INFO 16904 --- [           main] c.s.S.SafetyNetAlertsControllerTest      : Starting SafetyNetAlertsControllerTest using Java 17.0.6 with PID 16904 (started by indov in C:\Users\indov\git\SafetyNetAlerts\SafetyNetAlerts)
2023-08-07T17:25:41.221+02:00 DEBUG 16904 --- [           main] c.s.S.SafetyNetAlertsControllerTest      : Running with Spring Boot v3.1.1, Spring v6.0.10
2023-08-07T17:25:41.222+02:00  INFO 16904 --- [           main] c.s.S.SafetyNetAlertsControllerTest      : No active profile set, falling back to 1 default profile: "default"
2023-08-07T17:25:41.434+02:00 DEBUG 16904 --- [           main] c.s.S.SafetyNetAlertsApplication         : copy the data file
2023-08-07T17:25:41.436+02:00 DEBUG 16904 --- [           main] c.s.S.SafetyNetAlertsApplication         : create a list of persons
2023-08-07T17:25:41.440+02:00 DEBUG 16904 --- [           main] c.s.S.SafetyNetAlertsApplication         : create a list of fire stations
2023-08-07T17:25:41.441+02:00 DEBUG 16904 --- [           main] c.s.S.SafetyNetAlertsApplication         : create a list of medical records
2023-08-07T17:25:41.443+02:00 DEBUG 16904 --- [           main] c.s.S.SafetyNetAlertsApplication         : the constructor SafetyNetAlertsCatalog succeeded
2023-08-07T17:25:41.596+02:00  INFO 16904 --- [           main] c.s.S.SafetyNetAlertsControllerTest      : Started SafetyNetAlertsControllerTest in 0.42 seconds (process running for 9.942)
2023-08-07T17:25:41.625+02:00  INFO 16904 --- [           main] c.s.S.SafetyNetAlertsApplication         : request the information about the persons named john boyd
2023-08-07T17:25:41.626+02:00 DEBUG 16904 --- [           main] c.s.S.SafetyNetAlertsApplication         : get the list of persons
2023-08-07T17:25:41.626+02:00 DEBUG 16904 --- [           main] c.s.S.SafetyNetAlertsApplication         : get the list of medical records
2023-08-07T17:25:41.627+02:00 DEBUG 16904 --- [           main] c.s.S.SafetyNetAlertsApplication         : the person named john boyd is 39 years old
2023-08-07T17:25:41.628+02:00 DEBUG 16904 --- [           main] c.s.S.SafetyNetAlertsApplication         : the person named john boyd is allergic to [nillacilan]
2023-08-07T17:25:41.628+02:00 DEBUG 16904 --- [           main] c.s.S.SafetyNetAlertsApplication         : the person named john boyd is taking the following medications [aznol:350mg, hydrapermazol:100mg]
2023-08-07T17:25:41.628+02:00  INFO 16904 --- [           main] c.s.S.SafetyNetAlertsApplication         : response with the information about 1 person(s) named john boyd
]]></system-out>
  </testcase>
  <testcase name="testUpdateMedicalRecordWithPersonUnknownShouldFail" classname="com.safetynet.SafetyNetAlerts.SafetyNetAlertsControllerTest" time="0.054">
    <system-out><![CDATA[
  .   ____          _            __ _ _
 /\\ / ___'_ __ _ _(_)_ __  __ _ \ \ \ \
( ( )\___ | '_ | '_| | '_ \/ _` | \ \ \ \
 \\/  ___)| |_)| | | | | || (_| |  ) ) ) )
  '  |____| .__|_| |_|_| |_\__, | / / / /
 =========|_|==============|___/=/_/_/_/
 :: Spring Boot ::                (v3.1.1)

2023-08-07T17:25:41.667+02:00  INFO 16904 --- [           main] c.s.S.SafetyNetAlertsControllerTest      : Starting SafetyNetAlertsControllerTest using Java 17.0.6 with PID 16904 (started by indov in C:\Users\indov\git\SafetyNetAlerts\SafetyNetAlerts)
2023-08-07T17:25:41.668+02:00 DEBUG 16904 --- [           main] c.s.S.SafetyNetAlertsControllerTest      : Running with Spring Boot v3.1.1, Spring v6.0.10
2023-08-07T17:25:41.668+02:00  INFO 16904 --- [           main] c.s.S.SafetyNetAlertsControllerTest      : No active profile set, falling back to 1 default profile: "default"
2023-08-07T17:25:41.907+02:00 DEBUG 16904 --- [           main] c.s.S.SafetyNetAlertsApplication         : copy the data file
2023-08-07T17:25:41.908+02:00 DEBUG 16904 --- [           main] c.s.S.SafetyNetAlertsApplication         : create a list of persons
2023-08-07T17:25:41.911+02:00 DEBUG 16904 --- [           main] c.s.S.SafetyNetAlertsApplication         : create a list of fire stations
2023-08-07T17:25:41.913+02:00 DEBUG 16904 --- [           main] c.s.S.SafetyNetAlertsApplication         : create a list of medical records
2023-08-07T17:25:41.915+02:00 DEBUG 16904 --- [           main] c.s.S.SafetyNetAlertsApplication         : the constructor SafetyNetAlertsCatalog succeeded
2023-08-07T17:25:42.041+02:00  INFO 16904 --- [           main] c.s.S.SafetyNetAlertsControllerTest      : Started SafetyNetAlertsControllerTest in 0.399 seconds (process running for 10.386)
2023-08-07T17:25:42.086+02:00  INFO 16904 --- [           main] c.s.S.SafetyNetAlertsApplication         : request an update for the medical record about the person named firstNameUnknown lastNameUnknown
2023-08-07T17:25:42.088+02:00 ERROR 16904 --- [           main] c.s.S.SafetyNetAlertsApplication         : the person named firstNameUnknown lastNameUnknown hasn't a medical record in our system
]]></system-out>
  </testcase>
  <testcase name="testCreateFirestationShouldPass" classname="com.safetynet.SafetyNetAlerts.SafetyNetAlertsControllerTest" time="0.01">
    <system-out><![CDATA[
  .   ____          _            __ _ _
 /\\ / ___'_ __ _ _(_)_ __  __ _ \ \ \ \
( ( )\___ | '_ | '_| | '_ \/ _` | \ \ \ \
 \\/  ___)| |_)| | | | | || (_| |  ) ) ) )
  '  |____| .__|_| |_|_| |_\__, | / / / /
 =========|_|==============|___/=/_/_/_/
 :: Spring Boot ::                (v3.1.1)

2023-08-07T17:25:42.123+02:00  INFO 16904 --- [           main] c.s.S.SafetyNetAlertsControllerTest      : Starting SafetyNetAlertsControllerTest using Java 17.0.6 with PID 16904 (started by indov in C:\Users\indov\git\SafetyNetAlerts\SafetyNetAlerts)
2023-08-07T17:25:42.124+02:00 DEBUG 16904 --- [           main] c.s.S.SafetyNetAlertsControllerTest      : Running with Spring Boot v3.1.1, Spring v6.0.10
2023-08-07T17:25:42.124+02:00  INFO 16904 --- [           main] c.s.S.SafetyNetAlertsControllerTest      : No active profile set, falling back to 1 default profile: "default"
2023-08-07T17:25:42.402+02:00 DEBUG 16904 --- [           main] c.s.S.SafetyNetAlertsApplication         : copy the data file
2023-08-07T17:25:42.403+02:00 DEBUG 16904 --- [           main] c.s.S.SafetyNetAlertsApplication         : create a list of persons
2023-08-07T17:25:42.405+02:00 DEBUG 16904 --- [           main] c.s.S.SafetyNetAlertsApplication         : create a list of fire stations
2023-08-07T17:25:42.407+02:00 DEBUG 16904 --- [           main] c.s.S.SafetyNetAlertsApplication         : create a list of medical records
2023-08-07T17:25:42.409+02:00 DEBUG 16904 --- [           main] c.s.S.SafetyNetAlertsApplication         : the constructor SafetyNetAlertsCatalog succeeded
2023-08-07T17:25:42.526+02:00  INFO 16904 --- [           main] c.s.S.SafetyNetAlertsControllerTest      : Started SafetyNetAlertsControllerTest in 0.426 seconds (process running for 10.872)
2023-08-07T17:25:42.533+02:00  INFO 16904 --- [           main] c.s.S.SafetyNetAlertsApplication         : creating for the mapping firestation/address about the following address "addressTest" has been posted
2023-08-07T17:25:42.534+02:00  INFO 16904 --- [           main] c.s.S.SafetyNetAlertsApplication         : The new mapping firestation/address about the following address "addressTest" has been created correctly
]]></system-out>
  </testcase>
  <testcase name="testGetEmailsFromCityShouldPass" classname="com.safetynet.SafetyNetAlerts.SafetyNetAlertsControllerTest" time="0.012">
    <system-out><![CDATA[
  .   ____          _            __ _ _
 /\\ / ___'_ __ _ _(_)_ __  __ _ \ \ \ \
( ( )\___ | '_ | '_| | '_ \/ _` | \ \ \ \
 \\/  ___)| |_)| | | | | || (_| |  ) ) ) )
  '  |____| .__|_| |_|_| |_\__, | / / / /
 =========|_|==============|___/=/_/_/_/
 :: Spring Boot ::                (v3.1.1)

2023-08-07T17:25:42.557+02:00  INFO 16904 --- [           main] c.s.S.SafetyNetAlertsControllerTest      : Starting SafetyNetAlertsControllerTest using Java 17.0.6 with PID 16904 (started by indov in C:\Users\indov\git\SafetyNetAlerts\SafetyNetAlerts)
2023-08-07T17:25:42.558+02:00 DEBUG 16904 --- [           main] c.s.S.SafetyNetAlertsControllerTest      : Running with Spring Boot v3.1.1, Spring v6.0.10
2023-08-07T17:25:42.558+02:00  INFO 16904 --- [           main] c.s.S.SafetyNetAlertsControllerTest      : No active profile set, falling back to 1 default profile: "default"
2023-08-07T17:25:42.704+02:00 DEBUG 16904 --- [           main] c.s.S.SafetyNetAlertsApplication         : copy the data file
2023-08-07T17:25:42.704+02:00 DEBUG 16904 --- [           main] c.s.S.SafetyNetAlertsApplication         : create a list of persons
2023-08-07T17:25:42.706+02:00 DEBUG 16904 --- [           main] c.s.S.SafetyNetAlertsApplication         : create a list of fire stations
2023-08-07T17:25:42.708+02:00 DEBUG 16904 --- [           main] c.s.S.SafetyNetAlertsApplication         : create a list of medical records
2023-08-07T17:25:42.712+02:00 DEBUG 16904 --- [           main] c.s.S.SafetyNetAlertsApplication         : the constructor SafetyNetAlertsCatalog succeeded
2023-08-07T17:25:42.811+02:00  INFO 16904 --- [           main] c.s.S.SafetyNetAlertsControllerTest      : Started SafetyNetAlertsControllerTest in 0.271 seconds (process running for 11.156)
2023-08-07T17:25:42.816+02:00  INFO 16904 --- [           main] c.s.S.SafetyNetAlertsApplication         : request the list of emails from persons living in Culver
2023-08-07T17:25:42.817+02:00 DEBUG 16904 --- [           main] c.s.S.SafetyNetAlertsApplication         : get the list of persons
2023-08-07T17:25:42.817+02:00  INFO 16904 --- [           main] c.s.S.SafetyNetAlertsApplication         : response with 15 email(s) from persons living in Culver
]]></system-out>
  </testcase>
  <testcase name="testGetPersonsWithFireStationFromAddressWithoutParameterShouldFail" classname="com.safetynet.SafetyNetAlerts.SafetyNetAlertsControllerTest" time="0.01">
    <system-out><![CDATA[
  .   ____          _            __ _ _
 /\\ / ___'_ __ _ _(_)_ __  __ _ \ \ \ \
( ( )\___ | '_ | '_| | '_ \/ _` | \ \ \ \
 \\/  ___)| |_)| | | | | || (_| |  ) ) ) )
  '  |____| .__|_| |_|_| |_\__, | / / / /
 =========|_|==============|___/=/_/_/_/
 :: Spring Boot ::                (v3.1.1)

2023-08-07T17:25:42.844+02:00  INFO 16904 --- [           main] c.s.S.SafetyNetAlertsControllerTest      : Starting SafetyNetAlertsControllerTest using Java 17.0.6 with PID 16904 (started by indov in C:\Users\indov\git\SafetyNetAlerts\SafetyNetAlerts)
2023-08-07T17:25:42.844+02:00 DEBUG 16904 --- [           main] c.s.S.SafetyNetAlertsControllerTest      : Running with Spring Boot v3.1.1, Spring v6.0.10
2023-08-07T17:25:42.845+02:00  INFO 16904 --- [           main] c.s.S.SafetyNetAlertsControllerTest      : No active profile set, falling back to 1 default profile: "default"
2023-08-07T17:25:43.039+02:00 DEBUG 16904 --- [           main] c.s.S.SafetyNetAlertsApplication         : copy the data file
2023-08-07T17:25:43.039+02:00 DEBUG 16904 --- [           main] c.s.S.SafetyNetAlertsApplication         : create a list of persons
2023-08-07T17:25:43.040+02:00 DEBUG 16904 --- [           main] c.s.S.SafetyNetAlertsApplication         : create a list of fire stations
2023-08-07T17:25:43.041+02:00 DEBUG 16904 --- [           main] c.s.S.SafetyNetAlertsApplication         : create a list of medical records
2023-08-07T17:25:43.042+02:00 DEBUG 16904 --- [           main] c.s.S.SafetyNetAlertsApplication         : the constructor SafetyNetAlertsCatalog succeeded
2023-08-07T17:25:43.127+02:00  INFO 16904 --- [           main] c.s.S.SafetyNetAlertsControllerTest      : Started SafetyNetAlertsControllerTest in 0.301 seconds (process running for 11.473)
]]></system-out>
  </testcase>
  <testcase name="testDeletePersonShouldPass" classname="com.safetynet.SafetyNetAlerts.SafetyNetAlertsControllerTest" time="0.01">
    <system-out><![CDATA[
  .   ____          _            __ _ _
 /\\ / ___'_ __ _ _(_)_ __  __ _ \ \ \ \
( ( )\___ | '_ | '_| | '_ \/ _` | \ \ \ \
 \\/  ___)| |_)| | | | | || (_| |  ) ) ) )
  '  |____| .__|_| |_|_| |_\__, | / / / /
 =========|_|==============|___/=/_/_/_/
 :: Spring Boot ::                (v3.1.1)

2023-08-07T17:25:43.157+02:00  INFO 16904 --- [           main] c.s.S.SafetyNetAlertsControllerTest      : Starting SafetyNetAlertsControllerTest using Java 17.0.6 with PID 16904 (started by indov in C:\Users\indov\git\SafetyNetAlerts\SafetyNetAlerts)
2023-08-07T17:25:43.158+02:00 DEBUG 16904 --- [           main] c.s.S.SafetyNetAlertsControllerTest      : Running with Spring Boot v3.1.1, Spring v6.0.10
2023-08-07T17:25:43.158+02:00  INFO 16904 --- [           main] c.s.S.SafetyNetAlertsControllerTest      : No active profile set, falling back to 1 default profile: "default"
2023-08-07T17:25:43.278+02:00 DEBUG 16904 --- [           main] c.s.S.SafetyNetAlertsApplication         : copy the data file
2023-08-07T17:25:43.279+02:00 DEBUG 16904 --- [           main] c.s.S.SafetyNetAlertsApplication         : create a list of persons
2023-08-07T17:25:43.280+02:00 DEBUG 16904 --- [           main] c.s.S.SafetyNetAlertsApplication         : create a list of fire stations
2023-08-07T17:25:43.281+02:00 DEBUG 16904 --- [           main] c.s.S.SafetyNetAlertsApplication         : create a list of medical records
2023-08-07T17:25:43.283+02:00 DEBUG 16904 --- [           main] c.s.S.SafetyNetAlertsApplication         : the constructor SafetyNetAlertsCatalog succeeded
2023-08-07T17:25:43.381+02:00  INFO 16904 --- [           main] c.s.S.SafetyNetAlertsControllerTest      : Started SafetyNetAlertsControllerTest in 0.24 seconds (process running for 11.726)
2023-08-07T17:25:43.389+02:00  INFO 16904 --- [           main] c.s.S.SafetyNetAlertsApplication         : request a deletion for the person named John Boyd
2023-08-07T17:25:43.389+02:00  INFO 16904 --- [           main] c.s.S.SafetyNetAlertsApplication         : The person named John Boyd has been deleted correctly
]]></system-out>
  </testcase>
  <testcase name="testUpdateFirestationWithAddressUnknownShouldFail" classname="com.safetynet.SafetyNetAlerts.SafetyNetAlertsControllerTest" time="0.008">
    <system-out><![CDATA[
  .   ____          _            __ _ _
 /\\ / ___'_ __ _ _(_)_ __  __ _ \ \ \ \
( ( )\___ | '_ | '_| | '_ \/ _` | \ \ \ \
 \\/  ___)| |_)| | | | | || (_| |  ) ) ) )
  '  |____| .__|_| |_|_| |_\__, | / / / /
 =========|_|==============|___/=/_/_/_/
 :: Spring Boot ::                (v3.1.1)

2023-08-07T17:25:43.428+02:00  INFO 16904 --- [           main] c.s.S.SafetyNetAlertsControllerTest      : Starting SafetyNetAlertsControllerTest using Java 17.0.6 with PID 16904 (started by indov in C:\Users\indov\git\SafetyNetAlerts\SafetyNetAlerts)
2023-08-07T17:25:43.429+02:00 DEBUG 16904 --- [           main] c.s.S.SafetyNetAlertsControllerTest      : Running with Spring Boot v3.1.1, Spring v6.0.10
2023-08-07T17:25:43.429+02:00  INFO 16904 --- [           main] c.s.S.SafetyNetAlertsControllerTest      : No active profile set, falling back to 1 default profile: "default"
2023-08-07T17:25:43.591+02:00 DEBUG 16904 --- [           main] c.s.S.SafetyNetAlertsApplication         : copy the data file
2023-08-07T17:25:43.592+02:00 DEBUG 16904 --- [           main] c.s.S.SafetyNetAlertsApplication         : create a list of persons
2023-08-07T17:25:43.593+02:00 DEBUG 16904 --- [           main] c.s.S.SafetyNetAlertsApplication         : create a list of fire stations
2023-08-07T17:25:43.594+02:00 DEBUG 16904 --- [           main] c.s.S.SafetyNetAlertsApplication         : create a list of medical records
2023-08-07T17:25:43.596+02:00 DEBUG 16904 --- [           main] c.s.S.SafetyNetAlertsApplication         : the constructor SafetyNetAlertsCatalog succeeded
2023-08-07T17:25:43.686+02:00  INFO 16904 --- [           main] c.s.S.SafetyNetAlertsControllerTest      : Started SafetyNetAlertsControllerTest in 0.291 seconds (process running for 12.032)
2023-08-07T17:25:43.693+02:00  INFO 16904 --- [           main] c.s.S.SafetyNetAlertsApplication         : request an update for the mapping firestation/address about the following address "addressUnknown"
2023-08-07T17:25:43.694+02:00 ERROR 16904 --- [           main] c.s.S.SafetyNetAlertsApplication         : the following address "addressUnknown" about this mapping doesn't exist in our system
]]></system-out>
  </testcase>
  <testcase name="testDeleteFirestationWithoutBodyShouldFail" classname="com.safetynet.SafetyNetAlerts.SafetyNetAlertsControllerTest" time="0.009">
    <system-out><![CDATA[
  .   ____          _            __ _ _
 /\\ / ___'_ __ _ _(_)_ __  __ _ \ \ \ \
( ( )\___ | '_ | '_| | '_ \/ _` | \ \ \ \
 \\/  ___)| |_)| | | | | || (_| |  ) ) ) )
  '  |____| .__|_| |_|_| |_\__, | / / / /
 =========|_|==============|___/=/_/_/_/
 :: Spring Boot ::                (v3.1.1)

2023-08-07T17:25:43.713+02:00  INFO 16904 --- [           main] c.s.S.SafetyNetAlertsControllerTest      : Starting SafetyNetAlertsControllerTest using Java 17.0.6 with PID 16904 (started by indov in C:\Users\indov\git\SafetyNetAlerts\SafetyNetAlerts)
2023-08-07T17:25:43.713+02:00 DEBUG 16904 --- [           main] c.s.S.SafetyNetAlertsControllerTest      : Running with Spring Boot v3.1.1, Spring v6.0.10
2023-08-07T17:25:43.713+02:00  INFO 16904 --- [           main] c.s.S.SafetyNetAlertsControllerTest      : No active profile set, falling back to 1 default profile: "default"
2023-08-07T17:25:43.821+02:00 DEBUG 16904 --- [           main] c.s.S.SafetyNetAlertsApplication         : copy the data file
2023-08-07T17:25:43.822+02:00 DEBUG 16904 --- [           main] c.s.S.SafetyNetAlertsApplication         : create a list of persons
2023-08-07T17:25:43.823+02:00 DEBUG 16904 --- [           main] c.s.S.SafetyNetAlertsApplication         : create a list of fire stations
2023-08-07T17:25:43.824+02:00 DEBUG 16904 --- [           main] c.s.S.SafetyNetAlertsApplication         : create a list of medical records
2023-08-07T17:25:43.825+02:00 DEBUG 16904 --- [           main] c.s.S.SafetyNetAlertsApplication         : the constructor SafetyNetAlertsCatalog succeeded
2023-08-07T17:25:43.903+02:00  INFO 16904 --- [           main] c.s.S.SafetyNetAlertsControllerTest      : Started SafetyNetAlertsControllerTest in 0.204 seconds (process running for 12.248)
]]></system-out>
  </testcase>
  <testcase name="testGetPersonsWithCounterFromStationShouldPass" classname="com.safetynet.SafetyNetAlerts.SafetyNetAlertsControllerTest" time="0.024">
    <system-out><![CDATA[
  .   ____          _            __ _ _
 /\\ / ___'_ __ _ _(_)_ __  __ _ \ \ \ \
( ( )\___ | '_ | '_| | '_ \/ _` | \ \ \ \
 \\/  ___)| |_)| | | | | || (_| |  ) ) ) )
  '  |____| .__|_| |_|_| |_\__, | / / / /
 =========|_|==============|___/=/_/_/_/
 :: Spring Boot ::                (v3.1.1)

2023-08-07T17:25:43.945+02:00  INFO 16904 --- [           main] c.s.S.SafetyNetAlertsControllerTest      : Starting SafetyNetAlertsControllerTest using Java 17.0.6 with PID 16904 (started by indov in C:\Users\indov\git\SafetyNetAlerts\SafetyNetAlerts)
2023-08-07T17:25:43.945+02:00 DEBUG 16904 --- [           main] c.s.S.SafetyNetAlertsControllerTest      : Running with Spring Boot v3.1.1, Spring v6.0.10
2023-08-07T17:25:43.945+02:00  INFO 16904 --- [           main] c.s.S.SafetyNetAlertsControllerTest      : No active profile set, falling back to 1 default profile: "default"
2023-08-07T17:25:44.103+02:00 DEBUG 16904 --- [           main] c.s.S.SafetyNetAlertsApplication         : copy the data file
2023-08-07T17:25:44.104+02:00 DEBUG 16904 --- [           main] c.s.S.SafetyNetAlertsApplication         : create a list of persons
2023-08-07T17:25:44.106+02:00 DEBUG 16904 --- [           main] c.s.S.SafetyNetAlertsApplication         : create a list of fire stations
2023-08-07T17:25:44.109+02:00 DEBUG 16904 --- [           main] c.s.S.SafetyNetAlertsApplication         : create a list of medical records
2023-08-07T17:25:44.112+02:00 DEBUG 16904 --- [           main] c.s.S.SafetyNetAlertsApplication         : the constructor SafetyNetAlertsCatalog succeeded
2023-08-07T17:25:44.222+02:00  INFO 16904 --- [           main] c.s.S.SafetyNetAlertsControllerTest      : Started SafetyNetAlertsControllerTest in 0.304 seconds (process running for 12.567)
2023-08-07T17:25:44.226+02:00  INFO 16904 --- [           main] c.s.S.SafetyNetAlertsApplication         : request a counter of adults and children from the list of persons living near by the fireStation number 3
2023-08-07T17:25:44.226+02:00 DEBUG 16904 --- [           main] c.s.S.SafetyNetAlertsApplication         : get the list of fireStations
2023-08-07T17:25:44.226+02:00 DEBUG 16904 --- [           main] c.s.S.SafetyNetAlertsApplication         : get the list of addresses that are covered by the fireStation number 3
2023-08-07T17:25:44.226+02:00 DEBUG 16904 --- [           main] c.s.S.SafetyNetAlertsApplication         : get the list of persons
2023-08-07T17:25:44.226+02:00 DEBUG 16904 --- [           main] c.s.S.SafetyNetAlertsApplication         : get the list of medical records
2023-08-07T17:25:44.227+02:00 DEBUG 16904 --- [           main] c.s.S.SafetyNetAlertsApplication         : the person named John Boyd is 39 years old
2023-08-07T17:25:44.227+02:00 DEBUG 16904 --- [           main] c.s.S.SafetyNetAlertsApplication         : the person named John Boyd is allergic to [nillacilan]
2023-08-07T17:25:44.227+02:00 DEBUG 16904 --- [           main] c.s.S.SafetyNetAlertsApplication         : the person named John Boyd is taking the following medications [aznol:350mg, hydrapermazol:100mg]
2023-08-07T17:25:44.227+02:00 DEBUG 16904 --- [           main] c.s.S.SafetyNetAlertsApplication         : get the list of medical records
2023-08-07T17:25:44.227+02:00 DEBUG 16904 --- [           main] c.s.S.SafetyNetAlertsApplication         : the person named Jacob Boyd is 34 years old
2023-08-07T17:25:44.227+02:00 DEBUG 16904 --- [           main] c.s.S.SafetyNetAlertsApplication         : the person named Jacob Boyd is allergic to []
2023-08-07T17:25:44.228+02:00 DEBUG 16904 --- [           main] c.s.S.SafetyNetAlertsApplication         : the person named Jacob Boyd is taking the following medications [pharmacol:5000mg, terazine:10mg, noznazol:250mg]
2023-08-07T17:25:44.229+02:00 DEBUG 16904 --- [           main] c.s.S.SafetyNetAlertsApplication         : get the list of medical records
2023-08-07T17:25:44.229+02:00 DEBUG 16904 --- [           main] c.s.S.SafetyNetAlertsApplication         : the person named Tenley Boyd is 11 years old
2023-08-07T17:25:44.229+02:00 DEBUG 16904 --- [           main] c.s.S.SafetyNetAlertsApplication         : the person named Tenley Boyd is allergic to [peanut]
2023-08-07T17:25:44.229+02:00 DEBUG 16904 --- [           main] c.s.S.SafetyNetAlertsApplication         : the person named Tenley Boyd is taking the following medications []
2023-08-07T17:25:44.230+02:00 DEBUG 16904 --- [           main] c.s.S.SafetyNetAlertsApplication         : get the list of medical records
2023-08-07T17:25:44.230+02:00 DEBUG 16904 --- [           main] c.s.S.SafetyNetAlertsApplication         : the person named Roger Boyd is 5 years old
2023-08-07T17:25:44.230+02:00 DEBUG 16904 --- [           main] c.s.S.SafetyNetAlertsApplication         : the person named Roger Boyd is allergic to []
2023-08-07T17:25:44.230+02:00 DEBUG 16904 --- [           main] c.s.S.SafetyNetAlertsApplication         : the person named Roger Boyd is taking the following medications []
2023-08-07T17:25:44.231+02:00 DEBUG 16904 --- [           main] c.s.S.SafetyNetAlertsApplication         : get the list of medical records
2023-08-07T17:25:44.231+02:00 DEBUG 16904 --- [           main] c.s.S.SafetyNetAlertsApplication         : the person named Felicia Boyd is 37 years old
2023-08-07T17:25:44.231+02:00 DEBUG 16904 --- [           main] c.s.S.SafetyNetAlertsApplication         : the person named Felicia Boyd is allergic to [xilliathal]
2023-08-07T17:25:44.231+02:00 DEBUG 16904 --- [           main] c.s.S.SafetyNetAlertsApplication         : the person named Felicia Boyd is taking the following medications [tetracyclaz:650mg]
2023-08-07T17:25:44.231+02:00 DEBUG 16904 --- [           main] c.s.S.SafetyNetAlertsApplication         : get the list of medical records
2023-08-07T17:25:44.231+02:00 DEBUG 16904 --- [           main] c.s.S.SafetyNetAlertsApplication         : the person named Tessa Carman is 11 years old
2023-08-07T17:25:44.231+02:00 DEBUG 16904 --- [           main] c.s.S.SafetyNetAlertsApplication         : the person named Tessa Carman is allergic to []
2023-08-07T17:25:44.232+02:00 DEBUG 16904 --- [           main] c.s.S.SafetyNetAlertsApplication         : the person named Tessa Carman is taking the following medications []
2023-08-07T17:25:44.232+02:00 DEBUG 16904 --- [           main] c.s.S.SafetyNetAlertsApplication         : get the list of medical records
2023-08-07T17:25:44.232+02:00 DEBUG 16904 --- [           main] c.s.S.SafetyNetAlertsApplication         : the person named Foster Shepard is 43 years old
2023-08-07T17:25:44.232+02:00 DEBUG 16904 --- [           main] c.s.S.SafetyNetAlertsApplication         : the person named Foster Shepard is allergic to []
2023-08-07T17:25:44.233+02:00 DEBUG 16904 --- [           main] c.s.S.SafetyNetAlertsApplication         : the person named Foster Shepard is taking the following medications []
2023-08-07T17:25:44.234+02:00 DEBUG 16904 --- [           main] c.s.S.SafetyNetAlertsApplication         : get the list of medical records
2023-08-07T17:25:44.234+02:00 DEBUG 16904 --- [           main] c.s.S.SafetyNetAlertsApplication         : the person named Tony Cooper is 29 years old
2023-08-07T17:25:44.234+02:00 DEBUG 16904 --- [           main] c.s.S.SafetyNetAlertsApplication         : the person named Tony Cooper is allergic to [shellfish]
2023-08-07T17:25:44.234+02:00 DEBUG 16904 --- [           main] c.s.S.SafetyNetAlertsApplication         : the person named Tony Cooper is taking the following medications [hydrapermazol:300mg, dodoxadin:30mg]
2023-08-07T17:25:44.234+02:00 DEBUG 16904 --- [           main] c.s.S.SafetyNetAlertsApplication         : get the list of medical records
2023-08-07T17:25:44.234+02:00 DEBUG 16904 --- [           main] c.s.S.SafetyNetAlertsApplication         : the person named Ron Peters is 58 years old
2023-08-07T17:25:44.234+02:00 DEBUG 16904 --- [           main] c.s.S.SafetyNetAlertsApplication         : the person named Ron Peters is allergic to []
2023-08-07T17:25:44.234+02:00 DEBUG 16904 --- [           main] c.s.S.SafetyNetAlertsApplication         : the person named Ron Peters is taking the following medications []
2023-08-07T17:25:44.234+02:00 DEBUG 16904 --- [           main] c.s.S.SafetyNetAlertsApplication         : get the list of medical records
2023-08-07T17:25:44.234+02:00 DEBUG 16904 --- [           main] c.s.S.SafetyNetAlertsApplication         : the person named Allison Boyd is 58 years old
2023-08-07T17:25:44.235+02:00 DEBUG 16904 --- [           main] c.s.S.SafetyNetAlertsApplication         : the person named Allison Boyd is allergic to [nillacilan]
2023-08-07T17:25:44.235+02:00 DEBUG 16904 --- [           main] c.s.S.SafetyNetAlertsApplication         : the person named Allison Boyd is taking the following medications [aznol:200mg]
2023-08-07T17:25:44.235+02:00 DEBUG 16904 --- [           main] c.s.S.SafetyNetAlertsApplication         : get the list of medical records
2023-08-07T17:25:44.235+02:00 DEBUG 16904 --- [           main] c.s.S.SafetyNetAlertsApplication         : the person named Clive Ferguson is 29 years old
2023-08-07T17:25:44.236+02:00 DEBUG 16904 --- [           main] c.s.S.SafetyNetAlertsApplication         : the person named Clive Ferguson is allergic to []
2023-08-07T17:25:44.236+02:00 DEBUG 16904 --- [           main] c.s.S.SafetyNetAlertsApplication         : the person named Clive Ferguson is taking the following medications []
2023-08-07T17:25:44.236+02:00  INFO 16904 --- [           main] c.s.S.SafetyNetAlertsApplication         : response with 11 person(s) living near by the fireStation number 3 with 3 child(ren) and 8 adult(s)
]]></system-out>
  </testcase>
  <testcase name="testUpdatePersonShouldPass" classname="com.safetynet.SafetyNetAlerts.SafetyNetAlertsControllerTest" time="0.009">
    <system-out><![CDATA[
  .   ____          _            __ _ _
 /\\ / ___'_ __ _ _(_)_ __  __ _ \ \ \ \
( ( )\___ | '_ | '_| | '_ \/ _` | \ \ \ \
 \\/  ___)| |_)| | | | | || (_| |  ) ) ) )
  '  |____| .__|_| |_|_| |_\__, | / / / /
 =========|_|==============|___/=/_/_/_/
 :: Spring Boot ::                (v3.1.1)

2023-08-07T17:25:44.271+02:00  INFO 16904 --- [           main] c.s.S.SafetyNetAlertsControllerTest      : Starting SafetyNetAlertsControllerTest using Java 17.0.6 with PID 16904 (started by indov in C:\Users\indov\git\SafetyNetAlerts\SafetyNetAlerts)
2023-08-07T17:25:44.272+02:00 DEBUG 16904 --- [           main] c.s.S.SafetyNetAlertsControllerTest      : Running with Spring Boot v3.1.1, Spring v6.0.10
2023-08-07T17:25:44.272+02:00  INFO 16904 --- [           main] c.s.S.SafetyNetAlertsControllerTest      : No active profile set, falling back to 1 default profile: "default"
2023-08-07T17:25:44.374+02:00 DEBUG 16904 --- [           main] c.s.S.SafetyNetAlertsApplication         : copy the data file
2023-08-07T17:25:44.375+02:00 DEBUG 16904 --- [           main] c.s.S.SafetyNetAlertsApplication         : create a list of persons
2023-08-07T17:25:44.376+02:00 DEBUG 16904 --- [           main] c.s.S.SafetyNetAlertsApplication         : create a list of fire stations
2023-08-07T17:25:44.377+02:00 DEBUG 16904 --- [           main] c.s.S.SafetyNetAlertsApplication         : create a list of medical records
2023-08-07T17:25:44.378+02:00 DEBUG 16904 --- [           main] c.s.S.SafetyNetAlertsApplication         : the constructor SafetyNetAlertsCatalog succeeded
2023-08-07T17:25:44.451+02:00  INFO 16904 --- [           main] c.s.S.SafetyNetAlertsControllerTest      : Started SafetyNetAlertsControllerTest in 0.2 seconds (process running for 12.796)
2023-08-07T17:25:44.456+02:00  INFO 16904 --- [           main] c.s.S.SafetyNetAlertsApplication         : request an update for the person named John Boyd
2023-08-07T17:25:44.458+02:00  INFO 16904 --- [           main] c.s.S.SafetyNetAlertsApplication         : The person named John Boyd has been updated correctly
]]></system-out>
  </testcase>
  <testcase name="testCreatePersonWithoutBodyShouldFail" classname="com.safetynet.SafetyNetAlerts.SafetyNetAlertsControllerTest" time="0.008">
    <system-out><![CDATA[
  .   ____          _            __ _ _
 /\\ / ___'_ __ _ _(_)_ __  __ _ \ \ \ \
( ( )\___ | '_ | '_| | '_ \/ _` | \ \ \ \
 \\/  ___)| |_)| | | | | || (_| |  ) ) ) )
  '  |____| .__|_| |_|_| |_\__, | / / / /
 =========|_|==============|___/=/_/_/_/
 :: Spring Boot ::                (v3.1.1)

2023-08-07T17:25:44.566+02:00  INFO 16904 --- [           main] c.s.S.SafetyNetAlertsControllerTest      : Starting SafetyNetAlertsControllerTest using Java 17.0.6 with PID 16904 (started by indov in C:\Users\indov\git\SafetyNetAlerts\SafetyNetAlerts)
2023-08-07T17:25:44.604+02:00 DEBUG 16904 --- [           main] c.s.S.SafetyNetAlertsControllerTest      : Running with Spring Boot v3.1.1, Spring v6.0.10
2023-08-07T17:25:44.611+02:00  INFO 16904 --- [           main] c.s.S.SafetyNetAlertsControllerTest      : No active profile set, falling back to 1 default profile: "default"
2023-08-07T17:25:44.793+02:00 DEBUG 16904 --- [           main] c.s.S.SafetyNetAlertsApplication         : copy the data file
2023-08-07T17:25:44.793+02:00 DEBUG 16904 --- [           main] c.s.S.SafetyNetAlertsApplication         : create a list of persons
2023-08-07T17:25:44.796+02:00 DEBUG 16904 --- [           main] c.s.S.SafetyNetAlertsApplication         : create a list of fire stations
2023-08-07T17:25:44.797+02:00 DEBUG 16904 --- [           main] c.s.S.SafetyNetAlertsApplication         : create a list of medical records
2023-08-07T17:25:44.798+02:00 DEBUG 16904 --- [           main] c.s.S.SafetyNetAlertsApplication         : the constructor SafetyNetAlertsCatalog succeeded
2023-08-07T17:25:44.864+02:00  INFO 16904 --- [           main] c.s.S.SafetyNetAlertsControllerTest      : Started SafetyNetAlertsControllerTest in 0.389 seconds (process running for 13.209)
]]></system-out>
  </testcase>
  <testcase name="testDeletePersonWithIncompleteBodyShouldFail" classname="com.safetynet.SafetyNetAlerts.SafetyNetAlertsControllerTest" time="0.011">
    <system-out><![CDATA[
  .   ____          _            __ _ _
 /\\ / ___'_ __ _ _(_)_ __  __ _ \ \ \ \
( ( )\___ | '_ | '_| | '_ \/ _` | \ \ \ \
 \\/  ___)| |_)| | | | | || (_| |  ) ) ) )
  '  |____| .__|_| |_|_| |_\__, | / / / /
 =========|_|==============|___/=/_/_/_/
 :: Spring Boot ::                (v3.1.1)

2023-08-07T17:25:44.890+02:00  INFO 16904 --- [           main] c.s.S.SafetyNetAlertsControllerTest      : Starting SafetyNetAlertsControllerTest using Java 17.0.6 with PID 16904 (started by indov in C:\Users\indov\git\SafetyNetAlerts\SafetyNetAlerts)
2023-08-07T17:25:44.890+02:00 DEBUG 16904 --- [           main] c.s.S.SafetyNetAlertsControllerTest      : Running with Spring Boot v3.1.1, Spring v6.0.10
2023-08-07T17:25:44.890+02:00  INFO 16904 --- [           main] c.s.S.SafetyNetAlertsControllerTest      : No active profile set, falling back to 1 default profile: "default"
2023-08-07T17:25:44.968+02:00 DEBUG 16904 --- [           main] c.s.S.SafetyNetAlertsApplication         : copy the data file
2023-08-07T17:25:44.969+02:00 DEBUG 16904 --- [           main] c.s.S.SafetyNetAlertsApplication         : create a list of persons
2023-08-07T17:25:44.971+02:00 DEBUG 16904 --- [           main] c.s.S.SafetyNetAlertsApplication         : create a list of fire stations
2023-08-07T17:25:44.972+02:00 DEBUG 16904 --- [           main] c.s.S.SafetyNetAlertsApplication         : create a list of medical records
2023-08-07T17:25:44.974+02:00 DEBUG 16904 --- [           main] c.s.S.SafetyNetAlertsApplication         : the constructor SafetyNetAlertsCatalog succeeded
2023-08-07T17:25:45.027+02:00  INFO 16904 --- [           main] c.s.S.SafetyNetAlertsControllerTest      : Started SafetyNetAlertsControllerTest in 0.153 seconds (process running for 13.373)
]]></system-out>
  </testcase>
  <testcase name="testUpdateFirestationWithoutBodyShouldFail" classname="com.safetynet.SafetyNetAlerts.SafetyNetAlertsControllerTest" time="0.006">
    <system-out><![CDATA[
  .   ____          _            __ _ _
 /\\ / ___'_ __ _ _(_)_ __  __ _ \ \ \ \
( ( )\___ | '_ | '_| | '_ \/ _` | \ \ \ \
 \\/  ___)| |_)| | | | | || (_| |  ) ) ) )
  '  |____| .__|_| |_|_| |_\__, | / / / /
 =========|_|==============|___/=/_/_/_/
 :: Spring Boot ::                (v3.1.1)

2023-08-07T17:25:45.058+02:00  INFO 16904 --- [           main] c.s.S.SafetyNetAlertsControllerTest      : Starting SafetyNetAlertsControllerTest using Java 17.0.6 with PID 16904 (started by indov in C:\Users\indov\git\SafetyNetAlerts\SafetyNetAlerts)
2023-08-07T17:25:45.058+02:00 DEBUG 16904 --- [           main] c.s.S.SafetyNetAlertsControllerTest      : Running with Spring Boot v3.1.1, Spring v6.0.10
2023-08-07T17:25:45.058+02:00  INFO 16904 --- [           main] c.s.S.SafetyNetAlertsControllerTest      : No active profile set, falling back to 1 default profile: "default"
2023-08-07T17:25:45.140+02:00 DEBUG 16904 --- [           main] c.s.S.SafetyNetAlertsApplication         : copy the data file
2023-08-07T17:25:45.141+02:00 DEBUG 16904 --- [           main] c.s.S.SafetyNetAlertsApplication         : create a list of persons
2023-08-07T17:25:45.142+02:00 DEBUG 16904 --- [           main] c.s.S.SafetyNetAlertsApplication         : create a list of fire stations
2023-08-07T17:25:45.143+02:00 DEBUG 16904 --- [           main] c.s.S.SafetyNetAlertsApplication         : create a list of medical records
2023-08-07T17:25:45.145+02:00 DEBUG 16904 --- [           main] c.s.S.SafetyNetAlertsApplication         : the constructor SafetyNetAlertsCatalog succeeded
2023-08-07T17:25:45.212+02:00  INFO 16904 --- [           main] c.s.S.SafetyNetAlertsControllerTest      : Started SafetyNetAlertsControllerTest in 0.169 seconds (process running for 13.558)
]]></system-out>
  </testcase>
  <testcase name="testUpdateMedicalRecordShouldPass" classname="com.safetynet.SafetyNetAlerts.SafetyNetAlertsControllerTest" time="0.018">
    <system-out><![CDATA[
  .   ____          _            __ _ _
 /\\ / ___'_ __ _ _(_)_ __  __ _ \ \ \ \
( ( )\___ | '_ | '_| | '_ \/ _` | \ \ \ \
 \\/  ___)| |_)| | | | | || (_| |  ) ) ) )
  '  |____| .__|_| |_|_| |_\__, | / / / /
 =========|_|==============|___/=/_/_/_/
 :: Spring Boot ::                (v3.1.1)

2023-08-07T17:25:45.259+02:00  INFO 16904 --- [           main] c.s.S.SafetyNetAlertsControllerTest      : Starting SafetyNetAlertsControllerTest using Java 17.0.6 with PID 16904 (started by indov in C:\Users\indov\git\SafetyNetAlerts\SafetyNetAlerts)
2023-08-07T17:25:45.260+02:00 DEBUG 16904 --- [           main] c.s.S.SafetyNetAlertsControllerTest      : Running with Spring Boot v3.1.1, Spring v6.0.10
2023-08-07T17:25:45.260+02:00  INFO 16904 --- [           main] c.s.S.SafetyNetAlertsControllerTest      : No active profile set, falling back to 1 default profile: "default"
2023-08-07T17:25:45.340+02:00 DEBUG 16904 --- [           main] c.s.S.SafetyNetAlertsApplication         : copy the data file
2023-08-07T17:25:45.340+02:00 DEBUG 16904 --- [           main] c.s.S.SafetyNetAlertsApplication         : create a list of persons
2023-08-07T17:25:45.342+02:00 DEBUG 16904 --- [           main] c.s.S.SafetyNetAlertsApplication         : create a list of fire stations
2023-08-07T17:25:45.342+02:00 DEBUG 16904 --- [           main] c.s.S.SafetyNetAlertsApplication         : create a list of medical records
2023-08-07T17:25:45.343+02:00 DEBUG 16904 --- [           main] c.s.S.SafetyNetAlertsApplication         : the constructor SafetyNetAlertsCatalog succeeded
2023-08-07T17:25:45.465+02:00  INFO 16904 --- [           main] c.s.S.SafetyNetAlertsControllerTest      : Started SafetyNetAlertsControllerTest in 0.233 seconds (process running for 13.811)
2023-08-07T17:25:45.475+02:00  INFO 16904 --- [           main] c.s.S.SafetyNetAlertsApplication         : request an update for the medical record about the person named John Boyd
2023-08-07T17:25:45.480+02:00  INFO 16904 --- [           main] c.s.S.SafetyNetAlertsApplication         : The medical record about the person named John Boyd has been updated correctly
]]></system-out>
  </testcase>
  <testcase name="testUpdatePersonWithIncompleteBodyShouldFail" classname="com.safetynet.SafetyNetAlerts.SafetyNetAlertsControllerTest" time="0.007">
    <system-out><![CDATA[
  .   ____          _            __ _ _
 /\\ / ___'_ __ _ _(_)_ __  __ _ \ \ \ \
( ( )\___ | '_ | '_| | '_ \/ _` | \ \ \ \
 \\/  ___)| |_)| | | | | || (_| |  ) ) ) )
  '  |____| .__|_| |_|_| |_\__, | / / / /
 =========|_|==============|___/=/_/_/_/
 :: Spring Boot ::                (v3.1.1)

2023-08-07T17:25:45.510+02:00  INFO 16904 --- [           main] c.s.S.SafetyNetAlertsControllerTest      : Starting SafetyNetAlertsControllerTest using Java 17.0.6 with PID 16904 (started by indov in C:\Users\indov\git\SafetyNetAlerts\SafetyNetAlerts)
2023-08-07T17:25:45.510+02:00 DEBUG 16904 --- [           main] c.s.S.SafetyNetAlertsControllerTest      : Running with Spring Boot v3.1.1, Spring v6.0.10
2023-08-07T17:25:45.510+02:00  INFO 16904 --- [           main] c.s.S.SafetyNetAlertsControllerTest      : No active profile set, falling back to 1 default profile: "default"
2023-08-07T17:25:45.606+02:00 DEBUG 16904 --- [           main] c.s.S.SafetyNetAlertsApplication         : copy the data file
2023-08-07T17:25:45.606+02:00 DEBUG 16904 --- [           main] c.s.S.SafetyNetAlertsApplication         : create a list of persons
2023-08-07T17:25:45.607+02:00 DEBUG 16904 --- [           main] c.s.S.SafetyNetAlertsApplication         : create a list of fire stations
2023-08-07T17:25:45.607+02:00 DEBUG 16904 --- [           main] c.s.S.SafetyNetAlertsApplication         : create a list of medical records
2023-08-07T17:25:45.608+02:00 DEBUG 16904 --- [           main] c.s.S.SafetyNetAlertsApplication         : the constructor SafetyNetAlertsCatalog succeeded
2023-08-07T17:25:45.663+02:00  INFO 16904 --- [           main] c.s.S.SafetyNetAlertsControllerTest      : Started SafetyNetAlertsControllerTest in 0.175 seconds (process running for 14.009)
2023-08-07T17:25:45.669+02:00 ERROR 16904 --- [           main] c.s.S.SafetyNetAlertsApplication         : All the parameters are required
]]></system-out>
  </testcase>
  <testcase name="testDeletePersonWithoutBodyShouldFail" classname="com.safetynet.SafetyNetAlerts.SafetyNetAlertsControllerTest" time="0.004">
    <system-out><![CDATA[
  .   ____          _            __ _ _
 /\\ / ___'_ __ _ _(_)_ __  __ _ \ \ \ \
( ( )\___ | '_ | '_| | '_ \/ _` | \ \ \ \
 \\/  ___)| |_)| | | | | || (_| |  ) ) ) )
  '  |____| .__|_| |_|_| |_\__, | / / / /
 =========|_|==============|___/=/_/_/_/
 :: Spring Boot ::                (v3.1.1)

2023-08-07T17:25:45.695+02:00  INFO 16904 --- [           main] c.s.S.SafetyNetAlertsControllerTest      : Starting SafetyNetAlertsControllerTest using Java 17.0.6 with PID 16904 (started by indov in C:\Users\indov\git\SafetyNetAlerts\SafetyNetAlerts)
2023-08-07T17:25:45.695+02:00 DEBUG 16904 --- [           main] c.s.S.SafetyNetAlertsControllerTest      : Running with Spring Boot v3.1.1, Spring v6.0.10
2023-08-07T17:25:45.695+02:00  INFO 16904 --- [           main] c.s.S.SafetyNetAlertsControllerTest      : No active profile set, falling back to 1 default profile: "default"
2023-08-07T17:25:45.780+02:00 DEBUG 16904 --- [           main] c.s.S.SafetyNetAlertsApplication         : copy the data file
2023-08-07T17:25:45.781+02:00 DEBUG 16904 --- [           main] c.s.S.SafetyNetAlertsApplication         : create a list of persons
2023-08-07T17:25:45.782+02:00 DEBUG 16904 --- [           main] c.s.S.SafetyNetAlertsApplication         : create a list of fire stations
2023-08-07T17:25:45.782+02:00 DEBUG 16904 --- [           main] c.s.S.SafetyNetAlertsApplication         : create a list of medical records
2023-08-07T17:25:45.784+02:00 DEBUG 16904 --- [           main] c.s.S.SafetyNetAlertsApplication         : the constructor SafetyNetAlertsCatalog succeeded
2023-08-07T17:25:45.838+02:00  INFO 16904 --- [           main] c.s.S.SafetyNetAlertsControllerTest      : Started SafetyNetAlertsControllerTest in 0.163 seconds (process running for 14.183)
]]></system-out>
  </testcase>
  <testcase name="testGetPersonsWithFireStationFromAddressShouldPass" classname="com.safetynet.SafetyNetAlerts.SafetyNetAlertsControllerTest" time="0.017">
    <system-out><![CDATA[
  .   ____          _            __ _ _
 /\\ / ___'_ __ _ _(_)_ __  __ _ \ \ \ \
( ( )\___ | '_ | '_| | '_ \/ _` | \ \ \ \
 \\/  ___)| |_)| | | | | || (_| |  ) ) ) )
  '  |____| .__|_| |_|_| |_\__, | / / / /
 =========|_|==============|___/=/_/_/_/
 :: Spring Boot ::                (v3.1.1)

2023-08-07T17:25:45.856+02:00  INFO 16904 --- [           main] c.s.S.SafetyNetAlertsControllerTest      : Starting SafetyNetAlertsControllerTest using Java 17.0.6 with PID 16904 (started by indov in C:\Users\indov\git\SafetyNetAlerts\SafetyNetAlerts)
2023-08-07T17:25:45.857+02:00 DEBUG 16904 --- [           main] c.s.S.SafetyNetAlertsControllerTest      : Running with Spring Boot v3.1.1, Spring v6.0.10
2023-08-07T17:25:45.857+02:00  INFO 16904 --- [           main] c.s.S.SafetyNetAlertsControllerTest      : No active profile set, falling back to 1 default profile: "default"
2023-08-07T17:25:45.918+02:00 DEBUG 16904 --- [           main] c.s.S.SafetyNetAlertsApplication         : copy the data file
2023-08-07T17:25:45.918+02:00 DEBUG 16904 --- [           main] c.s.S.SafetyNetAlertsApplication         : create a list of persons
2023-08-07T17:25:45.920+02:00 DEBUG 16904 --- [           main] c.s.S.SafetyNetAlertsApplication         : create a list of fire stations
2023-08-07T17:25:45.921+02:00 DEBUG 16904 --- [           main] c.s.S.SafetyNetAlertsApplication         : create a list of medical records
2023-08-07T17:25:45.923+02:00 DEBUG 16904 --- [           main] c.s.S.SafetyNetAlertsApplication         : the constructor SafetyNetAlertsCatalog succeeded
2023-08-07T17:25:45.981+02:00  INFO 16904 --- [           main] c.s.S.SafetyNetAlertsControllerTest      : Started SafetyNetAlertsControllerTest in 0.135 seconds (process running for 14.326)
2023-08-07T17:25:45.987+02:00  INFO 16904 --- [           main] c.s.S.SafetyNetAlertsApplication         : request the fireStation number and the list of persons living at 1509 Culver St
2023-08-07T17:25:45.987+02:00 DEBUG 16904 --- [           main] c.s.S.SafetyNetAlertsApplication         : get the list of fireStations
2023-08-07T17:25:45.987+02:00 DEBUG 16904 --- [           main] c.s.S.SafetyNetAlertsApplication         : get the fireStation number that covers 1509 Culver St
2023-08-07T17:25:45.987+02:00 DEBUG 16904 --- [           main] c.s.S.SafetyNetAlertsApplication         : get the list of persons
2023-08-07T17:25:45.987+02:00 DEBUG 16904 --- [           main] c.s.S.SafetyNetAlertsApplication         : get the list of persons living at 1509 Culver St
2023-08-07T17:25:45.987+02:00 DEBUG 16904 --- [           main] c.s.S.SafetyNetAlertsApplication         : get the list of medical records
2023-08-07T17:25:45.988+02:00 DEBUG 16904 --- [           main] c.s.S.SafetyNetAlertsApplication         : the person named John Boyd is 39 years old
2023-08-07T17:25:45.988+02:00 DEBUG 16904 --- [           main] c.s.S.SafetyNetAlertsApplication         : the person named John Boyd is allergic to [nillacilan]
2023-08-07T17:25:45.988+02:00 DEBUG 16904 --- [           main] c.s.S.SafetyNetAlertsApplication         : the person named John Boyd is taking the following medications [aznol:350mg, hydrapermazol:100mg]
2023-08-07T17:25:45.988+02:00 DEBUG 16904 --- [           main] c.s.S.SafetyNetAlertsApplication         : get the list of medical records
2023-08-07T17:25:45.988+02:00 DEBUG 16904 --- [           main] c.s.S.SafetyNetAlertsApplication         : the person named Jacob Boyd is 34 years old
2023-08-07T17:25:45.988+02:00 DEBUG 16904 --- [           main] c.s.S.SafetyNetAlertsApplication         : the person named Jacob Boyd is allergic to []
2023-08-07T17:25:45.988+02:00 DEBUG 16904 --- [           main] c.s.S.SafetyNetAlertsApplication         : the person named Jacob Boyd is taking the following medications [pharmacol:5000mg, terazine:10mg, noznazol:250mg]
2023-08-07T17:25:45.988+02:00 DEBUG 16904 --- [           main] c.s.S.SafetyNetAlertsApplication         : get the list of medical records
2023-08-07T17:25:45.988+02:00 DEBUG 16904 --- [           main] c.s.S.SafetyNetAlertsApplication         : the person named Tenley Boyd is 11 years old
2023-08-07T17:25:45.988+02:00 DEBUG 16904 --- [           main] c.s.S.SafetyNetAlertsApplication         : the person named Tenley Boyd is allergic to [peanut]
2023-08-07T17:25:45.988+02:00 DEBUG 16904 --- [           main] c.s.S.SafetyNetAlertsApplication         : the person named Tenley Boyd is taking the following medications []
2023-08-07T17:25:45.988+02:00 DEBUG 16904 --- [           main] c.s.S.SafetyNetAlertsApplication         : get the list of medical records
2023-08-07T17:25:45.988+02:00 DEBUG 16904 --- [           main] c.s.S.SafetyNetAlertsApplication         : the person named Roger Boyd is 5 years old
2023-08-07T17:25:45.988+02:00 DEBUG 16904 --- [           main] c.s.S.SafetyNetAlertsApplication         : the person named Roger Boyd is allergic to []
2023-08-07T17:25:45.988+02:00 DEBUG 16904 --- [           main] c.s.S.SafetyNetAlertsApplication         : the person named Roger Boyd is taking the following medications []
2023-08-07T17:25:45.989+02:00 DEBUG 16904 --- [           main] c.s.S.SafetyNetAlertsApplication         : get the list of medical records
2023-08-07T17:25:45.989+02:00 DEBUG 16904 --- [           main] c.s.S.SafetyNetAlertsApplication         : the person named Felicia Boyd is 37 years old
2023-08-07T17:25:45.989+02:00 DEBUG 16904 --- [           main] c.s.S.SafetyNetAlertsApplication         : the person named Felicia Boyd is allergic to [xilliathal]
2023-08-07T17:25:45.989+02:00 DEBUG 16904 --- [           main] c.s.S.SafetyNetAlertsApplication         : the person named Felicia Boyd is taking the following medications [tetracyclaz:650mg]
2023-08-07T17:25:45.989+02:00  INFO 16904 --- [           main] c.s.S.SafetyNetAlertsApplication         : response with 5 person(s) living at 1509 Culver St and covered by fireStation number 3
]]></system-out>
  </testcase>
  <testcase name="testGetFamiliesFromStationsShouldPass" classname="com.safetynet.SafetyNetAlerts.SafetyNetAlertsControllerTest" time="0.026">
    <system-out><![CDATA[
  .   ____          _            __ _ _
 /\\ / ___'_ __ _ _(_)_ __  __ _ \ \ \ \
( ( )\___ | '_ | '_| | '_ \/ _` | \ \ \ \
 \\/  ___)| |_)| | | | | || (_| |  ) ) ) )
  '  |____| .__|_| |_|_| |_\__, | / / / /
 =========|_|==============|___/=/_/_/_/
 :: Spring Boot ::                (v3.1.1)

2023-08-07T17:25:46.016+02:00  INFO 16904 --- [           main] c.s.S.SafetyNetAlertsControllerTest      : Starting SafetyNetAlertsControllerTest using Java 17.0.6 with PID 16904 (started by indov in C:\Users\indov\git\SafetyNetAlerts\SafetyNetAlerts)
2023-08-07T17:25:46.017+02:00 DEBUG 16904 --- [           main] c.s.S.SafetyNetAlertsControllerTest      : Running with Spring Boot v3.1.1, Spring v6.0.10
2023-08-07T17:25:46.017+02:00  INFO 16904 --- [           main] c.s.S.SafetyNetAlertsControllerTest      : No active profile set, falling back to 1 default profile: "default"
2023-08-07T17:25:46.091+02:00 DEBUG 16904 --- [           main] c.s.S.SafetyNetAlertsApplication         : copy the data file
2023-08-07T17:25:46.091+02:00 DEBUG 16904 --- [           main] c.s.S.SafetyNetAlertsApplication         : create a list of persons
2023-08-07T17:25:46.092+02:00 DEBUG 16904 --- [           main] c.s.S.SafetyNetAlertsApplication         : create a list of fire stations
2023-08-07T17:25:46.092+02:00 DEBUG 16904 --- [           main] c.s.S.SafetyNetAlertsApplication         : create a list of medical records
2023-08-07T17:25:46.093+02:00 DEBUG 16904 --- [           main] c.s.S.SafetyNetAlertsApplication         : the constructor SafetyNetAlertsCatalog succeeded
2023-08-07T17:25:46.140+02:00  INFO 16904 --- [           main] c.s.S.SafetyNetAlertsControllerTest      : Started SafetyNetAlertsControllerTest in 0.137 seconds (process running for 14.486)
2023-08-07T17:25:46.146+02:00  INFO 16904 --- [           main] c.s.S.SafetyNetAlertsApplication         : request the list of families living near by the fireStation(s) [2, 3]
2023-08-07T17:25:46.146+02:00 DEBUG 16904 --- [           main] c.s.S.SafetyNetAlertsApplication         : get the list of fireStations
2023-08-07T17:25:46.147+02:00 DEBUG 16904 --- [           main] c.s.S.SafetyNetAlertsApplication         : get the list of addresses that are covered by the fireStation number 2
2023-08-07T17:25:46.147+02:00 DEBUG 16904 --- [           main] c.s.S.SafetyNetAlertsApplication         : get the list of fireStations
2023-08-07T17:25:46.147+02:00 DEBUG 16904 --- [           main] c.s.S.SafetyNetAlertsApplication         : get the list of addresses that are covered by the fireStation number 3
2023-08-07T17:25:46.147+02:00 DEBUG 16904 --- [           main] c.s.S.SafetyNetAlertsApplication         : get the list of persons
2023-08-07T17:25:46.147+02:00 DEBUG 16904 --- [           main] c.s.S.SafetyNetAlertsApplication         : get the list of persons living at 29 15th St
2023-08-07T17:25:46.147+02:00 DEBUG 16904 --- [           main] c.s.S.SafetyNetAlertsApplication         : get the list of medical records
2023-08-07T17:25:46.147+02:00 DEBUG 16904 --- [           main] c.s.S.SafetyNetAlertsApplication         : the person named Jonanathan Marrack is 34 years old
2023-08-07T17:25:46.147+02:00 DEBUG 16904 --- [           main] c.s.S.SafetyNetAlertsApplication         : the person named Jonanathan Marrack is allergic to []
2023-08-07T17:25:46.147+02:00 DEBUG 16904 --- [           main] c.s.S.SafetyNetAlertsApplication         : the person named Jonanathan Marrack is taking the following medications []
2023-08-07T17:25:46.147+02:00 DEBUG 16904 --- [           main] c.s.S.SafetyNetAlertsApplication         : get the list of persons
2023-08-07T17:25:46.147+02:00 DEBUG 16904 --- [           main] c.s.S.SafetyNetAlertsApplication         : get the list of persons living at 892 Downing Ct
2023-08-07T17:25:46.147+02:00 DEBUG 16904 --- [           main] c.s.S.SafetyNetAlertsApplication         : get the list of medical records
2023-08-07T17:25:46.148+02:00 DEBUG 16904 --- [           main] c.s.S.SafetyNetAlertsApplication         : the person named Sophia Zemicks is 35 years old
2023-08-07T17:25:46.148+02:00 DEBUG 16904 --- [           main] c.s.S.SafetyNetAlertsApplication         : the person named Sophia Zemicks is allergic to [peanut, shellfish, aznol]
2023-08-07T17:25:46.148+02:00 DEBUG 16904 --- [           main] c.s.S.SafetyNetAlertsApplication         : the person named Sophia Zemicks is taking the following medications [aznol:60mg, hydrapermazol:900mg, pharmacol:5000mg, terazine:500mg]
2023-08-07T17:25:46.148+02:00 DEBUG 16904 --- [           main] c.s.S.SafetyNetAlertsApplication         : get the list of medical records
2023-08-07T17:25:46.148+02:00 DEBUG 16904 --- [           main] c.s.S.SafetyNetAlertsApplication         : the person named Warren Zemicks is 38 years old
2023-08-07T17:25:46.148+02:00 DEBUG 16904 --- [           main] c.s.S.SafetyNetAlertsApplication         : the person named Warren Zemicks is allergic to []
2023-08-07T17:25:46.148+02:00 DEBUG 16904 --- [           main] c.s.S.SafetyNetAlertsApplication         : the person named Warren Zemicks is taking the following medications []
2023-08-07T17:25:46.148+02:00 DEBUG 16904 --- [           main] c.s.S.SafetyNetAlertsApplication         : get the list of medical records
2023-08-07T17:25:46.148+02:00 DEBUG 16904 --- [           main] c.s.S.SafetyNetAlertsApplication         : the person named Zach Zemicks is 6 years old
2023-08-07T17:25:46.148+02:00 DEBUG 16904 --- [           main] c.s.S.SafetyNetAlertsApplication         : the person named Zach Zemicks is allergic to []
2023-08-07T17:25:46.148+02:00 DEBUG 16904 --- [           main] c.s.S.SafetyNetAlertsApplication         : the person named Zach Zemicks is taking the following medications []
2023-08-07T17:25:46.148+02:00 DEBUG 16904 --- [           main] c.s.S.SafetyNetAlertsApplication         : get the list of persons
2023-08-07T17:25:46.148+02:00 DEBUG 16904 --- [           main] c.s.S.SafetyNetAlertsApplication         : get the list of persons living at 951 LoneTree Rd
2023-08-07T17:25:46.148+02:00 DEBUG 16904 --- [           main] c.s.S.SafetyNetAlertsApplication         : get the list of medical records
2023-08-07T17:25:46.150+02:00 DEBUG 16904 --- [           main] c.s.S.SafetyNetAlertsApplication         : the person named Eric Cadigan is 78 years old
2023-08-07T17:25:46.150+02:00 DEBUG 16904 --- [           main] c.s.S.SafetyNetAlertsApplication         : the person named Eric Cadigan is allergic to []
2023-08-07T17:25:46.150+02:00 DEBUG 16904 --- [           main] c.s.S.SafetyNetAlertsApplication         : the person named Eric Cadigan is taking the following medications [tradoxidine:400mg]
2023-08-07T17:25:46.151+02:00 DEBUG 16904 --- [           main] c.s.S.SafetyNetAlertsApplication         : get the list of persons
2023-08-07T17:25:46.151+02:00 DEBUG 16904 --- [           main] c.s.S.SafetyNetAlertsApplication         : get the list of persons living at 1509 Culver St
2023-08-07T17:25:46.151+02:00 DEBUG 16904 --- [           main] c.s.S.SafetyNetAlertsApplication         : get the list of medical records
2023-08-07T17:25:46.151+02:00 DEBUG 16904 --- [           main] c.s.S.SafetyNetAlertsApplication         : the person named John Boyd is 39 years old
2023-08-07T17:25:46.152+02:00 DEBUG 16904 --- [           main] c.s.S.SafetyNetAlertsApplication         : the person named John Boyd is allergic to [nillacilan]
2023-08-07T17:25:46.152+02:00 DEBUG 16904 --- [           main] c.s.S.SafetyNetAlertsApplication         : the person named John Boyd is taking the following medications [aznol:350mg, hydrapermazol:100mg]
2023-08-07T17:25:46.152+02:00 DEBUG 16904 --- [           main] c.s.S.SafetyNetAlertsApplication         : get the list of medical records
2023-08-07T17:25:46.152+02:00 DEBUG 16904 --- [           main] c.s.S.SafetyNetAlertsApplication         : the person named Jacob Boyd is 34 years old
2023-08-07T17:25:46.152+02:00 DEBUG 16904 --- [           main] c.s.S.SafetyNetAlertsApplication         : the person named Jacob Boyd is allergic to []
2023-08-07T17:25:46.152+02:00 DEBUG 16904 --- [           main] c.s.S.SafetyNetAlertsApplication         : the person named Jacob Boyd is taking the following medications [pharmacol:5000mg, terazine:10mg, noznazol:250mg]
2023-08-07T17:25:46.152+02:00 DEBUG 16904 --- [           main] c.s.S.SafetyNetAlertsApplication         : get the list of medical records
2023-08-07T17:25:46.152+02:00 DEBUG 16904 --- [           main] c.s.S.SafetyNetAlertsApplication         : the person named Tenley Boyd is 11 years old
2023-08-07T17:25:46.152+02:00 DEBUG 16904 --- [           main] c.s.S.SafetyNetAlertsApplication         : the person named Tenley Boyd is allergic to [peanut]
2023-08-07T17:25:46.152+02:00 DEBUG 16904 --- [           main] c.s.S.SafetyNetAlertsApplication         : the person named Tenley Boyd is taking the following medications []
2023-08-07T17:25:46.152+02:00 DEBUG 16904 --- [           main] c.s.S.SafetyNetAlertsApplication         : get the list of medical records
2023-08-07T17:25:46.152+02:00 DEBUG 16904 --- [           main] c.s.S.SafetyNetAlertsApplication         : the person named Roger Boyd is 5 years old
2023-08-07T17:25:46.152+02:00 DEBUG 16904 --- [           main] c.s.S.SafetyNetAlertsApplication         : the person named Roger Boyd is allergic to []
2023-08-07T17:25:46.152+02:00 DEBUG 16904 --- [           main] c.s.S.SafetyNetAlertsApplication         : the person named Roger Boyd is taking the following medications []
2023-08-07T17:25:46.152+02:00 DEBUG 16904 --- [           main] c.s.S.SafetyNetAlertsApplication         : get the list of medical records
2023-08-07T17:25:46.153+02:00 DEBUG 16904 --- [           main] c.s.S.SafetyNetAlertsApplication         : the person named Felicia Boyd is 37 years old
2023-08-07T17:25:46.153+02:00 DEBUG 16904 --- [           main] c.s.S.SafetyNetAlertsApplication         : the person named Felicia Boyd is allergic to [xilliathal]
2023-08-07T17:25:46.153+02:00 DEBUG 16904 --- [           main] c.s.S.SafetyNetAlertsApplication         : the person named Felicia Boyd is taking the following medications [tetracyclaz:650mg]
2023-08-07T17:25:46.153+02:00 DEBUG 16904 --- [           main] c.s.S.SafetyNetAlertsApplication         : get the list of persons
2023-08-07T17:25:46.153+02:00 DEBUG 16904 --- [           main] c.s.S.SafetyNetAlertsApplication         : get the list of persons living at 834 Binoc Ave
2023-08-07T17:25:46.153+02:00 DEBUG 16904 --- [           main] c.s.S.SafetyNetAlertsApplication         : get the list of medical records
2023-08-07T17:25:46.153+02:00 DEBUG 16904 --- [           main] c.s.S.SafetyNetAlertsApplication         : the person named Tessa Carman is 11 years old
2023-08-07T17:25:46.153+02:00 DEBUG 16904 --- [           main] c.s.S.SafetyNetAlertsApplication         : the person named Tessa Carman is allergic to []
2023-08-07T17:25:46.153+02:00 DEBUG 16904 --- [           main] c.s.S.SafetyNetAlertsApplication         : the person named Tessa Carman is taking the following medications []
2023-08-07T17:25:46.153+02:00 DEBUG 16904 --- [           main] c.s.S.SafetyNetAlertsApplication         : get the list of persons
2023-08-07T17:25:46.153+02:00 DEBUG 16904 --- [           main] c.s.S.SafetyNetAlertsApplication         : get the list of persons living at 748 Townings Dr
2023-08-07T17:25:46.153+02:00 DEBUG 16904 --- [           main] c.s.S.SafetyNetAlertsApplication         : get the list of medical records
2023-08-07T17:25:46.153+02:00 DEBUG 16904 --- [           main] c.s.S.SafetyNetAlertsApplication         : the person named Foster Shepard is 43 years old
2023-08-07T17:25:46.153+02:00 DEBUG 16904 --- [           main] c.s.S.SafetyNetAlertsApplication         : the person named Foster Shepard is allergic to []
2023-08-07T17:25:46.153+02:00 DEBUG 16904 --- [           main] c.s.S.SafetyNetAlertsApplication         : the person named Foster Shepard is taking the following medications []
2023-08-07T17:25:46.153+02:00 DEBUG 16904 --- [           main] c.s.S.SafetyNetAlertsApplication         : get the list of medical records
2023-08-07T17:25:46.153+02:00 DEBUG 16904 --- [           main] c.s.S.SafetyNetAlertsApplication         : the person named Clive Ferguson is 29 years old
2023-08-07T17:25:46.153+02:00 DEBUG 16904 --- [           main] c.s.S.SafetyNetAlertsApplication         : the person named Clive Ferguson is allergic to []
2023-08-07T17:25:46.153+02:00 DEBUG 16904 --- [           main] c.s.S.SafetyNetAlertsApplication         : the person named Clive Ferguson is taking the following medications []
2023-08-07T17:25:46.153+02:00 DEBUG 16904 --- [           main] c.s.S.SafetyNetAlertsApplication         : get the list of persons
2023-08-07T17:25:46.153+02:00 DEBUG 16904 --- [           main] c.s.S.SafetyNetAlertsApplication         : get the list of persons living at 112 Steppes Pl
2023-08-07T17:25:46.153+02:00 DEBUG 16904 --- [           main] c.s.S.SafetyNetAlertsApplication         : get the list of medical records
2023-08-07T17:25:46.153+02:00 DEBUG 16904 --- [           main] c.s.S.SafetyNetAlertsApplication         : the person named Tony Cooper is 29 years old
2023-08-07T17:25:46.153+02:00 DEBUG 16904 --- [           main] c.s.S.SafetyNetAlertsApplication         : the person named Tony Cooper is allergic to [shellfish]
2023-08-07T17:25:46.155+02:00 DEBUG 16904 --- [           main] c.s.S.SafetyNetAlertsApplication         : the person named Tony Cooper is taking the following medications [hydrapermazol:300mg, dodoxadin:30mg]
2023-08-07T17:25:46.155+02:00 DEBUG 16904 --- [           main] c.s.S.SafetyNetAlertsApplication         : get the list of medical records
2023-08-07T17:25:46.155+02:00 DEBUG 16904 --- [           main] c.s.S.SafetyNetAlertsApplication         : the person named Ron Peters is 58 years old
2023-08-07T17:25:46.155+02:00 DEBUG 16904 --- [           main] c.s.S.SafetyNetAlertsApplication         : the person named Ron Peters is allergic to []
2023-08-07T17:25:46.155+02:00 DEBUG 16904 --- [           main] c.s.S.SafetyNetAlertsApplication         : the person named Ron Peters is taking the following medications []
2023-08-07T17:25:46.155+02:00 DEBUG 16904 --- [           main] c.s.S.SafetyNetAlertsApplication         : get the list of medical records
2023-08-07T17:25:46.155+02:00 DEBUG 16904 --- [           main] c.s.S.SafetyNetAlertsApplication         : the person named Allison Boyd is 58 years old
2023-08-07T17:25:46.155+02:00 DEBUG 16904 --- [           main] c.s.S.SafetyNetAlertsApplication         : the person named Allison Boyd is allergic to [nillacilan]
2023-08-07T17:25:46.155+02:00 DEBUG 16904 --- [           main] c.s.S.SafetyNetAlertsApplication         : the person named Allison Boyd is taking the following medications [aznol:200mg]
2023-08-07T17:25:46.156+02:00  INFO 16904 --- [           main] c.s.S.SafetyNetAlertsApplication         : response with 7 family(ies) covered by the fireStation number [2, 3]
]]></system-out>
  </testcase>
  <testcase name="testDeletePersonWithPersonUnknownShouldFail" classname="com.safetynet.SafetyNetAlerts.SafetyNetAlertsControllerTest" time="0.008">
    <system-out><![CDATA[
  .   ____          _            __ _ _
 /\\ / ___'_ __ _ _(_)_ __  __ _ \ \ \ \
( ( )\___ | '_ | '_| | '_ \/ _` | \ \ \ \
 \\/  ___)| |_)| | | | | || (_| |  ) ) ) )
  '  |____| .__|_| |_|_| |_\__, | / / / /
 =========|_|==============|___/=/_/_/_/
 :: Spring Boot ::                (v3.1.1)

2023-08-07T17:25:46.190+02:00  INFO 16904 --- [           main] c.s.S.SafetyNetAlertsControllerTest      : Starting SafetyNetAlertsControllerTest using Java 17.0.6 with PID 16904 (started by indov in C:\Users\indov\git\SafetyNetAlerts\SafetyNetAlerts)
2023-08-07T17:25:46.191+02:00 DEBUG 16904 --- [           main] c.s.S.SafetyNetAlertsControllerTest      : Running with Spring Boot v3.1.1, Spring v6.0.10
2023-08-07T17:25:46.191+02:00  INFO 16904 --- [           main] c.s.S.SafetyNetAlertsControllerTest      : No active profile set, falling back to 1 default profile: "default"
2023-08-07T17:25:46.284+02:00 DEBUG 16904 --- [           main] c.s.S.SafetyNetAlertsApplication         : copy the data file
2023-08-07T17:25:46.285+02:00 DEBUG 16904 --- [           main] c.s.S.SafetyNetAlertsApplication         : create a list of persons
2023-08-07T17:25:46.286+02:00 DEBUG 16904 --- [           main] c.s.S.SafetyNetAlertsApplication         : create a list of fire stations
2023-08-07T17:25:46.287+02:00 DEBUG 16904 --- [           main] c.s.S.SafetyNetAlertsApplication         : create a list of medical records
2023-08-07T17:25:46.288+02:00 DEBUG 16904 --- [           main] c.s.S.SafetyNetAlertsApplication         : the constructor SafetyNetAlertsCatalog succeeded
2023-08-07T17:25:46.330+02:00  INFO 16904 --- [           main] c.s.S.SafetyNetAlertsControllerTest      : Started SafetyNetAlertsControllerTest in 0.16 seconds (process running for 14.676)
2023-08-07T17:25:46.335+02:00  INFO 16904 --- [           main] c.s.S.SafetyNetAlertsApplication         : request a deletion for the person named firstNameUnknown lastNameUnknown
2023-08-07T17:25:46.336+02:00 ERROR 16904 --- [           main] c.s.S.SafetyNetAlertsApplication         : the person named firstNameUnknown lastNameUnknown doesn't exist in our system
]]></system-out>
  </testcase>
  <testcase name="testCreateMedicalRecordShouldPass" classname="com.safetynet.SafetyNetAlerts.SafetyNetAlertsControllerTest" time="0.014">
    <system-out><![CDATA[
  .   ____          _            __ _ _
 /\\ / ___'_ __ _ _(_)_ __  __ _ \ \ \ \
( ( )\___ | '_ | '_| | '_ \/ _` | \ \ \ \
 \\/  ___)| |_)| | | | | || (_| |  ) ) ) )
  '  |____| .__|_| |_|_| |_\__, | / / / /
 =========|_|==============|___/=/_/_/_/
 :: Spring Boot ::                (v3.1.1)

2023-08-07T17:25:46.354+02:00  INFO 16904 --- [           main] c.s.S.SafetyNetAlertsControllerTest      : Starting SafetyNetAlertsControllerTest using Java 17.0.6 with PID 16904 (started by indov in C:\Users\indov\git\SafetyNetAlerts\SafetyNetAlerts)
2023-08-07T17:25:46.355+02:00 DEBUG 16904 --- [           main] c.s.S.SafetyNetAlertsControllerTest      : Running with Spring Boot v3.1.1, Spring v6.0.10
2023-08-07T17:25:46.355+02:00  INFO 16904 --- [           main] c.s.S.SafetyNetAlertsControllerTest      : No active profile set, falling back to 1 default profile: "default"
2023-08-07T17:25:46.436+02:00 DEBUG 16904 --- [           main] c.s.S.SafetyNetAlertsApplication         : copy the data file
2023-08-07T17:25:46.436+02:00 DEBUG 16904 --- [           main] c.s.S.SafetyNetAlertsApplication         : create a list of persons
2023-08-07T17:25:46.438+02:00 DEBUG 16904 --- [           main] c.s.S.SafetyNetAlertsApplication         : create a list of fire stations
2023-08-07T17:25:46.439+02:00 DEBUG 16904 --- [           main] c.s.S.SafetyNetAlertsApplication         : create a list of medical records
2023-08-07T17:25:46.440+02:00 DEBUG 16904 --- [           main] c.s.S.SafetyNetAlertsApplication         : the constructor SafetyNetAlertsCatalog succeeded
2023-08-07T17:25:46.496+02:00  INFO 16904 --- [           main] c.s.S.SafetyNetAlertsControllerTest      : Started SafetyNetAlertsControllerTest in 0.155 seconds (process running for 14.841)
2023-08-07T17:25:46.506+02:00  INFO 16904 --- [           main] c.s.S.SafetyNetAlertsApplication         : creating for the medical record about the person named firstNameTest lastNameTest has been posted
2023-08-07T17:25:46.509+02:00  INFO 16904 --- [           main] c.s.S.SafetyNetAlertsApplication         : The new medical record about the person named firstNameTest lastNameTest has been created correctly
]]></system-out>
  </testcase>
  <testcase name="testGetChildrenFromAddressWithoutParameterShouldFail" classname="com.safetynet.SafetyNetAlerts.SafetyNetAlertsControllerTest" time="0.003">
    <system-out><![CDATA[
  .   ____          _            __ _ _
 /\\ / ___'_ __ _ _(_)_ __  __ _ \ \ \ \
( ( )\___ | '_ | '_| | '_ \/ _` | \ \ \ \
 \\/  ___)| |_)| | | | | || (_| |  ) ) ) )
  '  |____| .__|_| |_|_| |_\__, | / / / /
 =========|_|==============|___/=/_/_/_/
 :: Spring Boot ::                (v3.1.1)

2023-08-07T17:25:46.530+02:00  INFO 16904 --- [           main] c.s.S.SafetyNetAlertsControllerTest      : Starting SafetyNetAlertsControllerTest using Java 17.0.6 with PID 16904 (started by indov in C:\Users\indov\git\SafetyNetAlerts\SafetyNetAlerts)
2023-08-07T17:25:46.530+02:00 DEBUG 16904 --- [           main] c.s.S.SafetyNetAlertsControllerTest      : Running with Spring Boot v3.1.1, Spring v6.0.10
2023-08-07T17:25:46.530+02:00  INFO 16904 --- [           main] c.s.S.SafetyNetAlertsControllerTest      : No active profile set, falling back to 1 default profile: "default"
2023-08-07T17:25:46.594+02:00 DEBUG 16904 --- [           main] c.s.S.SafetyNetAlertsApplication         : copy the data file
2023-08-07T17:25:46.595+02:00 DEBUG 16904 --- [           main] c.s.S.SafetyNetAlertsApplication         : create a list of persons
2023-08-07T17:25:46.595+02:00 DEBUG 16904 --- [           main] c.s.S.SafetyNetAlertsApplication         : create a list of fire stations
2023-08-07T17:25:46.596+02:00 DEBUG 16904 --- [           main] c.s.S.SafetyNetAlertsApplication         : create a list of medical records
2023-08-07T17:25:46.597+02:00 DEBUG 16904 --- [           main] c.s.S.SafetyNetAlertsApplication         : the constructor SafetyNetAlertsCatalog succeeded
2023-08-07T17:25:46.636+02:00  INFO 16904 --- [           main] c.s.S.SafetyNetAlertsControllerTest      : Started SafetyNetAlertsControllerTest in 0.123 seconds (process running for 14.982)
]]></system-out>
  </testcase>
  <testcase name="testUpdatePersonWithPersonUnknownShouldFail" classname="com.safetynet.SafetyNetAlerts.SafetyNetAlertsControllerTest" time="0.009">
    <system-out><![CDATA[
  .   ____          _            __ _ _
 /\\ / ___'_ __ _ _(_)_ __  __ _ \ \ \ \
( ( )\___ | '_ | '_| | '_ \/ _` | \ \ \ \
 \\/  ___)| |_)| | | | | || (_| |  ) ) ) )
  '  |____| .__|_| |_|_| |_\__, | / / / /
 =========|_|==============|___/=/_/_/_/
 :: Spring Boot ::                (v3.1.1)

2023-08-07T17:25:46.658+02:00  INFO 16904 --- [           main] c.s.S.SafetyNetAlertsControllerTest      : Starting SafetyNetAlertsControllerTest using Java 17.0.6 with PID 16904 (started by indov in C:\Users\indov\git\SafetyNetAlerts\SafetyNetAlerts)
2023-08-07T17:25:46.658+02:00 DEBUG 16904 --- [           main] c.s.S.SafetyNetAlertsControllerTest      : Running with Spring Boot v3.1.1, Spring v6.0.10
2023-08-07T17:25:46.658+02:00  INFO 16904 --- [           main] c.s.S.SafetyNetAlertsControllerTest      : No active profile set, falling back to 1 default profile: "default"
2023-08-07T17:25:46.723+02:00 DEBUG 16904 --- [           main] c.s.S.SafetyNetAlertsApplication         : copy the data file
2023-08-07T17:25:46.723+02:00 DEBUG 16904 --- [           main] c.s.S.SafetyNetAlertsApplication         : create a list of persons
2023-08-07T17:25:46.724+02:00 DEBUG 16904 --- [           main] c.s.S.SafetyNetAlertsApplication         : create a list of fire stations
2023-08-07T17:25:46.724+02:00 DEBUG 16904 --- [           main] c.s.S.SafetyNetAlertsApplication         : create a list of medical records
2023-08-07T17:25:46.725+02:00 DEBUG 16904 --- [           main] c.s.S.SafetyNetAlertsApplication         : the constructor SafetyNetAlertsCatalog succeeded
2023-08-07T17:25:46.767+02:00  INFO 16904 --- [           main] c.s.S.SafetyNetAlertsControllerTest      : Started SafetyNetAlertsControllerTest in 0.125 seconds (process running for 15.113)
2023-08-07T17:25:46.773+02:00  INFO 16904 --- [           main] c.s.S.SafetyNetAlertsApplication         : request an update for the person named firstNameUnknown lastNameUnknown
2023-08-07T17:25:46.773+02:00 ERROR 16904 --- [           main] c.s.S.SafetyNetAlertsApplication         : the person named firstNameUnknown lastNameUnknown doesn't exist in our system
]]></system-out>
  </testcase>
  <testcase name="testUpdateFirestationShouldPass" classname="com.safetynet.SafetyNetAlerts.SafetyNetAlertsControllerTest" time="0.008">
    <system-out><![CDATA[
  .   ____          _            __ _ _
 /\\ / ___'_ __ _ _(_)_ __  __ _ \ \ \ \
[...]
2023-08-07T17:25:48.764+02:00 DEBUG 16904 --- [           main] c.s.S.SafetyNetAlertsApplication         : create a list of medical records
2023-08-07T17:25:48.765+02:00 DEBUG 16904 --- [           main] c.s.S.SafetyNetAlertsApplication         : the constructor SafetyNetAlertsCatalog succeeded
2023-08-07T17:25:48.811+02:00  INFO 16904 --- [           main] c.s.S.SafetyNetAlertsControllerTest      : Started SafetyNetAlertsControllerTest in 0.131 seconds (process running for 17.156)
2023-08-07T17:25:48.817+02:00  INFO 16904 --- [           main] c.s.S.SafetyNetAlertsApplication         : request a deletion for the mapping firestation/address about the following address "addressUnknown"
2023-08-07T17:25:48.817+02:00 ERROR 16904 --- [           main] c.s.S.SafetyNetAlertsApplication         : the following address "addressUnknown" about this mapping doesn't exist in our system
]]></system-out>
  </testcase>
  <testcase name="testUpdateMedicalRecordWithoutBodyShouldFail" classname="com.safetynet.SafetyNetAlerts.SafetyNetAlertsControllerTest" time="0.007">
    <system-out><![CDATA[
  .   ____          _            __ _ _
 /\\ / ___'_ __ _ _(_)_ __  __ _ \ \ \ \
( ( )\___ | '_ | '_| | '_ \/ _` | \ \ \ \
 \\/  ___)| |_)| | | | | || (_| |  ) ) ) )
  '  |____| .__|_| |_|_| |_\__, | / / / /
 =========|_|==============|___/=/_/_/_/
 :: Spring Boot ::                (v3.1.1)

2023-08-07T17:25:48.837+02:00  INFO 16904 --- [           main] c.s.S.SafetyNetAlertsControllerTest      : Starting SafetyNetAlertsControllerTest using Java 17.0.6 with PID 16904 (started by indov in C:\Users\indov\git\SafetyNetAlerts\SafetyNetAlerts)
2023-08-07T17:25:48.838+02:00 DEBUG 16904 --- [           main] c.s.S.SafetyNetAlertsControllerTest      : Running with Spring Boot v3.1.1, Spring v6.0.10
2023-08-07T17:25:48.838+02:00  INFO 16904 --- [           main] c.s.S.SafetyNetAlertsControllerTest      : No active profile set, falling back to 1 default profile: "default"
2023-08-07T17:25:48.904+02:00 DEBUG 16904 --- [           main] c.s.S.SafetyNetAlertsApplication         : copy the data file
2023-08-07T17:25:48.904+02:00 DEBUG 16904 --- [           main] c.s.S.SafetyNetAlertsApplication         : create a list of persons
2023-08-07T17:25:48.905+02:00 DEBUG 16904 --- [           main] c.s.S.SafetyNetAlertsApplication         : create a list of fire stations
2023-08-07T17:25:48.905+02:00 DEBUG 16904 --- [           main] c.s.S.SafetyNetAlertsApplication         : create a list of medical records
2023-08-07T17:25:48.906+02:00 DEBUG 16904 --- [           main] c.s.S.SafetyNetAlertsApplication         : the constructor SafetyNetAlertsCatalog succeeded
2023-08-07T17:25:48.944+02:00  INFO 16904 --- [           main] c.s.S.SafetyNetAlertsControllerTest      : Started SafetyNetAlertsControllerTest in 0.123 seconds (process running for 17.29)
]]></system-out>
  </testcase>
  <testcase name="testGetPhonesFromStationShouldPass" classname="com.safetynet.SafetyNetAlerts.SafetyNetAlertsControllerTest" time="0.004">
    <system-out><![CDATA[
  .   ____          _            __ _ _
 /\\ / ___'_ __ _ _(_)_ __  __ _ \ \ \ \
( ( )\___ | '_ | '_| | '_ \/ _` | \ \ \ \
 \\/  ___)| |_)| | | | | || (_| |  ) ) ) )
  '  |____| .__|_| |_|_| |_\__, | / / / /
 =========|_|==============|___/=/_/_/_/
 :: Spring Boot ::                (v3.1.1)

2023-08-07T17:25:48.967+02:00  INFO 16904 --- [           main] c.s.S.SafetyNetAlertsControllerTest      : Starting SafetyNetAlertsControllerTest using Java 17.0.6 with PID 16904 (started by indov in C:\Users\indov\git\SafetyNetAlerts\SafetyNetAlerts)
2023-08-07T17:25:48.967+02:00 DEBUG 16904 --- [           main] c.s.S.SafetyNetAlertsControllerTest      : Running with Spring Boot v3.1.1, Spring v6.0.10
2023-08-07T17:25:48.967+02:00  INFO 16904 --- [           main] c.s.S.SafetyNetAlertsControllerTest      : No active profile set, falling back to 1 default profile: "default"
2023-08-07T17:25:49.050+02:00 DEBUG 16904 --- [           main] c.s.S.SafetyNetAlertsApplication         : copy the data file
2023-08-07T17:25:49.051+02:00 DEBUG 16904 --- [           main] c.s.S.SafetyNetAlertsApplication         : create a list of persons
2023-08-07T17:25:49.051+02:00 DEBUG 16904 --- [           main] c.s.S.SafetyNetAlertsApplication         : create a list of fire stations
2023-08-07T17:25:49.052+02:00 DEBUG 16904 --- [           main] c.s.S.SafetyNetAlertsApplication         : create a list of medical records
2023-08-07T17:25:49.052+02:00 DEBUG 16904 --- [           main] c.s.S.SafetyNetAlertsApplication         : the constructor SafetyNetAlertsCatalog succeeded
2023-08-07T17:25:49.093+02:00  INFO 16904 --- [           main] c.s.S.SafetyNetAlertsControllerTest      : Started SafetyNetAlertsControllerTest in 0.138 seconds (process running for 17.438)
2023-08-07T17:25:49.096+02:00  INFO 16904 --- [           main] c.s.S.SafetyNetAlertsApplication         : request the list of phones from persons living near by the fireStation number 3
2023-08-07T17:25:49.096+02:00 DEBUG 16904 --- [           main] c.s.S.SafetyNetAlertsApplication         : get the list of fireStations
2023-08-07T17:25:49.096+02:00 DEBUG 16904 --- [           main] c.s.S.SafetyNetAlertsApplication         : get the list of addresses that are covered by the fireStation number 3
2023-08-07T17:25:49.096+02:00 DEBUG 16904 --- [           main] c.s.S.SafetyNetAlertsApplication         : get the list of persons
2023-08-07T17:25:49.096+02:00  INFO 16904 --- [           main] c.s.S.SafetyNetAlertsApplication         : response with 7 phone(s) from persons living near by the fireStation number 3
]]></system-out>
  </testcase>
  <testcase name="testDeleteMedicalRecordWithIncompleteBodyShouldFail" classname="com.safetynet.SafetyNetAlerts.SafetyNetAlertsControllerTest" time="0.004">
    <system-out><![CDATA[
  .   ____          _            __ _ _
 /\\ / ___'_ __ _ _(_)_ __  __ _ \ \ \ \
( ( )\___ | '_ | '_| | '_ \/ _` | \ \ \ \
 \\/  ___)| |_)| | | | | || (_| |  ) ) ) )
  '  |____| .__|_| |_|_| |_\__, | / / / /
 =========|_|==============|___/=/_/_/_/
 :: Spring Boot ::                (v3.1.1)

2023-08-07T17:25:49.111+02:00  INFO 16904 --- [           main] c.s.S.SafetyNetAlertsControllerTest      : Starting SafetyNetAlertsControllerTest using Java 17.0.6 with PID 16904 (started by indov in C:\Users\indov\git\SafetyNetAlerts\SafetyNetAlerts)
2023-08-07T17:25:49.111+02:00 DEBUG 16904 --- [           main] c.s.S.SafetyNetAlertsControllerTest      : Running with Spring Boot v3.1.1, Spring v6.0.10
2023-08-07T17:25:49.111+02:00  INFO 16904 --- [           main] c.s.S.SafetyNetAlertsControllerTest      : No active profile set, falling back to 1 default profile: "default"
2023-08-07T17:25:49.189+02:00 DEBUG 16904 --- [           main] c.s.S.SafetyNetAlertsApplication         : copy the data file
2023-08-07T17:25:49.190+02:00 DEBUG 16904 --- [           main] c.s.S.SafetyNetAlertsApplication         : create a list of persons
2023-08-07T17:25:49.190+02:00 DEBUG 16904 --- [           main] c.s.S.SafetyNetAlertsApplication         : create a list of fire stations
2023-08-07T17:25:49.191+02:00 DEBUG 16904 --- [           main] c.s.S.SafetyNetAlertsApplication         : create a list of medical records
2023-08-07T17:25:49.191+02:00 DEBUG 16904 --- [           main] c.s.S.SafetyNetAlertsApplication         : the constructor SafetyNetAlertsCatalog succeeded
2023-08-07T17:25:49.235+02:00  INFO 16904 --- [           main] c.s.S.SafetyNetAlertsControllerTest      : Started SafetyNetAlertsControllerTest in 0.135 seconds (process running for 17.581)
]]></system-out>
  </testcase>
  <testcase name="testGetPhonesFromStationWithoutParameterShouldFail" classname="com.safetynet.SafetyNetAlerts.SafetyNetAlertsControllerTest" time="0.003">
    <system-out><![CDATA[
  .   ____          _            __ _ _
 /\\ / ___'_ __ _ _(_)_ __  __ _ \ \ \ \
( ( )\___ | '_ | '_| | '_ \/ _` | \ \ \ \
 \\/  ___)| |_)| | | | | || (_| |  ) ) ) )
  '  |____| .__|_| |_|_| |_\__, | / / / /
 =========|_|==============|___/=/_/_/_/
 :: Spring Boot ::                (v3.1.1)

2023-08-07T17:25:49.253+02:00  INFO 16904 --- [           main] c.s.S.SafetyNetAlertsControllerTest      : Starting SafetyNetAlertsControllerTest using Java 17.0.6 with PID 16904 (started by indov in C:\Users\indov\git\SafetyNetAlerts\SafetyNetAlerts)
2023-08-07T17:25:49.253+02:00 DEBUG 16904 --- [           main] c.s.S.SafetyNetAlertsControllerTest      : Running with Spring Boot v3.1.1, Spring v6.0.10
2023-08-07T17:25:49.253+02:00  INFO 16904 --- [           main] c.s.S.SafetyNetAlertsControllerTest      : No active profile set, falling back to 1 default profile: "default"
2023-08-07T17:25:49.312+02:00 DEBUG 16904 --- [           main] c.s.S.SafetyNetAlertsApplication         : copy the data file
2023-08-07T17:25:49.312+02:00 DEBUG 16904 --- [           main] c.s.S.SafetyNetAlertsApplication         : create a list of persons
2023-08-07T17:25:49.313+02:00 DEBUG 16904 --- [           main] c.s.S.SafetyNetAlertsApplication         : create a list of fire stations
2023-08-07T17:25:49.313+02:00 DEBUG 16904 --- [           main] c.s.S.SafetyNetAlertsApplication         : create a list of medical records
2023-08-07T17:25:49.314+02:00 DEBUG 16904 --- [           main] c.s.S.SafetyNetAlertsApplication         : the constructor SafetyNetAlertsCatalog succeeded
2023-08-07T17:25:49.356+02:00  INFO 16904 --- [           main] c.s.S.SafetyNetAlertsControllerTest      : Started SafetyNetAlertsControllerTest in 0.114 seconds (process running for 17.702)
]]></system-out>
  </testcase>
  <testcase name="testUpdatePersonWithoutBodyShouldFail" classname="com.safetynet.SafetyNetAlerts.SafetyNetAlertsControllerTest" time="0.003">
    <system-out><![CDATA[
  .   ____          _            __ _ _
 /\\ / ___'_ __ _ _(_)_ __  __ _ \ \ \ \
( ( )\___ | '_ | '_| | '_ \/ _` | \ \ \ \
 \\/  ___)| |_)| | | | | || (_| |  ) ) ) )
  '  |____| .__|_| |_|_| |_\__, | / / / /
 =========|_|==============|___/=/_/_/_/
 :: Spring Boot ::                (v3.1.1)

2023-08-07T17:25:49.371+02:00  INFO 16904 --- [           main] c.s.S.SafetyNetAlertsControllerTest      : Starting SafetyNetAlertsControllerTest using Java 17.0.6 with PID 16904 (started by indov in C:\Users\indov\git\SafetyNetAlerts\SafetyNetAlerts)
2023-08-07T17:25:49.371+02:00 DEBUG 16904 --- [           main] c.s.S.SafetyNetAlertsControllerTest      : Running with Spring Boot v3.1.1, Spring v6.0.10
2023-08-07T17:25:49.371+02:00  INFO 16904 --- [           main] c.s.S.SafetyNetAlertsControllerTest      : No active profile set, falling back to 1 default profile: "default"
2023-08-07T17:25:49.439+02:00 DEBUG 16904 --- [           main] c.s.S.SafetyNetAlertsApplication         : copy the data file
2023-08-07T17:25:49.440+02:00 DEBUG 16904 --- [           main] c.s.S.SafetyNetAlertsApplication         : create a list of persons
2023-08-07T17:25:49.441+02:00 DEBUG 16904 --- [           main] c.s.S.SafetyNetAlertsApplication         : create a list of fire stations
2023-08-07T17:25:49.442+02:00 DEBUG 16904 --- [           main] c.s.S.SafetyNetAlertsApplication         : create a list of medical records
2023-08-07T17:25:49.442+02:00 DEBUG 16904 --- [           main] c.s.S.SafetyNetAlertsApplication         : the constructor SafetyNetAlertsCatalog succeeded
2023-08-07T17:25:49.481+02:00  INFO 16904 --- [           main] c.s.S.SafetyNetAlertsControllerTest      : Started SafetyNetAlertsControllerTest in 0.118 seconds (process running for 17.826)
]]></system-out>
  </testcase>
  <testcase name="testUpdateFirestationWithIncompleteBodyShouldFail" classname="com.safetynet.SafetyNetAlerts.SafetyNetAlertsControllerTest" time="0.005">
    <system-out><![CDATA[
  .   ____          _            __ _ _
 /\\ / ___'_ __ _ _(_)_ __  __ _ \ \ \ \
( ( )\___ | '_ | '_| | '_ \/ _` | \ \ \ \
 \\/  ___)| |_)| | | | | || (_| |  ) ) ) )
  '  |____| .__|_| |_|_| |_\__, | / / / /
 =========|_|==============|___/=/_/_/_/
 :: Spring Boot ::                (v3.1.1)

2023-08-07T17:25:49.495+02:00  INFO 16904 --- [           main] c.s.S.SafetyNetAlertsControllerTest      : Starting SafetyNetAlertsControllerTest using Java 17.0.6 with PID 16904 (started by indov in C:\Users\indov\git\SafetyNetAlerts\SafetyNetAlerts)
2023-08-07T17:25:49.495+02:00 DEBUG 16904 --- [           main] c.s.S.SafetyNetAlertsControllerTest      : Running with Spring Boot v3.1.1, Spring v6.0.10
2023-08-07T17:25:49.495+02:00  INFO 16904 --- [           main] c.s.S.SafetyNetAlertsControllerTest      : No active profile set, falling back to 1 default profile: "default"
2023-08-07T17:25:49.562+02:00 DEBUG 16904 --- [           main] c.s.S.SafetyNetAlertsApplication         : copy the data file
2023-08-07T17:25:49.562+02:00 DEBUG 16904 --- [           main] c.s.S.SafetyNetAlertsApplication         : create a list of persons
2023-08-07T17:25:49.563+02:00 DEBUG 16904 --- [           main] c.s.S.SafetyNetAlertsApplication         : create a list of fire stations
2023-08-07T17:25:49.563+02:00 DEBUG 16904 --- [           main] c.s.S.SafetyNetAlertsApplication         : create a list of medical records
2023-08-07T17:25:49.563+02:00 DEBUG 16904 --- [           main] c.s.S.SafetyNetAlertsApplication         : the constructor SafetyNetAlertsCatalog succeeded
2023-08-07T17:25:49.614+02:00  INFO 16904 --- [           main] c.s.S.SafetyNetAlertsControllerTest      : Started SafetyNetAlertsControllerTest in 0.127 seconds (process running for 17.96)
2023-08-07T17:25:49.618+02:00 ERROR 16904 --- [           main] c.s.S.SafetyNetAlertsApplication         : All the parameters are required
]]></system-out>
  </testcase>
  <testcase name="testDeleteMedicalRecordShouldPass" classname="com.safetynet.SafetyNetAlerts.SafetyNetAlertsControllerTest" time="0.006">
    <system-out><![CDATA[
  .   ____          _            __ _ _
 /\\ / ___'_ __ _ _(_)_ __  __ _ \ \ \ \
( ( )\___ | '_ | '_| | '_ \/ _` | \ \ \ \
 \\/  ___)| |_)| | | | | || (_| |  ) ) ) )
  '  |____| .__|_| |_|_| |_\__, | / / / /
 =========|_|==============|___/=/_/_/_/
 :: Spring Boot ::                (v3.1.1)

2023-08-07T17:25:49.635+02:00  INFO 16904 --- [           main] c.s.S.SafetyNetAlertsControllerTest      : Starting SafetyNetAlertsControllerTest using Java 17.0.6 with PID 16904 (started by indov in C:\Users\indov\git\SafetyNetAlerts\SafetyNetAlerts)
2023-08-07T17:25:49.635+02:00 DEBUG 16904 --- [           main] c.s.S.SafetyNetAlertsControllerTest      : Running with Spring Boot v3.1.1, Spring v6.0.10
2023-08-07T17:25:49.635+02:00  INFO 16904 --- [           main] c.s.S.SafetyNetAlertsControllerTest      : No active profile set, falling back to 1 default profile: "default"
2023-08-07T17:25:49.696+02:00 DEBUG 16904 --- [           main] c.s.S.SafetyNetAlertsApplication         : copy the data file
2023-08-07T17:25:49.697+02:00 DEBUG 16904 --- [           main] c.s.S.SafetyNetAlertsApplication         : create a list of persons
2023-08-07T17:25:49.698+02:00 DEBUG 16904 --- [           main] c.s.S.SafetyNetAlertsApplication         : create a list of fire stations
2023-08-07T17:25:49.699+02:00 DEBUG 16904 --- [           main] c.s.S.SafetyNetAlertsApplication         : create a list of medical records
2023-08-07T17:25:49.699+02:00 DEBUG 16904 --- [           main] c.s.S.SafetyNetAlertsApplication         : the constructor SafetyNetAlertsCatalog succeeded
2023-08-07T17:25:49.738+02:00  INFO 16904 --- [           main] c.s.S.SafetyNetAlertsControllerTest      : Started SafetyNetAlertsControllerTest in 0.115 seconds (process running for 18.084)
2023-08-07T17:25:49.742+02:00  INFO 16904 --- [           main] c.s.S.SafetyNetAlertsApplication         : request a deletion for the medical record about the person named John Boyd
2023-08-07T17:25:49.742+02:00  INFO 16904 --- [           main] c.s.S.SafetyNetAlertsApplication         : The medical record about the person named John Boyd has been deleted correctly
]]></system-out>
  </testcase>
  <testcase name="testGetInformationFromNameWithoutParameterShouldFail" classname="com.safetynet.SafetyNetAlerts.SafetyNetAlertsControllerTest" time="0.004">
    <system-out><![CDATA[
  .   ____          _            __ _ _
 /\\ / ___'_ __ _ _(_)_ __  __ _ \ \ \ \
( ( )\___ | '_ | '_| | '_ \/ _` | \ \ \ \
 \\/  ___)| |_)| | | | | || (_| |  ) ) ) )
  '  |____| .__|_| |_|_| |_\__, | / / / /
 =========|_|==============|___/=/_/_/_/
 :: Spring Boot ::                (v3.1.1)

2023-08-07T17:25:49.756+02:00  INFO 16904 --- [           main] c.s.S.SafetyNetAlertsControllerTest      : Starting SafetyNetAlertsControllerTest using Java 17.0.6 with PID 16904 (started by indov in C:\Users\indov\git\SafetyNetAlerts\SafetyNetAlerts)
2023-08-07T17:25:49.756+02:00 DEBUG 16904 --- [           main] c.s.S.SafetyNetAlertsControllerTest      : Running with Spring Boot v3.1.1, Spring v6.0.10
2023-08-07T17:25:49.756+02:00  INFO 16904 --- [           main] c.s.S.SafetyNetAlertsControllerTest      : No active profile set, falling back to 1 default profile: "default"
2023-08-07T17:25:49.818+02:00 DEBUG 16904 --- [           main] c.s.S.SafetyNetAlertsApplication         : copy the data file
2023-08-07T17:25:49.818+02:00 DEBUG 16904 --- [           main] c.s.S.SafetyNetAlertsApplication         : create a list of persons
2023-08-07T17:25:49.819+02:00 DEBUG 16904 --- [           main] c.s.S.SafetyNetAlertsApplication         : create a list of fire stations
2023-08-07T17:25:49.819+02:00 DEBUG 16904 --- [           main] c.s.S.SafetyNetAlertsApplication         : create a list of medical records
2023-08-07T17:25:49.820+02:00 DEBUG 16904 --- [           main] c.s.S.SafetyNetAlertsApplication         : the constructor SafetyNetAlertsCatalog succeeded
2023-08-07T17:25:49.867+02:00  INFO 16904 --- [           main] c.s.S.SafetyNetAlertsControllerTest      : Started SafetyNetAlertsControllerTest in 0.121 seconds (process running for 18.213)
]]></system-out>
  </testcase>
  <testcase name="testCreateFirestationWithoutBodyShouldFail" classname="com.safetynet.SafetyNetAlerts.SafetyNetAlertsControllerTest" time="0.004">
    <system-out><![CDATA[
  .   ____          _            __ _ _
 /\\ / ___'_ __ _ _(_)_ __  __ _ \ \ \ \
( ( )\___ | '_ | '_| | '_ \/ _` | \ \ \ \
 \\/  ___)| |_)| | | | | || (_| |  ) ) ) )
  '  |____| .__|_| |_|_| |_\__, | / / / /
 =========|_|==============|___/=/_/_/_/
 :: Spring Boot ::                (v3.1.1)

2023-08-07T17:25:49.885+02:00  INFO 16904 --- [           main] c.s.S.SafetyNetAlertsControllerTest      : Starting SafetyNetAlertsControllerTest using Java 17.0.6 with PID 16904 (started by indov in C:\Users\indov\git\SafetyNetAlerts\SafetyNetAlerts)
2023-08-07T17:25:49.886+02:00 DEBUG 16904 --- [           main] c.s.S.SafetyNetAlertsControllerTest      : Running with Spring Boot v3.1.1, Spring v6.0.10
2023-08-07T17:25:49.886+02:00  INFO 16904 --- [           main] c.s.S.SafetyNetAlertsControllerTest      : No active profile set, falling back to 1 default profile: "default"
2023-08-07T17:25:49.962+02:00 DEBUG 16904 --- [           main] c.s.S.SafetyNetAlertsApplication         : copy the data file
2023-08-07T17:25:49.962+02:00 DEBUG 16904 --- [           main] c.s.S.SafetyNetAlertsApplication         : create a list of persons
2023-08-07T17:25:49.963+02:00 DEBUG 16904 --- [           main] c.s.S.SafetyNetAlertsApplication         : create a list of fire stations
2023-08-07T17:25:49.963+02:00 DEBUG 16904 --- [           main] c.s.S.SafetyNetAlertsApplication         : create a list of medical records
2023-08-07T17:25:49.964+02:00 DEBUG 16904 --- [           main] c.s.S.SafetyNetAlertsApplication         : the constructor SafetyNetAlertsCatalog succeeded
2023-08-07T17:25:49.995+02:00  INFO 16904 --- [           main] c.s.S.SafetyNetAlertsControllerTest      : Started SafetyNetAlertsControllerTest in 0.121 seconds (process running for 18.34)
]]></system-out>
  </testcase>
</testsuite>