<?xml version="1.0" encoding="UTF-8"?>
<testsuite xmlns:xsi="http://www.w3.org/2001/XMLSchema-instance" xsi:noNamespaceSchemaLocation="https://maven.apache.org/surefire/maven-surefire-plugin/xsd/surefire-test-report-3.0.xsd" version="3.0" name="com.safetynet.SafetyNetAlerts.FireStationServiceTest" time="0.446" tests="21" errors="0" skipped="0" failures="0">
  <properties>
[...]
</properties>
  <testcase name="testDeleteFirestation" classname="com.safetynet.SafetyNetAlerts.FireStationServiceTest" time="0.21"/>
  <testcase name="testGetFamiliesFromStationsWithTwoStations" classname="com.safetynet.SafetyNetAlerts.FireStationServiceTest" time="0.074"/>
  <testcase name="testCreateFirestation" classname="com.safetynet.SafetyNetAlerts.FireStationServiceTest" time="0.006"/>
  <testcase name="testGetPersonsWithCounterFromStationWithAdult" classname="com.safetynet.SafetyNetAlerts.FireStationServiceTest" time="0.026"/>
  <testcase name="testGetPersonsWithCounterFromStationWithChild" classname="com.safetynet.SafetyNetAlerts.FireStationServiceTest" time="0.009"/>
  <testcase name="testGetFamiliesFromStationUnknown" classname="com.safetynet.SafetyNetAlerts.FireStationServiceTest" time="0.006"/>
  <testcase name="testGetPersonsWithFireStationFromAddressLowercase" classname="com.safetynet.SafetyNetAlerts.FireStationServiceTest" time="0.014"/>
  <testcase name="testGetStationFromAddressLowercase" classname="com.safetynet.SafetyNetAlerts.FireStationServiceTest" time="0.006"/>
  <testcase name="testGetStationFromAddressUnknown" classname="com.safetynet.SafetyNetAlerts.FireStationServiceTest" time="0.008"/>
  <testcase name="testGetAddressFromStation" classname="com.safetynet.SafetyNetAlerts.FireStationServiceTest" time="0.006"/>
  <testcase name="testGetAddressFromStationWithDuplicate" classname="com.safetynet.SafetyNetAlerts.FireStationServiceTest" time="0.006"/>
  <testcase name="testGetPersonsWithFireStationFromAddressUppercase" classname="com.safetynet.SafetyNetAlerts.FireStationServiceTest" time="0.007"/>
  <testcase name="testGetStationFromAddressUppercase" classname="com.safetynet.SafetyNetAlerts.FireStationServiceTest" time="0.008"/>
  <testcase name="testUpdateMedicalRecord" classname="com.safetynet.SafetyNetAlerts.FireStationServiceTest" time="0.003"/>
  <testcase name="testGetPersonsWithCounterFromStationUnknown" classname="com.safetynet.SafetyNetAlerts.FireStationServiceTest" time="0.005"/>
  <testcase name="testGetPhonesFromStationUnknown" classname="com.safetynet.SafetyNetAlerts.FireStationServiceTest" time="0.007"/>
  <testcase name="testGetPersonsWithCounterFromStationWithBothAdultChild" classname="com.safetynet.SafetyNetAlerts.FireStationServiceTest" time="0.005"/>
  <testcase name="testGetFamiliesFromStationsWithOneStation" classname="com.safetynet.SafetyNetAlerts.FireStationServiceTest" time="0.004"/>
  <testcase name="testGetAddressFromStationUnknown" classname="com.safetynet.SafetyNetAlerts.FireStationServiceTest" time="0.004"/>
  <testcase name="testGetPhonesFromStation" classname="com.safetynet.SafetyNetAlerts.FireStationServiceTest" time="0.003"/>
  <testcase name="testGetPersonsWithFireStationFromAddressUnknown" classname="com.safetynet.SafetyNetAlerts.FireStationServiceTest" time="0.003"/>
</testsuite>