<?xml version="1.0" encoding="UTF-8"?>
<testsuite xmlns:xsi="http://www.w3.org/2001/XMLSchema-instance" xsi:noNamespaceSchemaLocation="https://maven.apache.org/surefire/maven-surefire-plugin/xsd/surefire-test-report-3.0.xsd" version="3.0" name="com.safetynet.SafetyNetAlerts.SafetyNetAlertsControllerTest" time="13.931" tests="44" errors="0" skipped="0" failures="0">
  <properties>
[...]
</properties>
  <testcase name="testGetChildrenFromAddressShouldPass" classname="com.safetynet.SafetyNetAlerts.SafetyNetAlertsControllerTest" time="0.232">
    <system-out><![CDATA[
  .   ____          _            __ _ _
 /\\ / ___'_ __ _ _(_)_ __  __ _ \ \ \ \
( ( )\___ | '_ | '_| | '_ \/ _` | \ \ \ \
 \\/  ___)| |_)| | | | | || (_| |  ) ) ) )
  '  |____| .__|_| |_|_| |_\__, | / / / /
 =========|_|==============|___/=/_/_/_/
 :: Spring Boot ::                (v3.1.1)

2023-08-07T15:13:59.275+02:00  INFO 14184 --- [           main] c.s.S.SafetyNetAlertsControllerTest      : Starting SafetyNetAlertsControllerTest using Java 17.0.6 with PID 14184 (started by indov in C:\Users\indov\git\SafetyNetAlerts\SafetyNetAlerts)
2023-08-07T15:13:59.275+02:00 DEBUG 14184 --- [           main] c.s.S.SafetyNetAlertsControllerTest      : Running with Spring Boot v3.1.1, Spring v6.0.10
2023-08-07T15:13:59.276+02:00  INFO 14184 --- [           main] c.s.S.SafetyNetAlertsControllerTest      : No active profile set, falling back to 1 default profile: "default"
2023-08-07T15:13:59.632+02:00 DEBUG 14184 --- [           main] c.s.S.SafetyNetAlertsApplication         : copy the data file
2023-08-07T15:13:59.634+02:00 DEBUG 14184 --- [           main] c.s.S.SafetyNetAlertsApplication         : create a list of persons
2023-08-07T15:13:59.639+02:00 DEBUG 14184 --- [           main] c.s.S.SafetyNetAlertsApplication         : create a list of fire stations
2023-08-07T15:13:59.644+02:00 DEBUG 14184 --- [           main] c.s.S.SafetyNetAlertsApplication         : create a list of medical records
2023-08-07T15:13:59.646+02:00 DEBUG 14184 --- [           main] c.s.S.SafetyNetAlertsApplication         : the constructor SafetyNetAlertsCatalog succeeded
2023-08-07T15:13:59.889+02:00  INFO 14184 --- [           main] c.s.S.SafetyNetAlertsControllerTest      : Started SafetyNetAlertsControllerTest in 0.642 seconds (process running for 15.253)
2023-08-07T15:14:00.038+02:00  INFO 14184 --- [           main] c.s.S.SafetyNetAlertsApplication         : request the list of children living at 1509 Culver St
2023-08-07T15:14:00.039+02:00 DEBUG 14184 --- [           main] c.s.S.SafetyNetAlertsApplication         : get the list of persons
2023-08-07T15:14:00.039+02:00 DEBUG 14184 --- [           main] c.s.S.SafetyNetAlertsApplication         : get the list of persons living at 1509 Culver St
2023-08-07T15:14:00.039+02:00 DEBUG 14184 --- [           main] c.s.S.SafetyNetAlertsApplication         : get the list of medical records
2023-08-07T15:14:00.040+02:00 DEBUG 14184 --- [           main] c.s.S.SafetyNetAlertsApplication         : the person named John Boyd is 39 years old
2023-08-07T15:14:00.040+02:00 DEBUG 14184 --- [           main] c.s.S.SafetyNetAlertsApplication         : the person named John Boyd is allergic to [nillacilan]
2023-08-07T15:14:00.041+02:00 DEBUG 14184 --- [           main] c.s.S.SafetyNetAlertsApplication         : the person named John Boyd is taking the following medications [aznol:350mg, hydrapermazol:100mg]
2023-08-07T15:14:00.041+02:00 DEBUG 14184 --- [           main] c.s.S.SafetyNetAlertsApplication         : get the list of medical records
2023-08-07T15:14:00.041+02:00 DEBUG 14184 --- [           main] c.s.S.SafetyNetAlertsApplication         : the person named Jacob Boyd is 34 years old
2023-08-07T15:14:00.041+02:00 DEBUG 14184 --- [           main] c.s.S.SafetyNetAlertsApplication         : the person named Jacob Boyd is allergic to []
2023-08-07T15:14:00.042+02:00 DEBUG 14184 --- [           main] c.s.S.SafetyNetAlertsApplication         : the person named Jacob Boyd is taking the following medications [pharmacol:5000mg, terazine:10mg, noznazol:250mg]
2023-08-07T15:14:00.042+02:00 DEBUG 14184 --- [           main] c.s.S.SafetyNetAlertsApplication         : get the list of medical records
2023-08-07T15:14:00.043+02:00 DEBUG 14184 --- [           main] c.s.S.SafetyNetAlertsApplication         : the person named Tenley Boyd is 11 years old
2023-08-07T15:14:00.044+02:00 DEBUG 14184 --- [           main] c.s.S.SafetyNetAlertsApplication         : the person named Tenley Boyd is allergic to [peanut]
2023-08-07T15:14:00.044+02:00 DEBUG 14184 --- [           main] c.s.S.SafetyNetAlertsApplication         : the person named Tenley Boyd is taking the following medications []
2023-08-07T15:14:00.044+02:00 DEBUG 14184 --- [           main] c.s.S.SafetyNetAlertsApplication         : get the list of medical records
2023-08-07T15:14:00.044+02:00 DEBUG 14184 --- [           main] c.s.S.SafetyNetAlertsApplication         : the person named Roger Boyd is 5 years old
2023-08-07T15:14:00.045+02:00 DEBUG 14184 --- [           main] c.s.S.SafetyNetAlertsApplication         : the person named Roger Boyd is allergic to []
2023-08-07T15:14:00.045+02:00 DEBUG 14184 --- [           main] c.s.S.SafetyNetAlertsApplication         : the person named Roger Boyd is taking the following medications []
2023-08-07T15:14:00.045+02:00 DEBUG 14184 --- [           main] c.s.S.SafetyNetAlertsApplication         : get the list of medical records
2023-08-07T15:14:00.045+02:00 DEBUG 14184 --- [           main] c.s.S.SafetyNetAlertsApplication         : the person named Felicia Boyd is 37 years old
2023-08-07T15:14:00.046+02:00 DEBUG 14184 --- [           main] c.s.S.SafetyNetAlertsApplication         : the person named Felicia Boyd is allergic to [xilliathal]
2023-08-07T15:14:00.046+02:00 DEBUG 14184 --- [           main] c.s.S.SafetyNetAlertsApplication         : the person named Felicia Boyd is taking the following medications [tetracyclaz:650mg]
2023-08-07T15:14:00.046+02:00  INFO 14184 --- [           main] c.s.S.SafetyNetAlertsApplication         : response with 2 child(ren) from persons living at 1509 Culver St
]]></system-out>
  </testcase>
  <testcase name="testGetInformationFromNameShouldPass" classname="com.safetynet.SafetyNetAlerts.SafetyNetAlertsControllerTest" time="0.037">
    <system-out><![CDATA[
  .   ____          _            __ _ _
 /\\ / ___'_ __ _ _(_)_ __  __ _ \ \ \ \
( ( )\___ | '_ | '_| | '_ \/ _` | \ \ \ \
 \\/  ___)| |_)| | | | | || (_| |  ) ) ) )
  '  |____| .__|_| |_|_| |_\__, | / / / /
 =========|_|==============|___/=/_/_/_/
 :: Spring Boot ::                (v3.1.1)

2023-08-07T15:14:00.197+02:00  INFO 14184 --- [           main] c.s.S.SafetyNetAlertsControllerTest      : Starting SafetyNetAlertsControllerTest using Java 17.0.6 with PID 14184 (started by indov in C:\Users\indov\git\SafetyNetAlerts\SafetyNetAlerts)
2023-08-07T15:14:00.197+02:00 DEBUG 14184 --- [           main] c.s.S.SafetyNetAlertsControllerTest      : Running with Spring Boot v3.1.1, Spring v6.0.10
2023-08-07T15:14:00.198+02:00  INFO 14184 --- [           main] c.s.S.SafetyNetAlertsControllerTest      : No active profile set, falling back to 1 default profile: "default"
2023-08-07T15:14:00.503+02:00 DEBUG 14184 --- [           main] c.s.S.SafetyNetAlertsApplication         : copy the data file
2023-08-07T15:14:00.503+02:00 DEBUG 14184 --- [           main] c.s.S.SafetyNetAlertsApplication         : create a list of persons
2023-08-07T15:14:00.505+02:00 DEBUG 14184 --- [           main] c.s.S.SafetyNetAlertsApplication         : create a list of fire stations
2023-08-07T15:14:00.507+02:00 DEBUG 14184 --- [           main] c.s.S.SafetyNetAlertsApplication         : create a list of medical records
2023-08-07T15:14:00.508+02:00 DEBUG 14184 --- [           main] c.s.S.SafetyNetAlertsApplication         : the constructor SafetyNetAlertsCatalog succeeded
2023-08-07T15:14:00.721+02:00  INFO 14184 --- [           main] c.s.S.SafetyNetAlertsControllerTest      : Started SafetyNetAlertsControllerTest in 0.593 seconds (process running for 16.085)
2023-08-07T15:14:00.741+02:00  INFO 14184 --- [           main] c.s.S.SafetyNetAlertsApplication         : request the information about the persons named john boyd
2023-08-07T15:14:00.742+02:00 DEBUG 14184 --- [           main] c.s.S.SafetyNetAlertsApplication         : get the list of persons
2023-08-07T15:14:00.742+02:00 DEBUG 14184 --- [           main] c.s.S.SafetyNetAlertsApplication         : get the list of medical records
2023-08-07T15:14:00.743+02:00 DEBUG 14184 --- [           main] c.s.S.SafetyNetAlertsApplication         : the person named john boyd is 39 years old
2023-08-07T15:14:00.744+02:00 DEBUG 14184 --- [           main] c.s.S.SafetyNetAlertsApplication         : the person named john boyd is allergic to [nillacilan]
2023-08-07T15:14:00.744+02:00 DEBUG 14184 --- [           main] c.s.S.SafetyNetAlertsApplication         : the person named john boyd is taking the following medications [aznol:350mg, hydrapermazol:100mg]
2023-08-07T15:14:00.745+02:00  INFO 14184 --- [           main] c.s.S.SafetyNetAlertsApplication         : response with the information about 1 person(s) named john boyd
]]></system-out>
  </testcase>
  <testcase name="testUpdateMedicalRecordWithPersonUnknownShouldFail" classname="com.safetynet.SafetyNetAlerts.SafetyNetAlertsControllerTest" time="0.073">
    <system-out><![CDATA[
  .   ____          _            __ _ _
 /\\ / ___'_ __ _ _(_)_ __  __ _ \ \ \ \
( ( )\___ | '_ | '_| | '_ \/ _` | \ \ \ \
 \\/  ___)| |_)| | | | | || (_| |  ) ) ) )
  '  |____| .__|_| |_|_| |_\__, | / / / /
 =========|_|==============|___/=/_/_/_/
 :: Spring Boot ::                (v3.1.1)

2023-08-07T15:14:00.806+02:00  INFO 14184 --- [           main] c.s.S.SafetyNetAlertsControllerTest      : Starting SafetyNetAlertsControllerTest using Java 17.0.6 with PID 14184 (started by indov in C:\Users\indov\git\SafetyNetAlerts\SafetyNetAlerts)
2023-08-07T15:14:00.806+02:00 DEBUG 14184 --- [           main] c.s.S.SafetyNetAlertsControllerTest      : Running with Spring Boot v3.1.1, Spring v6.0.10
2023-08-07T15:14:00.806+02:00  INFO 14184 --- [           main] c.s.S.SafetyNetAlertsControllerTest      : No active profile set, falling back to 1 default profile: "default"
2023-08-07T15:14:01.107+02:00 DEBUG 14184 --- [           main] c.s.S.SafetyNetAlertsApplication         : copy the data file
2023-08-07T15:14:01.108+02:00 DEBUG 14184 --- [           main] c.s.S.SafetyNetAlertsApplication         : create a list of persons
2023-08-07T15:14:01.110+02:00 DEBUG 14184 --- [           main] c.s.S.SafetyNetAlertsApplication         : create a list of fire stations
2023-08-07T15:14:01.113+02:00 DEBUG 14184 --- [           main] c.s.S.SafetyNetAlertsApplication         : create a list of medical records
2023-08-07T15:14:01.115+02:00 DEBUG 14184 --- [           main] c.s.S.SafetyNetAlertsApplication         : the constructor SafetyNetAlertsCatalog succeeded
2023-08-07T15:14:01.322+02:00  INFO 14184 --- [           main] c.s.S.SafetyNetAlertsControllerTest      : Started SafetyNetAlertsControllerTest in 0.559 seconds (process running for 16.687)
2023-08-07T15:14:01.378+02:00  INFO 14184 --- [           main] c.s.S.SafetyNetAlertsApplication         : request an update for the medical record about the person named firstNameUnknown lastNameUnknown
2023-08-07T15:14:01.380+02:00 ERROR 14184 --- [           main] c.s.S.SafetyNetAlertsApplication         : the person named firstNameUnknown lastNameUnknown hasn't a medical record in our system
]]></system-out>
  </testcase>
  <testcase name="testCreateFirestationShouldPass" classname="com.safetynet.SafetyNetAlerts.SafetyNetAlertsControllerTest" time="0.021">
    <system-out><![CDATA[
  .   ____          _            __ _ _
 /\\ / ___'_ __ _ _(_)_ __  __ _ \ \ \ \
( ( )\___ | '_ | '_| | '_ \/ _` | \ \ \ \
 \\/  ___)| |_)| | | | | || (_| |  ) ) ) )
  '  |____| .__|_| |_|_| |_\__, | / / / /
 =========|_|==============|___/=/_/_/_/
 :: Spring Boot ::                (v3.1.1)

2023-08-07T15:14:01.429+02:00  INFO 14184 --- [           main] c.s.S.SafetyNetAlertsControllerTest      : Starting SafetyNetAlertsControllerTest using Java 17.0.6 with PID 14184 (started by indov in C:\Users\indov\git\SafetyNetAlerts\SafetyNetAlerts)
2023-08-07T15:14:01.429+02:00 DEBUG 14184 --- [           main] c.s.S.SafetyNetAlertsControllerTest      : Running with Spring Boot v3.1.1, Spring v6.0.10
2023-08-07T15:14:01.429+02:00  INFO 14184 --- [           main] c.s.S.SafetyNetAlertsControllerTest      : No active profile set, falling back to 1 default profile: "default"
2023-08-07T15:14:01.742+02:00 DEBUG 14184 --- [           main] c.s.S.SafetyNetAlertsApplication         : copy the data file
2023-08-07T15:14:01.744+02:00 DEBUG 14184 --- [           main] c.s.S.SafetyNetAlertsApplication         : create a list of persons
2023-08-07T15:14:01.749+02:00 DEBUG 14184 --- [           main] c.s.S.SafetyNetAlertsApplication         : create a list of fire stations
2023-08-07T15:14:01.752+02:00 DEBUG 14184 --- [           main] c.s.S.SafetyNetAlertsApplication         : create a list of medical records
2023-08-07T15:14:01.758+02:00 DEBUG 14184 --- [           main] c.s.S.SafetyNetAlertsApplication         : the constructor SafetyNetAlertsCatalog succeeded
2023-08-07T15:14:01.950+02:00  INFO 14184 --- [           main] c.s.S.SafetyNetAlertsControllerTest      : Started SafetyNetAlertsControllerTest in 0.55 seconds (process running for 17.314)
2023-08-07T15:14:01.971+02:00  INFO 14184 --- [           main] c.s.S.SafetyNetAlertsApplication         : creating for the mapping firestation/address about the following address "addressTest" has been posted
2023-08-07T15:14:01.973+02:00  INFO 14184 --- [           main] c.s.S.SafetyNetAlertsApplication         : The new mapping firestation/address about the following address "addressTest" has been created correctly
]]></system-out>
  </testcase>
  <testcase name="testGetEmailsFromCityShouldPass" classname="com.safetynet.SafetyNetAlerts.SafetyNetAlertsControllerTest" time="0.014">
    <system-out><![CDATA[
  .   ____          _            __ _ _
 /\\ / ___'_ __ _ _(_)_ __  __ _ \ \ \ \
( ( )\___ | '_ | '_| | '_ \/ _` | \ \ \ \
 \\/  ___)| |_)| | | | | || (_| |  ) ) ) )
  '  |____| .__|_| |_|_| |_\__, | / / / /
 =========|_|==============|___/=/_/_/_/
 :: Spring Boot ::                (v3.1.1)

2023-08-07T15:14:02.013+02:00  INFO 14184 --- [           main] c.s.S.SafetyNetAlertsControllerTest      : Starting SafetyNetAlertsControllerTest using Java 17.0.6 with PID 14184 (started by indov in C:\Users\indov\git\SafetyNetAlerts\SafetyNetAlerts)
2023-08-07T15:14:02.013+02:00 DEBUG 14184 --- [           main] c.s.S.SafetyNetAlertsControllerTest      : Running with Spring Boot v3.1.1, Spring v6.0.10
2023-08-07T15:14:02.014+02:00  INFO 14184 --- [           main] c.s.S.SafetyNetAlertsControllerTest      : No active profile set, falling back to 1 default profile: "default"
2023-08-07T15:14:02.261+02:00 DEBUG 14184 --- [           main] c.s.S.SafetyNetAlertsApplication         : copy the data file
2023-08-07T15:14:02.262+02:00 DEBUG 14184 --- [           main] c.s.S.SafetyNetAlertsApplication         : create a list of persons
2023-08-07T15:14:02.263+02:00 DEBUG 14184 --- [           main] c.s.S.SafetyNetAlertsApplication         : create a list of fire stations
2023-08-07T15:14:02.264+02:00 DEBUG 14184 --- [           main] c.s.S.SafetyNetAlertsApplication         : create a list of medical records
2023-08-07T15:14:02.266+02:00 DEBUG 14184 --- [           main] c.s.S.SafetyNetAlertsApplication         : the constructor SafetyNetAlertsCatalog succeeded
2023-08-07T15:14:02.401+02:00  INFO 14184 --- [           main] c.s.S.SafetyNetAlertsControllerTest      : Started SafetyNetAlertsControllerTest in 0.42 seconds (process running for 17.765)
2023-08-07T15:14:02.410+02:00  INFO 14184 --- [           main] c.s.S.SafetyNetAlertsApplication         : request the list of emails from persons living in Culver
2023-08-07T15:14:02.410+02:00 DEBUG 14184 --- [           main] c.s.S.SafetyNetAlertsApplication         : get the list of persons
2023-08-07T15:14:02.410+02:00  INFO 14184 --- [           main] c.s.S.SafetyNetAlertsApplication         : response with 15 email(s) from persons living in Culver
]]></system-out>
  </testcase>
  <testcase name="testGetPersonsWithFireStationFromAddressWithoutParameterShouldFail" classname="com.safetynet.SafetyNetAlerts.SafetyNetAlertsControllerTest" time="0.024">
    <system-out><![CDATA[
  .   ____          _            __ _ _
 /\\ / ___'_ __ _ _(_)_ __  __ _ \ \ \ \
( ( )\___ | '_ | '_| | '_ \/ _` | \ \ \ \
 \\/  ___)| |_)| | | | | || (_| |  ) ) ) )
  '  |____| .__|_| |_|_| |_\__, | / / / /
 =========|_|==============|___/=/_/_/_/
 :: Spring Boot ::                (v3.1.1)

2023-08-07T15:14:02.458+02:00  INFO 14184 --- [           main] c.s.S.SafetyNetAlertsControllerTest      : Starting SafetyNetAlertsControllerTest using Java 17.0.6 with PID 14184 (started by indov in C:\Users\indov\git\SafetyNetAlerts\SafetyNetAlerts)
2023-08-07T15:14:02.459+02:00 DEBUG 14184 --- [           main] c.s.S.SafetyNetAlertsControllerTest      : Running with Spring Boot v3.1.1, Spring v6.0.10
2023-08-07T15:14:02.459+02:00  INFO 14184 --- [           main] c.s.S.SafetyNetAlertsControllerTest      : No active profile set, falling back to 1 default profile: "default"
2023-08-07T15:14:02.666+02:00 DEBUG 14184 --- [           main] c.s.S.SafetyNetAlertsApplication         : copy the data file
2023-08-07T15:14:02.667+02:00 DEBUG 14184 --- [           main] c.s.S.SafetyNetAlertsApplication         : create a list of persons
2023-08-07T15:14:02.670+02:00 DEBUG 14184 --- [           main] c.s.S.SafetyNetAlertsApplication         : create a list of fire stations
2023-08-07T15:14:02.671+02:00 DEBUG 14184 --- [           main] c.s.S.SafetyNetAlertsApplication         : create a list of medical records
2023-08-07T15:14:02.673+02:00 DEBUG 14184 --- [           main] c.s.S.SafetyNetAlertsApplication         : the constructor SafetyNetAlertsCatalog succeeded
2023-08-07T15:14:02.827+02:00  INFO 14184 --- [           main] c.s.S.SafetyNetAlertsControllerTest      : Started SafetyNetAlertsControllerTest in 0.405 seconds (process running for 18.191)
]]></system-out>
  </testcase>
  <testcase name="testDeletePersonShouldPass" classname="com.safetynet.SafetyNetAlerts.SafetyNetAlertsControllerTest" time="0.013">
    <system-out><![CDATA[
  .   ____          _            __ _ _
 /\\ / ___'_ __ _ _(_)_ __  __ _ \ \ \ \
( ( )\___ | '_ | '_| | '_ \/ _` | \ \ \ \
 \\/  ___)| |_)| | | | | || (_| |  ) ) ) )
  '  |____| .__|_| |_|_| |_\__, | / / / /
 =========|_|==============|___/=/_/_/_/
 :: Spring Boot ::                (v3.1.1)

2023-08-07T15:14:02.882+02:00  INFO 14184 --- [           main] c.s.S.SafetyNetAlertsControllerTest      : Starting SafetyNetAlertsControllerTest using Java 17.0.6 with PID 14184 (started by indov in C:\Users\indov\git\SafetyNetAlerts\SafetyNetAlerts)
2023-08-07T15:14:02.883+02:00 DEBUG 14184 --- [           main] c.s.S.SafetyNetAlertsControllerTest      : Running with Spring Boot v3.1.1, Spring v6.0.10
2023-08-07T15:14:02.883+02:00  INFO 14184 --- [           main] c.s.S.SafetyNetAlertsControllerTest      : No active profile set, falling back to 1 default profile: "default"
2023-08-07T15:14:03.114+02:00 DEBUG 14184 --- [           main] c.s.S.SafetyNetAlertsApplication         : copy the data file
2023-08-07T15:14:03.116+02:00 DEBUG 14184 --- [           main] c.s.S.SafetyNetAlertsApplication         : create a list of persons
2023-08-07T15:14:03.118+02:00 DEBUG 14184 --- [           main] c.s.S.SafetyNetAlertsApplication         : create a list of fire stations
2023-08-07T15:14:03.120+02:00 DEBUG 14184 --- [           main] c.s.S.SafetyNetAlertsApplication         : create a list of medical records
2023-08-07T15:14:03.122+02:00 DEBUG 14184 --- [           main] c.s.S.SafetyNetAlertsApplication         : the constructor SafetyNetAlertsCatalog succeeded
2023-08-07T15:14:03.253+02:00  INFO 14184 --- [           main] c.s.S.SafetyNetAlertsControllerTest      : Started SafetyNetAlertsControllerTest in 0.395 seconds (process running for 18.617)
2023-08-07T15:14:03.263+02:00  INFO 14184 --- [           main] c.s.S.SafetyNetAlertsApplication         : request a deletion for the person named John Boyd
2023-08-07T15:14:03.264+02:00  INFO 14184 --- [           main] c.s.S.SafetyNetAlertsApplication         : The person named John Boyd has been deleted correctly
]]></system-out>
  </testcase>
  <testcase name="testUpdateFirestationWithAddressUnknownShouldFail" classname="com.safetynet.SafetyNetAlerts.SafetyNetAlertsControllerTest" time="0.016">
    <system-out><![CDATA[
  .   ____          _            __ _ _
 /\\ / ___'_ __ _ _(_)_ __  __ _ \ \ \ \
( ( )\___ | '_ | '_| | '_ \/ _` | \ \ \ \
 \\/  ___)| |_)| | | | | || (_| |  ) ) ) )
  '  |____| .__|_| |_|_| |_\__, | / / / /
 =========|_|==============|___/=/_/_/_/
 :: Spring Boot ::                (v3.1.1)

2023-08-07T15:14:03.305+02:00  INFO 14184 --- [           main] c.s.S.SafetyNetAlertsControllerTest      : Starting SafetyNetAlertsControllerTest using Java 17.0.6 with PID 14184 (started by indov in C:\Users\indov\git\SafetyNetAlerts\SafetyNetAlerts)
2023-08-07T15:14:03.306+02:00 DEBUG 14184 --- [           main] c.s.S.SafetyNetAlertsControllerTest      : Running with Spring Boot v3.1.1, Spring v6.0.10
2023-08-07T15:14:03.307+02:00  INFO 14184 --- [           main] c.s.S.SafetyNetAlertsControllerTest      : No active profile set, falling back to 1 default profile: "default"
2023-08-07T15:14:03.500+02:00 DEBUG 14184 --- [           main] c.s.S.SafetyNetAlertsApplication         : copy the data file
2023-08-07T15:14:03.500+02:00 DEBUG 14184 --- [           main] c.s.S.SafetyNetAlertsApplication         : create a list of persons
2023-08-07T15:14:03.502+02:00 DEBUG 14184 --- [           main] c.s.S.SafetyNetAlertsApplication         : create a list of fire stations
2023-08-07T15:14:03.504+02:00 DEBUG 14184 --- [           main] c.s.S.SafetyNetAlertsApplication         : create a list of medical records
2023-08-07T15:14:03.506+02:00 DEBUG 14184 --- [           main] c.s.S.SafetyNetAlertsApplication         : the constructor SafetyNetAlertsCatalog succeeded
2023-08-07T15:14:03.649+02:00  INFO 14184 --- [           main] c.s.S.SafetyNetAlertsControllerTest      : Started SafetyNetAlertsControllerTest in 0.377 seconds (process running for 19.013)
2023-08-07T15:14:03.658+02:00  INFO 14184 --- [           main] c.s.S.SafetyNetAlertsApplication         : request an update for the mapping firestation/address about the following address "addressUnknown"
2023-08-07T15:14:03.662+02:00 ERROR 14184 --- [           main] c.s.S.SafetyNetAlertsApplication         : the following address "addressUnknown" about this mapping doesn't exist in our system
]]></system-out>
  </testcase>
  <testcase name="testDeleteFirestationWithoutBodyShouldFail" classname="com.safetynet.SafetyNetAlerts.SafetyNetAlertsControllerTest" time="0.01">
    <system-out><![CDATA[
  .   ____          _            __ _ _
 /\\ / ___'_ __ _ _(_)_ __  __ _ \ \ \ \
( ( )\___ | '_ | '_| | '_ \/ _` | \ \ \ \
 \\/  ___)| |_)| | | | | || (_| |  ) ) ) )
  '  |____| .__|_| |_|_| |_\__, | / / / /
 =========|_|==============|___/=/_/_/_/
 :: Spring Boot ::                (v3.1.1)

2023-08-07T15:14:03.709+02:00  INFO 14184 --- [           main] c.s.S.SafetyNetAlertsControllerTest      : Starting SafetyNetAlertsControllerTest using Java 17.0.6 with PID 14184 (started by indov in C:\Users\indov\git\SafetyNetAlerts\SafetyNetAlerts)
2023-08-07T15:14:03.710+02:00 DEBUG 14184 --- [           main] c.s.S.SafetyNetAlertsControllerTest      : Running with Spring Boot v3.1.1, Spring v6.0.10
2023-08-07T15:14:03.711+02:00  INFO 14184 --- [           main] c.s.S.SafetyNetAlertsControllerTest      : No active profile set, falling back to 1 default profile: "default"
2023-08-07T15:14:03.945+02:00 DEBUG 14184 --- [           main] c.s.S.SafetyNetAlertsApplication         : copy the data file
2023-08-07T15:14:03.946+02:00 DEBUG 14184 --- [           main] c.s.S.SafetyNetAlertsApplication         : create a list of persons
2023-08-07T15:14:03.948+02:00 DEBUG 14184 --- [           main] c.s.S.SafetyNetAlertsApplication         : create a list of fire stations
2023-08-07T15:14:03.951+02:00 DEBUG 14184 --- [           main] c.s.S.SafetyNetAlertsApplication         : create a list of medical records
2023-08-07T15:14:03.953+02:00 DEBUG 14184 --- [           main] c.s.S.SafetyNetAlertsApplication         : the constructor SafetyNetAlertsCatalog succeeded
2023-08-07T15:14:04.079+02:00  INFO 14184 --- [           main] c.s.S.SafetyNetAlertsControllerTest      : Started SafetyNetAlertsControllerTest in 0.409 seconds (process running for 19.443)
]]></system-out>
  </testcase>
  <testcase name="testGetPersonsWithCounterFromStationShouldPass" classname="com.safetynet.SafetyNetAlerts.SafetyNetAlertsControllerTest" time="0.03">
    <system-out><![CDATA[
  .   ____          _            __ _ _
 /\\ / ___'_ __ _ _(_)_ __  __ _ \ \ \ \
( ( )\___ | '_ | '_| | '_ \/ _` | \ \ \ \
 \\/  ___)| |_)| | | | | || (_| |  ) ) ) )
  '  |____| .__|_| |_|_| |_\__, | / / / /
 =========|_|==============|___/=/_/_/_/
 :: Spring Boot ::                (v3.1.1)

2023-08-07T15:14:04.119+02:00  INFO 14184 --- [           main] c.s.S.SafetyNetAlertsControllerTest      : Starting SafetyNetAlertsControllerTest using Java 17.0.6 with PID 14184 (started by indov in C:\Users\indov\git\SafetyNetAlerts\SafetyNetAlerts)
2023-08-07T15:14:04.120+02:00 DEBUG 14184 --- [           main] c.s.S.SafetyNetAlertsControllerTest      : Running with Spring Boot v3.1.1, Spring v6.0.10
2023-08-07T15:14:04.120+02:00  INFO 14184 --- [           main] c.s.S.SafetyNetAlertsControllerTest      : No active profile set, falling back to 1 default profile: "default"
2023-08-07T15:14:04.332+02:00 DEBUG 14184 --- [           main] c.s.S.SafetyNetAlertsApplication         : copy the data file
2023-08-07T15:14:04.333+02:00 DEBUG 14184 --- [           main] c.s.S.SafetyNetAlertsApplication         : create a list of persons
2023-08-07T15:14:04.337+02:00 DEBUG 14184 --- [           main] c.s.S.SafetyNetAlertsApplication         : create a list of fire stations
2023-08-07T15:14:04.339+02:00 DEBUG 14184 --- [           main] c.s.S.SafetyNetAlertsApplication         : create a list of medical records
2023-08-07T15:14:04.341+02:00 DEBUG 14184 --- [           main] c.s.S.SafetyNetAlertsApplication         : the constructor SafetyNetAlertsCatalog succeeded
2023-08-07T15:14:04.470+02:00  INFO 14184 --- [           main] c.s.S.SafetyNetAlertsControllerTest      : Started SafetyNetAlertsControllerTest in 0.377 seconds (process running for 19.834)
2023-08-07T15:14:04.477+02:00  INFO 14184 --- [           main] c.s.S.SafetyNetAlertsApplication         : request a counter of adults and children from the list of persons living near by the fireStation number 3
2023-08-07T15:14:04.478+02:00 DEBUG 14184 --- [           main] c.s.S.SafetyNetAlertsApplication         : get the list of fireStations
2023-08-07T15:14:04.479+02:00 DEBUG 14184 --- [           main] c.s.S.SafetyNetAlertsApplication         : get the list of addresses that are covered by the fireStation number 3
2023-08-07T15:14:04.479+02:00 DEBUG 14184 --- [           main] c.s.S.SafetyNetAlertsApplication         : get the list of persons
2023-08-07T15:14:04.479+02:00 DEBUG 14184 --- [           main] c.s.S.SafetyNetAlertsApplication         : get the list of medical records
2023-08-07T15:14:04.479+02:00 DEBUG 14184 --- [           main] c.s.S.SafetyNetAlertsApplication         : the person named John Boyd is 39 years old
2023-08-07T15:14:04.479+02:00 DEBUG 14184 --- [           main] c.s.S.SafetyNetAlertsApplication         : the person named John Boyd is allergic to [nillacilan]
2023-08-07T15:14:04.480+02:00 DEBUG 14184 --- [           main] c.s.S.SafetyNetAlertsApplication         : the person named John Boyd is taking the following medications [aznol:350mg, hydrapermazol:100mg]
2023-08-07T15:14:04.480+02:00 DEBUG 14184 --- [           main] c.s.S.SafetyNetAlertsApplication         : get the list of medical records
2023-08-07T15:14:04.480+02:00 DEBUG 14184 --- [           main] c.s.S.SafetyNetAlertsApplication         : the person named Jacob Boyd is 34 years old
2023-08-07T15:14:04.480+02:00 DEBUG 14184 --- [           main] c.s.S.SafetyNetAlertsApplication         : the person named Jacob Boyd is allergic to []
2023-08-07T15:14:04.480+02:00 DEBUG 14184 --- [           main] c.s.S.SafetyNetAlertsApplication         : the person named Jacob Boyd is taking the following medications [pharmacol:5000mg, terazine:10mg, noznazol:250mg]
2023-08-07T15:14:04.480+02:00 DEBUG 14184 --- [           main] c.s.S.SafetyNetAlertsApplication         : get the list of medical records
2023-08-07T15:14:04.481+02:00 DEBUG 14184 --- [           main] c.s.S.SafetyNetAlertsApplication         : the person named Tenley Boyd is 11 years old
2023-08-07T15:14:04.481+02:00 DEBUG 14184 --- [           main] c.s.S.SafetyNetAlertsApplication         : the person named Tenley Boyd is allergic to [peanut]
2023-08-07T15:14:04.481+02:00 DEBUG 14184 --- [           main] c.s.S.SafetyNetAlertsApplication         : the person named Tenley Boyd is taking the following medications []
2023-08-07T15:14:04.481+02:00 DEBUG 14184 --- [           main] c.s.S.SafetyNetAlertsApplication         : get the list of medical records
2023-08-07T15:14:04.481+02:00 DEBUG 14184 --- [           main] c.s.S.SafetyNetAlertsApplication         : the person named Roger Boyd is 5 years old
2023-08-07T15:14:04.481+02:00 DEBUG 14184 --- [           main] c.s.S.SafetyNetAlertsApplication         : the person named Roger Boyd is allergic to []
2023-08-07T15:14:04.481+02:00 DEBUG 14184 --- [           main] c.s.S.SafetyNetAlertsApplication         : the person named Roger Boyd is taking the following medications []
2023-08-07T15:14:04.481+02:00 DEBUG 14184 --- [           main] c.s.S.SafetyNetAlertsApplication         : get the list of medical records
2023-08-07T15:14:04.482+02:00 DEBUG 14184 --- [           main] c.s.S.SafetyNetAlertsApplication         : the person named Felicia Boyd is 37 years old
2023-08-07T15:14:04.482+02:00 DEBUG 14184 --- [           main] c.s.S.SafetyNetAlertsApplication         : the person named Felicia Boyd is allergic to [xilliathal]
2023-08-07T15:14:04.482+02:00 DEBUG 14184 --- [           main] c.s.S.SafetyNetAlertsApplication         : the person named Felicia Boyd is taking the following medications [tetracyclaz:650mg]
2023-08-07T15:14:04.482+02:00 DEBUG 14184 --- [           main] c.s.S.SafetyNetAlertsApplication         : get the list of medical records
2023-08-07T15:14:04.482+02:00 DEBUG 14184 --- [           main] c.s.S.SafetyNetAlertsApplication         : the person named Tessa Carman is 11 years old
2023-08-07T15:14:04.482+02:00 DEBUG 14184 --- [           main] c.s.S.SafetyNetAlertsApplication         : the person named Tessa Carman is allergic to []
2023-08-07T15:14:04.482+02:00 DEBUG 14184 --- [           main] c.s.S.SafetyNetAlertsApplication         : the person named Tessa Carman is taking the following medications []
2023-08-07T15:14:04.482+02:00 DEBUG 14184 --- [           main] c.s.S.SafetyNetAlertsApplication         : get the list of medical records
2023-08-07T15:14:04.483+02:00 DEBUG 14184 --- [           main] c.s.S.SafetyNetAlertsApplication         : the person named Foster Shepard is 43 years old
2023-08-07T15:14:04.483+02:00 DEBUG 14184 --- [           main] c.s.S.SafetyNetAlertsApplication         : the person named Foster Shepard is allergic to []
2023-08-07T15:14:04.484+02:00 DEBUG 14184 --- [           main] c.s.S.SafetyNetAlertsApplication         : the person named Foster Shepard is taking the following medications []
2023-08-07T15:14:04.484+02:00 DEBUG 14184 --- [           main] c.s.S.SafetyNetAlertsApplication         : get the list of medical records
2023-08-07T15:14:04.484+02:00 DEBUG 14184 --- [           main] c.s.S.SafetyNetAlertsApplication         : the person named Tony Cooper is 29 years old
2023-08-07T15:14:04.484+02:00 DEBUG 14184 --- [           main] c.s.S.SafetyNetAlertsApplication         : the person named Tony Cooper is allergic to [shellfish]
2023-08-07T15:14:04.484+02:00 DEBUG 14184 --- [           main] c.s.S.SafetyNetAlertsApplication         : the person named Tony Cooper is taking the following medications [hydrapermazol:300mg, dodoxadin:30mg]
2023-08-07T15:14:04.484+02:00 DEBUG 14184 --- [           main] c.s.S.SafetyNetAlertsApplication         : get the list of medical records
2023-08-07T15:14:04.485+02:00 DEBUG 14184 --- [           main] c.s.S.SafetyNetAlertsApplication         : the person named Ron Peters is 58 years old
2023-08-07T15:14:04.485+02:00 DEBUG 14184 --- [           main] c.s.S.SafetyNetAlertsApplication         : the person named Ron Peters is allergic to []
2023-08-07T15:14:04.485+02:00 DEBUG 14184 --- [           main] c.s.S.SafetyNetAlertsApplication         : the person named Ron Peters is taking the following medications []
2023-08-07T15:14:04.485+02:00 DEBUG 14184 --- [           main] c.s.S.SafetyNetAlertsApplication         : get the list of medical records
2023-08-07T15:14:04.485+02:00 DEBUG 14184 --- [           main] c.s.S.SafetyNetAlertsApplication         : the person named Allison Boyd is 58 years old
2023-08-07T15:14:04.485+02:00 DEBUG 14184 --- [           main] c.s.S.SafetyNetAlertsApplication         : the person named Allison Boyd is allergic to [nillacilan]
2023-08-07T15:14:04.485+02:00 DEBUG 14184 --- [           main] c.s.S.SafetyNetAlertsApplication         : the person named Allison Boyd is taking the following medications [aznol:200mg]
2023-08-07T15:14:04.485+02:00 DEBUG 14184 --- [           main] c.s.S.SafetyNetAlertsApplication         : get the list of medical records
2023-08-07T15:14:04.486+02:00 DEBUG 14184 --- [           main] c.s.S.SafetyNetAlertsApplication         : the person named Clive Ferguson is 29 years old
2023-08-07T15:14:04.486+02:00 DEBUG 14184 --- [           main] c.s.S.SafetyNetAlertsApplication         : the person named Clive Ferguson is allergic to []
2023-08-07T15:14:04.486+02:00 DEBUG 14184 --- [           main] c.s.S.SafetyNetAlertsApplication         : the person named Clive Ferguson is taking the following medications []
2023-08-07T15:14:04.486+02:00  INFO 14184 --- [           main] c.s.S.SafetyNetAlertsApplication         : response with 11 person(s) living near by the fireStation number 3 with 3 child(ren) and 8 adult(s)
]]></system-out>
  </testcase>
  <testcase name="testUpdatePersonShouldPass" classname="com.safetynet.SafetyNetAlerts.SafetyNetAlertsControllerTest" time="0.016">
    <system-out><![CDATA[
  .   ____          _            __ _ _
 /\\ / ___'_ __ _ _(_)_ __  __ _ \ \ \ \
( ( )\___ | '_ | '_| | '_ \/ _` | \ \ \ \
 \\/  ___)| |_)| | | | | || (_| |  ) ) ) )
  '  |____| .__|_| |_|_| |_\__, | / / / /
 =========|_|==============|___/=/_/_/_/
 :: Spring Boot ::                (v3.1.1)

2023-08-07T15:14:04.537+02:00  INFO 14184 --- [           main] c.s.S.SafetyNetAlertsControllerTest      : Starting SafetyNetAlertsControllerTest using Java 17.0.6 with PID 14184 (started by indov in C:\Users\indov\git\SafetyNetAlerts\SafetyNetAlerts)
2023-08-07T15:14:04.538+02:00 DEBUG 14184 --- [           main] c.s.S.SafetyNetAlertsControllerTest      : Running with Spring Boot v3.1.1, Spring v6.0.10
2023-08-07T15:14:04.538+02:00  INFO 14184 --- [           main] c.s.S.SafetyNetAlertsControllerTest      : No active profile set, falling back to 1 default profile: "default"
2023-08-07T15:14:04.707+02:00 DEBUG 14184 --- [           main] c.s.S.SafetyNetAlertsApplication         : copy the data file
2023-08-07T15:14:04.708+02:00 DEBUG 14184 --- [           main] c.s.S.SafetyNetAlertsApplication         : create a list of persons
2023-08-07T15:14:04.712+02:00 DEBUG 14184 --- [           main] c.s.S.SafetyNetAlertsApplication         : create a list of fire stations
2023-08-07T15:14:04.714+02:00 DEBUG 14184 --- [           main] c.s.S.SafetyNetAlertsApplication         : create a list of medical records
2023-08-07T15:14:04.716+02:00 DEBUG 14184 --- [           main] c.s.S.SafetyNetAlertsApplication         : the constructor SafetyNetAlertsCatalog succeeded
2023-08-07T15:14:04.851+02:00  INFO 14184 --- [           main] c.s.S.SafetyNetAlertsControllerTest      : Started SafetyNetAlertsControllerTest in 0.346 seconds (process running for 20.216)
2023-08-07T15:14:04.861+02:00  INFO 14184 --- [           main] c.s.S.SafetyNetAlertsApplication         : request an update for the person named John Boyd
2023-08-07T15:14:04.863+02:00  INFO 14184 --- [           main] c.s.S.SafetyNetAlertsApplication         : The person named John Boyd has been updated correctly
]]></system-out>
  </testcase>
  <testcase name="testCreatePersonWithoutBodyShouldFail" classname="com.safetynet.SafetyNetAlerts.SafetyNetAlertsControllerTest" time="0.009">
    <system-out><![CDATA[
  .   ____          _            __ _ _
 /\\ / ___'_ __ _ _(_)_ __  __ _ \ \ \ \
( ( )\___ | '_ | '_| | '_ \/ _` | \ \ \ \
 \\/  ___)| |_)| | | | | || (_| |  ) ) ) )
  '  |____| .__|_| |_|_| |_\__, | / / / /
 =========|_|==============|___/=/_/_/_/
 :: Spring Boot ::                (v3.1.1)

2023-08-07T15:14:04.900+02:00  INFO 14184 --- [           main] c.s.S.SafetyNetAlertsControllerTest      : Starting SafetyNetAlertsControllerTest using Java 17.0.6 with PID 14184 (started by indov in C:\Users\indov\git\SafetyNetAlerts\SafetyNetAlerts)
2023-08-07T15:14:04.900+02:00 DEBUG 14184 --- [           main] c.s.S.SafetyNetAlertsControllerTest      : Running with Spring Boot v3.1.1, Spring v6.0.10
2023-08-07T15:14:04.900+02:00  INFO 14184 --- [           main] c.s.S.SafetyNetAlertsControllerTest      : No active profile set, falling back to 1 default profile: "default"
2023-08-07T15:14:05.110+02:00 DEBUG 14184 --- [           main] c.s.S.SafetyNetAlertsApplication         : copy the data file
2023-08-07T15:14:05.111+02:00 DEBUG 14184 --- [           main] c.s.S.SafetyNetAlertsApplication         : create a list of persons
2023-08-07T15:14:05.115+02:00 DEBUG 14184 --- [           main] c.s.S.SafetyNetAlertsApplication         : create a list of fire stations
2023-08-07T15:14:05.118+02:00 DEBUG 14184 --- [           main] c.s.S.SafetyNetAlertsApplication         : create a list of medical records
2023-08-07T15:14:05.119+02:00 DEBUG 14184 --- [           main] c.s.S.SafetyNetAlertsApplication         : the constructor SafetyNetAlertsCatalog succeeded
2023-08-07T15:14:05.303+02:00  INFO 14184 --- [           main] c.s.S.SafetyNetAlertsControllerTest      : Started SafetyNetAlertsControllerTest in 0.43 seconds (process running for 20.667)
]]></system-out>
  </testcase>
  <testcase name="testDeletePersonWithIncompleteBodyShouldFail" classname="com.safetynet.SafetyNetAlerts.SafetyNetAlertsControllerTest" time="0.013">
    <system-out><![CDATA[
  .   ____          _            __ _ _
 /\\ / ___'_ __ _ _(_)_ __  __ _ \ \ \ \
( ( )\___ | '_ | '_| | '_ \/ _` | \ \ \ \
 \\/  ___)| |_)| | | | | || (_| |  ) ) ) )
  '  |____| .__|_| |_|_| |_\__, | / / / /
 =========|_|==============|___/=/_/_/_/
 :: Spring Boot ::                (v3.1.1)

2023-08-07T15:14:05.353+02:00  INFO 14184 --- [           main] c.s.S.SafetyNetAlertsControllerTest      : Starting SafetyNetAlertsControllerTest using Java 17.0.6 with PID 14184 (started by indov in C:\Users\indov\git\SafetyNetAlerts\SafetyNetAlerts)
2023-08-07T15:14:05.353+02:00 DEBUG 14184 --- [           main] c.s.S.SafetyNetAlertsControllerTest      : Running with Spring Boot v3.1.1, Spring v6.0.10
2023-08-07T15:14:05.353+02:00  INFO 14184 --- [           main] c.s.S.SafetyNetAlertsControllerTest      : No active profile set, falling back to 1 default profile: "default"
2023-08-07T15:14:05.587+02:00 DEBUG 14184 --- [           main] c.s.S.SafetyNetAlertsApplication         : copy the data file
2023-08-07T15:14:05.588+02:00 DEBUG 14184 --- [           main] c.s.S.SafetyNetAlertsApplication         : create a list of persons
2023-08-07T15:14:05.589+02:00 DEBUG 14184 --- [           main] c.s.S.SafetyNetAlertsApplication         : create a list of fire stations
2023-08-07T15:14:05.591+02:00 DEBUG 14184 --- [           main] c.s.S.SafetyNetAlertsApplication         : create a list of medical records
2023-08-07T15:14:05.592+02:00 DEBUG 14184 --- [           main] c.s.S.SafetyNetAlertsApplication         : the constructor SafetyNetAlertsCatalog succeeded
2023-08-07T15:14:05.703+02:00  INFO 14184 --- [           main] c.s.S.SafetyNetAlertsControllerTest      : Started SafetyNetAlertsControllerTest in 0.386 seconds (process running for 21.067)
]]></system-out>
  </testcase>
  <testcase name="testUpdateFirestationWithoutBodyShouldFail" classname="com.safetynet.SafetyNetAlerts.SafetyNetAlertsControllerTest" time="0.01">
    <system-out><![CDATA[
  .   ____          _            __ _ _
 /\\ / ___'_ __ _ _(_)_ __  __ _ \ \ \ \
( ( )\___ | '_ | '_| | '_ \/ _` | \ \ \ \
 \\/  ___)| |_)| | | | | || (_| |  ) ) ) )
  '  |____| .__|_| |_|_| |_\__, | / / / /
 =========|_|==============|___/=/_/_/_/
 :: Spring Boot ::                (v3.1.1)

2023-08-07T15:14:05.749+02:00  INFO 14184 --- [           main] c.s.S.SafetyNetAlertsControllerTest      : Starting SafetyNetAlertsControllerTest using Java 17.0.6 with PID 14184 (started by indov in C:\Users\indov\git\SafetyNetAlerts\SafetyNetAlerts)
2023-08-07T15:14:05.749+02:00 DEBUG 14184 --- [           main] c.s.S.SafetyNetAlertsControllerTest      : Running with Spring Boot v3.1.1, Spring v6.0.10
2023-08-07T15:14:05.749+02:00  INFO 14184 --- [           main] c.s.S.SafetyNetAlertsControllerTest      : No active profile set, falling back to 1 default profile: "default"
2023-08-07T15:14:05.969+02:00 DEBUG 14184 --- [           main] c.s.S.SafetyNetAlertsApplication         : copy the data file
2023-08-07T15:14:05.970+02:00 DEBUG 14184 --- [           main] c.s.S.SafetyNetAlertsApplication         : create a list of persons
2023-08-07T15:14:05.971+02:00 DEBUG 14184 --- [           main] c.s.S.SafetyNetAlertsApplication         : create a list of fire stations
2023-08-07T15:14:05.973+02:00 DEBUG 14184 --- [           main] c.s.S.SafetyNetAlertsApplication         : create a list of medical records
2023-08-07T15:14:05.974+02:00 DEBUG 14184 --- [           main] c.s.S.SafetyNetAlertsApplication         : the constructor SafetyNetAlertsCatalog succeeded
2023-08-07T15:14:06.087+02:00  INFO 14184 --- [           main] c.s.S.SafetyNetAlertsControllerTest      : Started SafetyNetAlertsControllerTest in 0.366 seconds (process running for 21.452)
]]></system-out>
  </testcase>
  <testcase name="testUpdateMedicalRecordShouldPass" classname="com.safetynet.SafetyNetAlerts.SafetyNetAlertsControllerTest" time="0.021">
    <system-out><![CDATA[
  .   ____          _            __ _ _
 /\\ / ___'_ __ _ _(_)_ __  __ _ \ \ \ \
( ( )\___ | '_ | '_| | '_ \/ _` | \ \ \ \
 \\/  ___)| |_)| | | | | || (_| |  ) ) ) )
  '  |____| .__|_| |_|_| |_\__, | / / / /
 =========|_|==============|___/=/_/_/_/
 :: Spring Boot ::                (v3.1.1)

2023-08-07T15:14:06.157+02:00  INFO 14184 --- [           main] c.s.S.SafetyNetAlertsControllerTest      : Starting SafetyNetAlertsControllerTest using Java 17.0.6 with PID 14184 (started by indov in C:\Users\indov\git\SafetyNetAlerts\SafetyNetAlerts)
2023-08-07T15:14:06.158+02:00 DEBUG 14184 --- [           main] c.s.S.SafetyNetAlertsControllerTest      : Running with Spring Boot v3.1.1, Spring v6.0.10
2023-08-07T15:14:06.158+02:00  INFO 14184 --- [           main] c.s.S.SafetyNetAlertsControllerTest      : No active profile set, falling back to 1 default profile: "default"
2023-08-07T15:14:06.347+02:00 DEBUG 14184 --- [           main] c.s.S.SafetyNetAlertsApplication         : copy the data file
2023-08-07T15:14:06.348+02:00 DEBUG 14184 --- [           main] c.s.S.SafetyNetAlertsApplication         : create a list of persons
2023-08-07T15:14:06.350+02:00 DEBUG 14184 --- [           main] c.s.S.SafetyNetAlertsApplication         : create a list of fire stations
2023-08-07T15:14:06.352+02:00 DEBUG 14184 --- [           main] c.s.S.SafetyNetAlertsApplication         : create a list of medical records
2023-08-07T15:14:06.354+02:00 DEBUG 14184 --- [           main] c.s.S.SafetyNetAlertsApplication         : the constructor SafetyNetAlertsCatalog succeeded
2023-08-07T15:14:06.524+02:00  INFO 14184 --- [           main] c.s.S.SafetyNetAlertsControllerTest      : Started SafetyNetAlertsControllerTest in 0.407 seconds (process running for 21.888)
2023-08-07T15:14:06.537+02:00  INFO 14184 --- [           main] c.s.S.SafetyNetAlertsApplication         : request an update for the medical record about the person named John Boyd
2023-08-07T15:14:06.541+02:00  INFO 14184 --- [           main] c.s.S.SafetyNetAlertsApplication         : The medical record about the person named John Boyd has been updated correctly
]]></system-out>
  </testcase>
  <testcase name="testUpdatePersonWithIncompleteBodyShouldFail" classname="com.safetynet.SafetyNetAlerts.SafetyNetAlertsControllerTest" time="0.011">
    <system-out><![CDATA[
  .   ____          _            __ _ _
 /\\ / ___'_ __ _ _(_)_ __  __ _ \ \ \ \
( ( )\___ | '_ | '_| | '_ \/ _` | \ \ \ \
 \\/  ___)| |_)| | | | | || (_| |  ) ) ) )
  '  |____| .__|_| |_|_| |_\__, | / / / /
 =========|_|==============|___/=/_/_/_/
 :: Spring Boot ::                (v3.1.1)

2023-08-07T15:14:06.577+02:00  INFO 14184 --- [           main] c.s.S.SafetyNetAlertsControllerTest      : Starting SafetyNetAlertsControllerTest using Java 17.0.6 with PID 14184 (started by indov in C:\Users\indov\git\SafetyNetAlerts\SafetyNetAlerts)
2023-08-07T15:14:06.578+02:00 DEBUG 14184 --- [           main] c.s.S.SafetyNetAlertsControllerTest      : Running with Spring Boot v3.1.1, Spring v6.0.10
2023-08-07T15:14:06.578+02:00  INFO 14184 --- [           main] c.s.S.SafetyNetAlertsControllerTest      : No active profile set, falling back to 1 default profile: "default"
2023-08-07T15:14:06.751+02:00 DEBUG 14184 --- [           main] c.s.S.SafetyNetAlertsApplication         : copy the data file
2023-08-07T15:14:06.751+02:00 DEBUG 14184 --- [           main] c.s.S.SafetyNetAlertsApplication         : create a list of persons
2023-08-07T15:14:06.752+02:00 DEBUG 14184 --- [           main] c.s.S.SafetyNetAlertsApplication         : create a list of fire stations
2023-08-07T15:14:06.753+02:00 DEBUG 14184 --- [           main] c.s.S.SafetyNetAlertsApplication         : create a list of medical records
2023-08-07T15:14:06.754+02:00 DEBUG 14184 --- [           main] c.s.S.SafetyNetAlertsApplication         : the constructor SafetyNetAlertsCatalog succeeded
2023-08-07T15:14:06.852+02:00  INFO 14184 --- [           main] c.s.S.SafetyNetAlertsControllerTest      : Started SafetyNetAlertsControllerTest in 0.302 seconds (process running for 22.216)
2023-08-07T15:14:06.860+02:00 ERROR 14184 --- [           main] c.s.S.SafetyNetAlertsApplication         : All the parameters are required
]]></system-out>
  </testcase>
  <testcase name="testDeletePersonWithoutBodyShouldFail" classname="com.safetynet.SafetyNetAlerts.SafetyNetAlertsControllerTest" time="0.01">
    <system-out><![CDATA[
  .   ____          _            __ _ _
 /\\ / ___'_ __ _ _(_)_ __  __ _ \ \ \ \
( ( )\___ | '_ | '_| | '_ \/ _` | \ \ \ \
 \\/  ___)| |_)| | | | | || (_| |  ) ) ) )
  '  |____| .__|_| |_|_| |_\__, | / / / /
 =========|_|==============|___/=/_/_/_/
 :: Spring Boot ::                (v3.1.1)

2023-08-07T15:14:06.893+02:00  INFO 14184 --- [           main] c.s.S.SafetyNetAlertsControllerTest      : Starting SafetyNetAlertsControllerTest using Java 17.0.6 with PID 14184 (started by indov in C:\Users\indov\git\SafetyNetAlerts\SafetyNetAlerts)
2023-08-07T15:14:06.893+02:00 DEBUG 14184 --- [           main] c.s.S.SafetyNetAlertsControllerTest      : Running with Spring Boot v3.1.1, Spring v6.0.10
2023-08-07T15:14:06.893+02:00  INFO 14184 --- [           main] c.s.S.SafetyNetAlertsControllerTest      : No active profile set, falling back to 1 default profile: "default"
2023-08-07T15:14:07.023+02:00 DEBUG 14184 --- [           main] c.s.S.SafetyNetAlertsApplication         : copy the data file
2023-08-07T15:14:07.023+02:00 DEBUG 14184 --- [           main] c.s.S.SafetyNetAlertsApplication         : create a list of persons
2023-08-07T15:14:07.024+02:00 DEBUG 14184 --- [           main] c.s.S.SafetyNetAlertsApplication         : create a list of fire stations
2023-08-07T15:14:07.025+02:00 DEBUG 14184 --- [           main] c.s.S.SafetyNetAlertsApplication         : create a list of medical records
2023-08-07T15:14:07.026+02:00 DEBUG 14184 --- [           main] c.s.S.SafetyNetAlertsApplication         : the constructor SafetyNetAlertsCatalog succeeded
2023-08-07T15:14:07.119+02:00  INFO 14184 --- [           main] c.s.S.SafetyNetAlertsControllerTest      : Started SafetyNetAlertsControllerTest in 0.252 seconds (process running for 22.483)
]]></system-out>
  </testcase>
  <testcase name="testGetPersonsWithFireStationFromAddressShouldPass" classname="com.safetynet.SafetyNetAlerts.SafetyNetAlertsControllerTest" time="0.017">
    <system-out><![CDATA[
  .   ____          _            __ _ _
 /\\ / ___'_ __ _ _(_)_ __  __ _ \ \ \ \
( ( )\___ | '_ | '_| | '_ \/ _` | \ \ \ \
 \\/  ___)| |_)| | | | | || (_| |  ) ) ) )
  '  |____| .__|_| |_|_| |_\__, | / / / /
 =========|_|==============|___/=/_/_/_/
 :: Spring Boot ::                (v3.1.1)

2023-08-07T15:14:07.153+02:00  INFO 14184 --- [           main] c.s.S.SafetyNetAlertsControllerTest      : Starting SafetyNetAlertsControllerTest using Java 17.0.6 with PID 14184 (started by indov in C:\Users\indov\git\SafetyNetAlerts\SafetyNetAlerts)
2023-08-07T15:14:07.154+02:00 DEBUG 14184 --- [           main] c.s.S.SafetyNetAlertsControllerTest      : Running with Spring Boot v3.1.1, Spring v6.0.10
2023-08-07T15:14:07.154+02:00  INFO 14184 --- [           main] c.s.S.SafetyNetAlertsControllerTest      : No active profile set, falling back to 1 default profile: "default"
2023-08-07T15:14:07.306+02:00 DEBUG 14184 --- [           main] c.s.S.SafetyNetAlertsApplication         : copy the data file
2023-08-07T15:14:07.307+02:00 DEBUG 14184 --- [           main] c.s.S.SafetyNetAlertsApplication         : create a list of persons
2023-08-07T15:14:07.309+02:00 DEBUG 14184 --- [           main] c.s.S.SafetyNetAlertsApplication         : create a list of fire stations
2023-08-07T15:14:07.310+02:00 DEBUG 14184 --- [           main] c.s.S.SafetyNetAlertsApplication         : create a list of medical records
2023-08-07T15:14:07.311+02:00 DEBUG 14184 --- [           main] c.s.S.SafetyNetAlertsApplication         : the constructor SafetyNetAlertsCatalog succeeded
2023-08-07T15:14:07.405+02:00  INFO 14184 --- [           main] c.s.S.SafetyNetAlertsControllerTest      : Started SafetyNetAlertsControllerTest in 0.273 seconds (process running for 22.77)
2023-08-07T15:14:07.410+02:00  INFO 14184 --- [           main] c.s.S.SafetyNetAlertsApplication         : request the fireStation number and the list of persons living at 1509 Culver St
2023-08-07T15:14:07.411+02:00 DEBUG 14184 --- [           main] c.s.S.SafetyNetAlertsApplication         : get the list of fireStations
2023-08-07T15:14:07.411+02:00 DEBUG 14184 --- [           main] c.s.S.SafetyNetAlertsApplication         : get the fireStation number that covers 1509 Culver St
2023-08-07T15:14:07.411+02:00 DEBUG 14184 --- [           main] c.s.S.SafetyNetAlertsApplication         : get the list of persons
2023-08-07T15:14:07.411+02:00 DEBUG 14184 --- [           main] c.s.S.SafetyNetAlertsApplication         : get the list of persons living at 1509 Culver St
2023-08-07T15:14:07.411+02:00 DEBUG 14184 --- [           main] c.s.S.SafetyNetAlertsApplication         : get the list of medical records
2023-08-07T15:14:07.411+02:00 DEBUG 14184 --- [           main] c.s.S.SafetyNetAlertsApplication         : the person named John Boyd is 39 years old
2023-08-07T15:14:07.412+02:00 DEBUG 14184 --- [           main] c.s.S.SafetyNetAlertsApplication         : the person named John Boyd is allergic to [nillacilan]
2023-08-07T15:14:07.412+02:00 DEBUG 14184 --- [           main] c.s.S.SafetyNetAlertsApplication         : the person named John Boyd is taking the following medications [aznol:350mg, hydrapermazol:100mg]
2023-08-07T15:14:07.412+02:00 DEBUG 14184 --- [           main] c.s.S.SafetyNetAlertsApplication         : get the list of medical records
2023-08-07T15:14:07.412+02:00 DEBUG 14184 --- [           main] c.s.S.SafetyNetAlertsApplication         : the person named Jacob Boyd is 34 years old
2023-08-07T15:14:07.412+02:00 DEBUG 14184 --- [           main] c.s.S.SafetyNetAlertsApplication         : the person named Jacob Boyd is allergic to []
2023-08-07T15:14:07.412+02:00 DEBUG 14184 --- [           main] c.s.S.SafetyNetAlertsApplication         : the person named Jacob Boyd is taking the following medications [pharmacol:5000mg, terazine:10mg, noznazol:250mg]
2023-08-07T15:14:07.412+02:00 DEBUG 14184 --- [           main] c.s.S.SafetyNetAlertsApplication         : get the list of medical records
2023-08-07T15:14:07.413+02:00 DEBUG 14184 --- [           main] c.s.S.SafetyNetAlertsApplication         : the person named Tenley Boyd is 11 years old
2023-08-07T15:14:07.413+02:00 DEBUG 14184 --- [           main] c.s.S.SafetyNetAlertsApplication         : the person named Tenley Boyd is allergic to [peanut]
2023-08-07T15:14:07.413+02:00 DEBUG 14184 --- [           main] c.s.S.SafetyNetAlertsApplication         : the person named Tenley Boyd is taking the following medications []
2023-08-07T15:14:07.413+02:00 DEBUG 14184 --- [           main] c.s.S.SafetyNetAlertsApplication         : get the list of medical records
2023-08-07T15:14:07.413+02:00 DEBUG 14184 --- [           main] c.s.S.SafetyNetAlertsApplication         : the person named Roger Boyd is 5 years old
2023-08-07T15:14:07.413+02:00 DEBUG 14184 --- [           main] c.s.S.SafetyNetAlertsApplication         : the person named Roger Boyd is allergic to []
2023-08-07T15:14:07.413+02:00 DEBUG 14184 --- [           main] c.s.S.SafetyNetAlertsApplication         : the person named Roger Boyd is taking the following medications []
2023-08-07T15:14:07.413+02:00 DEBUG 14184 --- [           main] c.s.S.SafetyNetAlertsApplication         : get the list of medical records
2023-08-07T15:14:07.414+02:00 DEBUG 14184 --- [           main] c.s.S.SafetyNetAlertsApplication         : the person named Felicia Boyd is 37 years old
2023-08-07T15:14:07.414+02:00 DEBUG 14184 --- [           main] c.s.S.SafetyNetAlertsApplication         : the person named Felicia Boyd is allergic to [xilliathal]
2023-08-07T15:14:07.414+02:00 DEBUG 14184 --- [           main] c.s.S.SafetyNetAlertsApplication         : the person named Felicia Boyd is taking the following medications [tetracyclaz:650mg]
2023-08-07T15:14:07.414+02:00  INFO 14184 --- [           main] c.s.S.SafetyNetAlertsApplication         : response with 5 person(s) living at 1509 Culver St and covered by fireStation number 3
]]></system-out>
  </testcase>
  <testcase name="testGetFamiliesFromStationsShouldPass" classname="com.safetynet.SafetyNetAlerts.SafetyNetAlertsControllerTest" time="0.034">
    <system-out><![CDATA[
  .   ____          _            __ _ _
 /\\ / ___'_ __ _ _(_)_ __  __ _ \ \ \ \
( ( )\___ | '_ | '_| | '_ \/ _` | \ \ \ \
 \\/  ___)| |_)| | | | | || (_| |  ) ) ) )
  '  |____| .__|_| |_|_| |_\__, | / / / /
 =========|_|==============|___/=/_/_/_/
 :: Spring Boot ::                (v3.1.1)

2023-08-07T15:14:07.450+02:00  INFO 14184 --- [           main] c.s.S.SafetyNetAlertsControllerTest      : Starting SafetyNetAlertsControllerTest using Java 17.0.6 with PID 14184 (started by indov in C:\Users\indov\git\SafetyNetAlerts\SafetyNetAlerts)
2023-08-07T15:14:07.451+02:00 DEBUG 14184 --- [           main] c.s.S.SafetyNetAlertsControllerTest      : Running with Spring Boot v3.1.1, Spring v6.0.10
2023-08-07T15:14:07.451+02:00  INFO 14184 --- [           main] c.s.S.SafetyNetAlertsControllerTest      : No active profile set, falling back to 1 default profile: "default"
2023-08-07T15:14:07.568+02:00 DEBUG 14184 --- [           main] c.s.S.SafetyNetAlertsApplication         : copy the data file
2023-08-07T15:14:07.569+02:00 DEBUG 14184 --- [           main] c.s.S.SafetyNetAlertsApplication         : create a list of persons
2023-08-07T15:14:07.570+02:00 DEBUG 14184 --- [           main] c.s.S.SafetyNetAlertsApplication         : create a list of fire stations
2023-08-07T15:14:07.571+02:00 DEBUG 14184 --- [           main] c.s.S.SafetyNetAlertsApplication         : create a list of medical records
2023-08-07T15:14:07.572+02:00 DEBUG 14184 --- [           main] c.s.S.SafetyNetAlertsApplication         : the constructor SafetyNetAlertsCatalog succeeded
2023-08-07T15:14:07.673+02:00  INFO 14184 --- [           main] c.s.S.SafetyNetAlertsControllerTest      : Started SafetyNetAlertsControllerTest in 0.247 seconds (process running for 23.037)
2023-08-07T15:14:07.681+02:00  INFO 14184 --- [           main] c.s.S.SafetyNetAlertsApplication         : request the list of families living near by the fireStation(s) [2, 3]
2023-08-07T15:14:07.682+02:00 DEBUG 14184 --- [           main] c.s.S.SafetyNetAlertsApplication         : get the list of fireStations
2023-08-07T15:14:07.682+02:00 DEBUG 14184 --- [           main] c.s.S.SafetyNetAlertsApplication         : get the list of addresses that are covered by the fireStation number 2
2023-08-07T15:14:07.682+02:00 DEBUG 14184 --- [           main] c.s.S.SafetyNetAlertsApplication         : get the list of fireStations
2023-08-07T15:14:07.682+02:00 DEBUG 14184 --- [           main] c.s.S.SafetyNetAlertsApplication         : get the list of addresses that are covered by the fireStation number 3
2023-08-07T15:14:07.682+02:00 DEBUG 14184 --- [           main] c.s.S.SafetyNetAlertsApplication         : get the list of persons
2023-08-07T15:14:07.682+02:00 DEBUG 14184 --- [           main] c.s.S.SafetyNetAlertsApplication         : get the list of persons living at 29 15th St
2023-08-07T15:14:07.683+02:00 DEBUG 14184 --- [           main] c.s.S.SafetyNetAlertsApplication         : get the list of medical records
2023-08-07T15:14:07.683+02:00 DEBUG 14184 --- [           main] c.s.S.SafetyNetAlertsApplication         : the person named Jonanathan Marrack is 34 years old
2023-08-07T15:14:07.683+02:00 DEBUG 14184 --- [           main] c.s.S.SafetyNetAlertsApplication         : the person named Jonanathan Marrack is allergic to []
2023-08-07T15:14:07.683+02:00 DEBUG 14184 --- [           main] c.s.S.SafetyNetAlertsApplication         : the person named Jonanathan Marrack is taking the following medications []
2023-08-07T15:14:07.683+02:00 DEBUG 14184 --- [           main] c.s.S.SafetyNetAlertsApplication         : get the list of persons
2023-08-07T15:14:07.683+02:00 DEBUG 14184 --- [           main] c.s.S.SafetyNetAlertsApplication         : get the list of persons living at 892 Downing Ct
2023-08-07T15:14:07.683+02:00 DEBUG 14184 --- [           main] c.s.S.SafetyNetAlertsApplication         : get the list of medical records
2023-08-07T15:14:07.683+02:00 DEBUG 14184 --- [           main] c.s.S.SafetyNetAlertsApplication         : the person named Sophia Zemicks is 35 years old
2023-08-07T15:14:07.684+02:00 DEBUG 14184 --- [           main] c.s.S.SafetyNetAlertsApplication         : the person named Sophia Zemicks is allergic to [peanut, shellfish, aznol]
2023-08-07T15:14:07.684+02:00 DEBUG 14184 --- [           main] c.s.S.SafetyNetAlertsApplication         : the person named Sophia Zemicks is taking the following medications [aznol:60mg, hydrapermazol:900mg, pharmacol:5000mg, terazine:500mg]
2023-08-07T15:14:07.684+02:00 DEBUG 14184 --- [           main] c.s.S.SafetyNetAlertsApplication         : get the list of medical records
2023-08-07T15:14:07.684+02:00 DEBUG 14184 --- [           main] c.s.S.SafetyNetAlertsApplication         : the person named Warren Zemicks is 38 years old
2023-08-07T15:14:07.684+02:00 DEBUG 14184 --- [           main] c.s.S.SafetyNetAlertsApplication         : the person named Warren Zemicks is allergic to []
2023-08-07T15:14:07.684+02:00 DEBUG 14184 --- [           main] c.s.S.SafetyNetAlertsApplication         : the person named Warren Zemicks is taking the following medications []
2023-08-07T15:14:07.684+02:00 DEBUG 14184 --- [           main] c.s.S.SafetyNetAlertsApplication         : get the list of medical records
2023-08-07T15:14:07.684+02:00 DEBUG 14184 --- [           main] c.s.S.SafetyNetAlertsApplication         : the person named Zach Zemicks is 6 years old
2023-08-07T15:14:07.685+02:00 DEBUG 14184 --- [           main] c.s.S.SafetyNetAlertsApplication         : the person named Zach Zemicks is allergic to []
2023-08-07T15:14:07.685+02:00 DEBUG 14184 --- [           main] c.s.S.SafetyNetAlertsApplication         : the person named Zach Zemicks is taking the following medications []
2023-08-07T15:14:07.685+02:00 DEBUG 14184 --- [           main] c.s.S.SafetyNetAlertsApplication         : get the list of persons
2023-08-07T15:14:07.685+02:00 DEBUG 14184 --- [           main] c.s.S.SafetyNetAlertsApplication         : get the list of persons living at 951 LoneTree Rd
2023-08-07T15:14:07.685+02:00 DEBUG 14184 --- [           main] c.s.S.SafetyNetAlertsApplication         : get the list of medical records
2023-08-07T15:14:07.686+02:00 DEBUG 14184 --- [           main] c.s.S.SafetyNetAlertsApplication         : the person named Eric Cadigan is 78 years old
2023-08-07T15:14:07.686+02:00 DEBUG 14184 --- [           main] c.s.S.SafetyNetAlertsApplication         : the person named Eric Cadigan is allergic to []
2023-08-07T15:14:07.686+02:00 DEBUG 14184 --- [           main] c.s.S.SafetyNetAlertsApplication         : the person named Eric Cadigan is taking the following medications [tradoxidine:400mg]
2023-08-07T15:14:07.686+02:00 DEBUG 14184 --- [           main] c.s.S.SafetyNetAlertsApplication         : get the list of persons
2023-08-07T15:14:07.686+02:00 DEBUG 14184 --- [           main] c.s.S.SafetyNetAlertsApplication         : get the list of persons living at 1509 Culver St
2023-08-07T15:14:07.686+02:00 DEBUG 14184 --- [           main] c.s.S.SafetyNetAlertsApplication         : get the list of medical records
2023-08-07T15:14:07.686+02:00 DEBUG 14184 --- [           main] c.s.S.SafetyNetAlertsApplication         : the person named John Boyd is 39 years old
2023-08-07T15:14:07.686+02:00 DEBUG 14184 --- [           main] c.s.S.SafetyNetAlertsApplication         : the person named John Boyd is allergic to [nillacilan]
2023-08-07T15:14:07.686+02:00 DEBUG 14184 --- [           main] c.s.S.SafetyNetAlertsApplication         : the person named John Boyd is taking the following medications [aznol:350mg, hydrapermazol:100mg]
2023-08-07T15:14:07.686+02:00 DEBUG 14184 --- [           main] c.s.S.SafetyNetAlertsApplication         : get the list of medical records
2023-08-07T15:14:07.687+02:00 DEBUG 14184 --- [           main] c.s.S.SafetyNetAlertsApplication         : the person named Jacob Boyd is 34 years old
2023-08-07T15:14:07.687+02:00 DEBUG 14184 --- [           main] c.s.S.SafetyNetAlertsApplication         : the person named Jacob Boyd is allergic to []
2023-08-07T15:14:07.687+02:00 DEBUG 14184 --- [           main] c.s.S.SafetyNetAlertsApplication         : the person named Jacob Boyd is taking the following medications [pharmacol:5000mg, terazine:10mg, noznazol:250mg]
2023-08-07T15:14:07.687+02:00 DEBUG 14184 --- [           main] c.s.S.SafetyNetAlertsApplication         : get the list of medical records
2023-08-07T15:14:07.687+02:00 DEBUG 14184 --- [           main] c.s.S.SafetyNetAlertsApplication         : the person named Tenley Boyd is 11 years old
2023-08-07T15:14:07.687+02:00 DEBUG 14184 --- [           main] c.s.S.SafetyNetAlertsApplication         : the person named Tenley Boyd is allergic to [peanut]
2023-08-07T15:14:07.687+02:00 DEBUG 14184 --- [           main] c.s.S.SafetyNetAlertsApplication         : the person named Tenley Boyd is taking the following medications []
2023-08-07T15:14:07.687+02:00 DEBUG 14184 --- [           main] c.s.S.SafetyNetAlertsApplication         : get the list of medical records
2023-08-07T15:14:07.687+02:00 DEBUG 14184 --- [           main] c.s.S.SafetyNetAlertsApplication         : the person named Roger Boyd is 5 years old
2023-08-07T15:14:07.687+02:00 DEBUG 14184 --- [           main] c.s.S.SafetyNetAlertsApplication         : the person named Roger Boyd is allergic to []
2023-08-07T15:14:07.687+02:00 DEBUG 14184 --- [           main] c.s.S.SafetyNetAlertsApplication         : the person named Roger Boyd is taking the following medications []
2023-08-07T15:14:07.688+02:00 DEBUG 14184 --- [           main] c.s.S.SafetyNetAlertsApplication         : get the list of medical records
2023-08-07T15:14:07.688+02:00 DEBUG 14184 --- [           main] c.s.S.SafetyNetAlertsApplication         : the person named Felicia Boyd is 37 years old
2023-08-07T15:14:07.688+02:00 DEBUG 14184 --- [           main] c.s.S.SafetyNetAlertsApplication         : the person named Felicia Boyd is allergic to [xilliathal]
2023-08-07T15:14:07.688+02:00 DEBUG 14184 --- [           main] c.s.S.SafetyNetAlertsApplication         : the person named Felicia Boyd is taking the following medications [tetracyclaz:650mg]
2023-08-07T15:14:07.688+02:00 DEBUG 14184 --- [           main] c.s.S.SafetyNetAlertsApplication         : get the list of persons
2023-08-07T15:14:07.688+02:00 DEBUG 14184 --- [           main] c.s.S.SafetyNetAlertsApplication         : get the list of persons living at 834 Binoc Ave
2023-08-07T15:14:07.688+02:00 DEBUG 14184 --- [           main] c.s.S.SafetyNetAlertsApplication         : get the list of medical records
2023-08-07T15:14:07.688+02:00 DEBUG 14184 --- [           main] c.s.S.SafetyNetAlertsApplication         : the person named Tessa Carman is 11 years old
2023-08-07T15:14:07.688+02:00 DEBUG 14184 --- [           main] c.s.S.SafetyNetAlertsApplication         : the person named Tessa Carman is allergic to []
2023-08-07T15:14:07.688+02:00 DEBUG 14184 --- [           main] c.s.S.SafetyNetAlertsApplication         : the person named Tessa Carman is taking the following medications []
2023-08-07T15:14:07.688+02:00 DEBUG 14184 --- [           main] c.s.S.SafetyNetAlertsApplication         : get the list of persons
2023-08-07T15:14:07.688+02:00 DEBUG 14184 --- [           main] c.s.S.SafetyNetAlertsApplication         : get the list of persons living at 748 Townings Dr
2023-08-07T15:14:07.688+02:00 DEBUG 14184 --- [           main] c.s.S.SafetyNetAlertsApplication         : get the list of medical records
2023-08-07T15:14:07.689+02:00 DEBUG 14184 --- [           main] c.s.S.SafetyNetAlertsApplication         : the person named Foster Shepard is 43 years old
2023-08-07T15:14:07.689+02:00 DEBUG 14184 --- [           main] c.s.S.SafetyNetAlertsApplication         : the person named Foster Shepard is allergic to []
2023-08-07T15:14:07.689+02:00 DEBUG 14184 --- [           main] c.s.S.SafetyNetAlertsApplication         : the person named Foster Shepard is taking the following medications []
2023-08-07T15:14:07.689+02:00 DEBUG 14184 --- [           main] c.s.S.SafetyNetAlertsApplication         : get the list of medical records
2023-08-07T15:14:07.689+02:00 DEBUG 14184 --- [           main] c.s.S.SafetyNetAlertsApplication         : the person named Clive Ferguson is 29 years old
2023-08-07T15:14:07.689+02:00 DEBUG 14184 --- [           main] c.s.S.SafetyNetAlertsApplication         : the person named Clive Ferguson is allergic to []
2023-08-07T15:14:07.689+02:00 DEBUG 14184 --- [           main] c.s.S.SafetyNetAlertsApplication         : the person named Clive Ferguson is taking the following medications []
2023-08-07T15:14:07.689+02:00 DEBUG 14184 --- [           main] c.s.S.SafetyNetAlertsApplication         : get the list of persons
2023-08-07T15:14:07.689+02:00 DEBUG 14184 --- [           main] c.s.S.SafetyNetAlertsApplication         : get the list of persons living at 112 Steppes Pl
2023-08-07T15:14:07.689+02:00 DEBUG 14184 --- [           main] c.s.S.SafetyNetAlertsApplication         : get the list of medical records
2023-08-07T15:14:07.689+02:00 DEBUG 14184 --- [           main] c.s.S.SafetyNetAlertsApplication         : the person named Tony Cooper is 29 years old
2023-08-07T15:14:07.689+02:00 DEBUG 14184 --- [           main] c.s.S.SafetyNetAlertsApplication         : the person named Tony Cooper is allergic to [shellfish]
2023-08-07T15:14:07.689+02:00 DEBUG 14184 --- [           main] c.s.S.SafetyNetAlertsApplication         : the person named Tony Cooper is taking the following medications [hydrapermazol:300mg, dodoxadin:30mg]
2023-08-07T15:14:07.690+02:00 DEBUG 14184 --- [           main] c.s.S.SafetyNetAlertsApplication         : get the list of medical records
2023-08-07T15:14:07.690+02:00 DEBUG 14184 --- [           main] c.s.S.SafetyNetAlertsApplication         : the person named Ron Peters is 58 years old
2023-08-07T15:14:07.690+02:00 DEBUG 14184 --- [           main] c.s.S.SafetyNetAlertsApplication         : the person named Ron Peters is allergic to []
2023-08-07T15:14:07.690+02:00 DEBUG 14184 --- [           main] c.s.S.SafetyNetAlertsApplication         : the person named Ron Peters is taking the following medications []
2023-08-07T15:14:07.690+02:00 DEBUG 14184 --- [           main] c.s.S.SafetyNetAlertsApplication         : get the list of medical records
2023-08-07T15:14:07.690+02:00 DEBUG 14184 --- [           main] c.s.S.SafetyNetAlertsApplication         : the person named Allison Boyd is 58 years old
2023-08-07T15:14:07.690+02:00 DEBUG 14184 --- [           main] c.s.S.SafetyNetAlertsApplication         : the person named Allison Boyd is allergic to [nillacilan]
2023-08-07T15:14:07.690+02:00 DEBUG 14184 --- [           main] c.s.S.SafetyNetAlertsApplication         : the person named Allison Boyd is taking the following medications [aznol:200mg]
2023-08-07T15:14:07.690+02:00  INFO 14184 --- [           main] c.s.S.SafetyNetAlertsApplication         : response with 7 family(ies) covered by the fireStation number [2, 3]
]]></system-out>
  </testcase>
  <testcase name="testDeletePersonWithPersonUnknownShouldFail" classname="com.safetynet.SafetyNetAlerts.SafetyNetAlertsControllerTest" time="0.015">
    <system-out><![CDATA[
  .   ____          _            __ _ _
 /\\ / ___'_ __ _ _(_)_ __  __ _ \ \ \ \
( ( )\___ | '_ | '_| | '_ \/ _` | \ \ \ \
 \\/  ___)| |_)| | | | | || (_| |  ) ) ) )
  '  |____| .__|_| |_|_| |_\__, | / / / /
 =========|_|==============|___/=/_/_/_/
 :: Spring Boot ::                (v3.1.1)

2023-08-07T15:14:07.739+02:00  INFO 14184 --- [           main] c.s.S.SafetyNetAlertsControllerTest      : Starting SafetyNetAlertsControllerTest using Java 17.0.6 with PID 14184 (started by indov in C:\Users\indov\git\SafetyNetAlerts\SafetyNetAlerts)
2023-08-07T15:14:07.740+02:00 DEBUG 14184 --- [           main] c.s.S.SafetyNetAlertsControllerTest      : Running with Spring Boot v3.1.1, Spring v6.0.10
2023-08-07T15:14:07.740+02:00  INFO 14184 --- [           main] c.s.S.SafetyNetAlertsControllerTest      : No active profile set, falling back to 1 default profile: "default"
2023-08-07T15:14:07.896+02:00 DEBUG 14184 --- [           main] c.s.S.SafetyNetAlertsApplication         : copy the data file
2023-08-07T15:14:07.896+02:00 DEBUG 14184 --- [           main] c.s.S.SafetyNetAlertsApplication         : create a list of persons
2023-08-07T15:14:07.898+02:00 DEBUG 14184 --- [           main] c.s.S.SafetyNetAlertsApplication         : create a list of fire stations
2023-08-07T15:14:07.898+02:00 DEBUG 14184 --- [           main] c.s.S.SafetyNetAlertsApplication         : create a list of medical records
2023-08-07T15:14:07.899+02:00 DEBUG 14184 --- [           main] c.s.S.SafetyNetAlertsApplication         : the constructor SafetyNetAlertsCatalog succeeded
2023-08-07T15:14:08.001+02:00  INFO 14184 --- [           main] c.s.S.SafetyNetAlertsControllerTest      : Started SafetyNetAlertsControllerTest in 0.289 seconds (process running for 23.366)
2023-08-07T15:14:08.011+02:00  INFO 14184 --- [           main] c.s.S.SafetyNetAlertsApplication         : request a deletion for the person named firstNameUnknown lastNameUnknown
2023-08-07T15:14:08.012+02:00 ERROR 14184 --- [           main] c.s.S.SafetyNetAlertsApplication         : the person named firstNameUnknown lastNameUnknown doesn't exist in our system
]]></system-out>
  </testcase>
  <testcase name="testCreateMedicalRecordShouldPass" classname="com.safetynet.SafetyNetAlerts.SafetyNetAlertsControllerTest" time="0.016">
    <system-out><![CDATA[
  .   ____          _            __ _ _
 /\\ / ___'_ __ _ _(_)_ __  __ _ \ \ \ \
( ( )\___ | '_ | '_| | '_ \/ _` | \ \ \ \
 \\/  ___)| |_)| | | | | || (_| |  ) ) ) )
  '  |____| .__|_| |_|_| |_\__, | / / / /
 =========|_|==============|___/=/_/_/_/
 :: Spring Boot ::                (v3.1.1)

2023-08-07T15:14:08.048+02:00  INFO 14184 --- [           main] c.s.S.SafetyNetAlertsControllerTest      : Starting SafetyNetAlertsControllerTest using Java 17.0.6 with PID 14184 (started by indov in C:\Users\indov\git\SafetyNetAlerts\SafetyNetAlerts)
2023-08-07T15:14:08.048+02:00 DEBUG 14184 --- [           main] c.s.S.SafetyNetAlertsControllerTest      : Running with Spring Boot v3.1.1, Spring v6.0.10
2023-08-07T15:14:08.048+02:00  INFO 14184 --- [           main] c.s.S.SafetyNetAlertsControllerTest      : No active profile set, falling back to 1 default profile: "default"
2023-08-07T15:14:08.187+02:00 DEBUG 14184 --- [           main] c.s.S.SafetyNetAlertsApplication         : copy the data file
2023-08-07T15:14:08.187+02:00 DEBUG 14184 --- [           main] c.s.S.SafetyNetAlertsApplication         : create a list of persons
2023-08-07T15:14:08.189+02:00 DEBUG 14184 --- [           main] c.s.S.SafetyNetAlertsApplication         : create a list of fire stations
2023-08-07T15:14:08.191+02:00 DEBUG 14184 --- [           main] c.s.S.SafetyNetAlertsApplication         : create a list of medical records
2023-08-07T15:14:08.192+02:00 DEBUG 14184 --- [           main] c.s.S.SafetyNetAlertsApplication         : the constructor SafetyNetAlertsCatalog succeeded
2023-08-07T15:14:08.281+02:00  INFO 14184 --- [           main] c.s.S.SafetyNetAlertsControllerTest      : Started SafetyNetAlertsControllerTest in 0.26 seconds (process running for 23.645)
2023-08-07T15:14:08.291+02:00  INFO 14184 --- [           main] c.s.S.SafetyNetAlertsApplication         : creating for the medical record about the person named firstNameTest lastNameTest has been posted
2023-08-07T15:14:08.296+02:00  INFO 14184 --- [           main] c.s.S.SafetyNetAlertsApplication         : The new medical record about the person named firstNameTest lastNameTest has been created correctly
]]></system-out>
  </testcase>
  <testcase name="testGetChildrenFromAddressWithoutParameterShouldFail" classname="com.safetynet.SafetyNetAlerts.SafetyNetAlertsControllerTest" time="0.004">
    <system-out><![CDATA[
  .   ____          _            __ _ _
 /\\ / ___'_ __ _ _(_)_ __  __ _ \ \ \ \
( ( )\___ | '_ | '_| | '_ \/ _` | \ \ \ \
 \\/  ___)| |_)| | | | | || (_| |  ) ) ) )
  '  |____| .__|_| |_|_| |_\__, | / / / /
 =========|_|==============|___/=/_/_/_/
 :: Spring Boot ::                (v3.1.1)

2023-08-07T15:14:08.319+02:00  INFO 14184 --- [           main] c.s.S.SafetyNetAlertsControllerTest      : Starting SafetyNetAlertsControllerTest using Java 17.0.6 with PID 14184 (started by indov in C:\Users\indov\git\SafetyNetAlerts\SafetyNetAlerts)
2023-08-07T15:14:08.319+02:00 DEBUG 14184 --- [           main] c.s.S.SafetyNetAlertsControllerTest      : Running with Spring Boot v3.1.1, Spring v6.0.10
2023-08-07T15:14:08.319+02:00  INFO 14184 --- [           main] c.s.S.SafetyNetAlertsControllerTest      : No active profile set, falling back to 1 default profile: "default"
2023-08-07T15:14:08.434+02:00 DEBUG 14184 --- [           main] c.s.S.SafetyNetAlertsApplication         : copy the data file
2023-08-07T15:14:08.436+02:00 DEBUG 14184 --- [           main] c.s.S.SafetyNetAlertsApplication         : create a list of persons
2023-08-07T15:14:08.437+02:00 DEBUG 14184 --- [           main] c.s.S.SafetyNetAlertsApplication         : create a list of fire stations
2023-08-07T15:14:08.439+02:00 DEBUG 14184 --- [           main] c.s.S.SafetyNetAlertsApplication         : create a list of medical records
2023-08-07T15:14:08.440+02:00 DEBUG 14184 --- [           main] c.s.S.SafetyNetAlertsApplication         : the constructor SafetyNetAlertsCatalog succeeded
2023-08-07T15:14:08.500+02:00  INFO 14184 --- [           main] c.s.S.SafetyNetAlertsControllerTest      : Started SafetyNetAlertsControllerTest in 0.198 seconds (process running for 23.864)
]]></system-out>
  </testcase>
  <testcase name="testUpdatePersonWithPersonUnknownShouldFail" classname="com.safetynet.SafetyNetAlerts.SafetyNetAlertsControllerTest" time="0.012">
    <system-out><![CDATA[
  .   ____          _            __ _ _
 /\\ / ___'_ __ _ _(_)_ __  __ _ \ \ \ \
( ( )\___ | '_ | '_| | '_ \/ _` | \ \ \ \
 \\/  ___)| |_)| | | | | || (_| |  ) ) ) )
  '  |____| .__|_| |_|_| |_\__, | / / / /
 =========|_|==============|___/=/_/_/_/
 :: Spring Boot ::                (v3.1.1)

2023-08-07T15:14:08.532+02:00  INFO 14184 --- [           main] c.s.S.SafetyNetAlertsControllerTest      : Starting SafetyNetAlertsControllerTest using Java 17.0.6 with PID 14184 (started by indov in C:\Users\indov\git\SafetyNetAlerts\SafetyNetAlerts)
2023-08-07T15:14:08.533+02:00 DEBUG 14184 --- [           main] c.s.S.SafetyNetAlertsControllerTest      : Running with Spring Boot v3.1.1, Spring v6.0.10
2023-08-07T15:14:08.533+02:00  INFO 14184 --- [           main] c.s.S.SafetyNetAlertsControllerTest      : No active profile set, falling back to 1 default profile: "default"
2023-08-07T15:14:08.642+02:00 DEBUG 14184 --- [           main] c.s.S.SafetyNetAlertsApplication         : copy the data file
2023-08-07T15:14:08.642+02:00 DEBUG 14184 --- [           main] c.s.S.SafetyNetAlertsApplication         : create a list of persons
2023-08-07T15:14:08.644+02:00 DEBUG 14184 --- [           main] c.s.S.SafetyNetAlertsApplication         : create a list of fire stations
2023-08-07T15:14:08.646+02:00 DEBUG 14184 --- [           main] c.s.S.SafetyNetAlertsApplication         : create a list of medical records
2023-08-07T15:14:08.646+02:00 DEBUG 14184 --- [           main] c.s.S.SafetyNetAlertsApplication         : the constructor SafetyNetAlertsCatalog succeeded
2023-08-07T15:14:08.715+02:00  INFO 14184 --- [           main] c.s.S.SafetyNetAlertsControllerTest      : Started SafetyNetAlertsControllerTest in 0.209 seconds (process running for 24.08)
2023-08-07T15:14:08.723+02:00  INFO 14184 --- [           main] c.s.S.SafetyNetAlertsApplication         : request an update for the person named firstNameUnknown lastNameUnknown
2023-08-07T15:14:08.723+02:00 ERROR 14184 --- [           main] c.s.S.SafetyNetAlertsApplication         : the person named firstNameUnknown lastNameUnknown doesn't exist in our system
]]></system-out>
  </testcase>
  <testcase name="testUpdateFirestationShouldPass" classname="com.safetynet.SafetyNetAlerts.SafetyNetAlertsControllerTest" time="0.01">
    <system-out><![CDATA[
  .   ____          _            __ _ _
 /\\ / ___'_ __ _ _(_)_ __  __ _ \ \ \ \
[...]
2023-08-07T15:14:11.257+02:00 DEBUG 14184 --- [           main] c.s.S.SafetyNetAlertsApplication         : create a list of medical records
2023-08-07T15:14:11.258+02:00 DEBUG 14184 --- [           main] c.s.S.SafetyNetAlertsApplication         : the constructor SafetyNetAlertsCatalog succeeded
2023-08-07T15:14:11.305+02:00  INFO 14184 --- [           main] c.s.S.SafetyNetAlertsControllerTest      : Started SafetyNetAlertsControllerTest in 0.159 seconds (process running for 26.67)
2023-08-07T15:14:11.310+02:00  INFO 14184 --- [           main] c.s.S.SafetyNetAlertsApplication         : request a deletion for the mapping firestation/address about the following address "addressUnknown"
2023-08-07T15:14:11.311+02:00 ERROR 14184 --- [           main] c.s.S.SafetyNetAlertsApplication         : the following address "addressUnknown" about this mapping doesn't exist in our system
]]></system-out>
  </testcase>
  <testcase name="testUpdateMedicalRecordWithoutBodyShouldFail" classname="com.safetynet.SafetyNetAlerts.SafetyNetAlertsControllerTest" time="0.005">
    <system-out><![CDATA[
  .   ____          _            __ _ _
 /\\ / ___'_ __ _ _(_)_ __  __ _ \ \ \ \
( ( )\___ | '_ | '_| | '_ \/ _` | \ \ \ \
 \\/  ___)| |_)| | | | | || (_| |  ) ) ) )
  '  |____| .__|_| |_|_| |_\__, | / / / /
 =========|_|==============|___/=/_/_/_/
 :: Spring Boot ::                (v3.1.1)

2023-08-07T15:14:11.328+02:00  INFO 14184 --- [           main] c.s.S.SafetyNetAlertsControllerTest      : Starting SafetyNetAlertsControllerTest using Java 17.0.6 with PID 14184 (started by indov in C:\Users\indov\git\SafetyNetAlerts\SafetyNetAlerts)
2023-08-07T15:14:11.328+02:00 DEBUG 14184 --- [           main] c.s.S.SafetyNetAlertsControllerTest      : Running with Spring Boot v3.1.1, Spring v6.0.10
2023-08-07T15:14:11.329+02:00  INFO 14184 --- [           main] c.s.S.SafetyNetAlertsControllerTest      : No active profile set, falling back to 1 default profile: "default"
2023-08-07T15:14:11.407+02:00 DEBUG 14184 --- [           main] c.s.S.SafetyNetAlertsApplication         : copy the data file
2023-08-07T15:14:11.407+02:00 DEBUG 14184 --- [           main] c.s.S.SafetyNetAlertsApplication         : create a list of persons
2023-08-07T15:14:11.408+02:00 DEBUG 14184 --- [           main] c.s.S.SafetyNetAlertsApplication         : create a list of fire stations
2023-08-07T15:14:11.408+02:00 DEBUG 14184 --- [           main] c.s.S.SafetyNetAlertsApplication         : create a list of medical records
2023-08-07T15:14:11.409+02:00 DEBUG 14184 --- [           main] c.s.S.SafetyNetAlertsApplication         : the constructor SafetyNetAlertsCatalog succeeded
2023-08-07T15:14:11.467+02:00  INFO 14184 --- [           main] c.s.S.SafetyNetAlertsControllerTest      : Started SafetyNetAlertsControllerTest in 0.152 seconds (process running for 26.831)
]]></system-out>
  </testcase>
  <testcase name="testGetPhonesFromStationShouldPass" classname="com.safetynet.SafetyNetAlerts.SafetyNetAlertsControllerTest" time="0.008">
    <system-out><![CDATA[
  .   ____          _            __ _ _
 /\\ / ___'_ __ _ _(_)_ __  __ _ \ \ \ \
( ( )\___ | '_ | '_| | '_ \/ _` | \ \ \ \
 \\/  ___)| |_)| | | | | || (_| |  ) ) ) )
  '  |____| .__|_| |_|_| |_\__, | / / / /
 =========|_|==============|___/=/_/_/_/
 :: Spring Boot ::                (v3.1.1)

2023-08-07T15:14:11.490+02:00  INFO 14184 --- [           main] c.s.S.SafetyNetAlertsControllerTest      : Starting SafetyNetAlertsControllerTest using Java 17.0.6 with PID 14184 (started by indov in C:\Users\indov\git\SafetyNetAlerts\SafetyNetAlerts)
2023-08-07T15:14:11.490+02:00 DEBUG 14184 --- [           main] c.s.S.SafetyNetAlertsControllerTest      : Running with Spring Boot v3.1.1, Spring v6.0.10
2023-08-07T15:14:11.490+02:00  INFO 14184 --- [           main] c.s.S.SafetyNetAlertsControllerTest      : No active profile set, falling back to 1 default profile: "default"
2023-08-07T15:14:11.582+02:00 DEBUG 14184 --- [           main] c.s.S.SafetyNetAlertsApplication         : copy the data file
2023-08-07T15:14:11.583+02:00 DEBUG 14184 --- [           main] c.s.S.SafetyNetAlertsApplication         : create a list of persons
2023-08-07T15:14:11.584+02:00 DEBUG 14184 --- [           main] c.s.S.SafetyNetAlertsApplication         : create a list of fire stations
2023-08-07T15:14:11.585+02:00 DEBUG 14184 --- [           main] c.s.S.SafetyNetAlertsApplication         : create a list of medical records
2023-08-07T15:14:11.585+02:00 DEBUG 14184 --- [           main] c.s.S.SafetyNetAlertsApplication         : the constructor SafetyNetAlertsCatalog succeeded
2023-08-07T15:14:11.647+02:00  INFO 14184 --- [           main] c.s.S.SafetyNetAlertsControllerTest      : Started SafetyNetAlertsControllerTest in 0.173 seconds (process running for 27.012)
2023-08-07T15:14:11.652+02:00  INFO 14184 --- [           main] c.s.S.SafetyNetAlertsApplication         : request the list of phones from persons living near by the fireStation number 3
2023-08-07T15:14:11.652+02:00 DEBUG 14184 --- [           main] c.s.S.SafetyNetAlertsApplication         : get the list of fireStations
2023-08-07T15:14:11.652+02:00 DEBUG 14184 --- [           main] c.s.S.SafetyNetAlertsApplication         : get the list of addresses that are covered by the fireStation number 3
2023-08-07T15:14:11.652+02:00 DEBUG 14184 --- [           main] c.s.S.SafetyNetAlertsApplication         : get the list of persons
2023-08-07T15:14:11.652+02:00  INFO 14184 --- [           main] c.s.S.SafetyNetAlertsApplication         : response with 7 phone(s) from persons living near by the fireStation number 3
]]></system-out>
  </testcase>
  <testcase name="testDeleteMedicalRecordWithIncompleteBodyShouldFail" classname="com.safetynet.SafetyNetAlerts.SafetyNetAlertsControllerTest" time="0.005">
    <system-out><![CDATA[
  .   ____          _            __ _ _
 /\\ / ___'_ __ _ _(_)_ __  __ _ \ \ \ \
( ( )\___ | '_ | '_| | '_ \/ _` | \ \ \ \
 \\/  ___)| |_)| | | | | || (_| |  ) ) ) )
  '  |____| .__|_| |_|_| |_\__, | / / / /
 =========|_|==============|___/=/_/_/_/
 :: Spring Boot ::                (v3.1.1)

2023-08-07T15:14:11.676+02:00  INFO 14184 --- [           main] c.s.S.SafetyNetAlertsControllerTest      : Starting SafetyNetAlertsControllerTest using Java 17.0.6 with PID 14184 (started by indov in C:\Users\indov\git\SafetyNetAlerts\SafetyNetAlerts)
2023-08-07T15:14:11.677+02:00 DEBUG 14184 --- [           main] c.s.S.SafetyNetAlertsControllerTest      : Running with Spring Boot v3.1.1, Spring v6.0.10
2023-08-07T15:14:11.678+02:00  INFO 14184 --- [           main] c.s.S.SafetyNetAlertsControllerTest      : No active profile set, falling back to 1 default profile: "default"
2023-08-07T15:14:11.801+02:00 DEBUG 14184 --- [           main] c.s.S.SafetyNetAlertsApplication         : copy the data file
2023-08-07T15:14:11.801+02:00 DEBUG 14184 --- [           main] c.s.S.SafetyNetAlertsApplication         : create a list of persons
2023-08-07T15:14:11.802+02:00 DEBUG 14184 --- [           main] c.s.S.SafetyNetAlertsApplication         : create a list of fire stations
2023-08-07T15:14:11.802+02:00 DEBUG 14184 --- [           main] c.s.S.SafetyNetAlertsApplication         : create a list of medical records
2023-08-07T15:14:11.803+02:00 DEBUG 14184 --- [           main] c.s.S.SafetyNetAlertsApplication         : the constructor SafetyNetAlertsCatalog succeeded
2023-08-07T15:14:11.862+02:00  INFO 14184 --- [           main] c.s.S.SafetyNetAlertsControllerTest      : Started SafetyNetAlertsControllerTest in 0.203 seconds (process running for 27.226)
]]></system-out>
  </testcase>
  <testcase name="testGetPhonesFromStationWithoutParameterShouldFail" classname="com.safetynet.SafetyNetAlerts.SafetyNetAlertsControllerTest" time="0.003">
    <system-out><![CDATA[
  .   ____          _            __ _ _
 /\\ / ___'_ __ _ _(_)_ __  __ _ \ \ \ \
( ( )\___ | '_ | '_| | '_ \/ _` | \ \ \ \
 \\/  ___)| |_)| | | | | || (_| |  ) ) ) )
  '  |____| .__|_| |_|_| |_\__, | / / / /
 =========|_|==============|___/=/_/_/_/
 :: Spring Boot ::                (v3.1.1)

2023-08-07T15:14:11.886+02:00  INFO 14184 --- [           main] c.s.S.SafetyNetAlertsControllerTest      : Starting SafetyNetAlertsControllerTest using Java 17.0.6 with PID 14184 (started by indov in C:\Users\indov\git\SafetyNetAlerts\SafetyNetAlerts)
2023-08-07T15:14:11.887+02:00 DEBUG 14184 --- [           main] c.s.S.SafetyNetAlertsControllerTest      : Running with Spring Boot v3.1.1, Spring v6.0.10
2023-08-07T15:14:11.887+02:00  INFO 14184 --- [           main] c.s.S.SafetyNetAlertsControllerTest      : No active profile set, falling back to 1 default profile: "default"
2023-08-07T15:14:11.976+02:00 DEBUG 14184 --- [           main] c.s.S.SafetyNetAlertsApplication         : copy the data file
2023-08-07T15:14:11.976+02:00 DEBUG 14184 --- [           main] c.s.S.SafetyNetAlertsApplication         : create a list of persons
2023-08-07T15:14:11.978+02:00 DEBUG 14184 --- [           main] c.s.S.SafetyNetAlertsApplication         : create a list of fire stations
2023-08-07T15:14:11.979+02:00 DEBUG 14184 --- [           main] c.s.S.SafetyNetAlertsApplication         : create a list of medical records
2023-08-07T15:14:11.979+02:00 DEBUG 14184 --- [           main] c.s.S.SafetyNetAlertsApplication         : the constructor SafetyNetAlertsCatalog succeeded
2023-08-07T15:14:12.036+02:00  INFO 14184 --- [           main] c.s.S.SafetyNetAlertsControllerTest      : Started SafetyNetAlertsControllerTest in 0.166 seconds (process running for 27.4)
]]></system-out>
  </testcase>
  <testcase name="testUpdatePersonWithoutBodyShouldFail" classname="com.safetynet.SafetyNetAlerts.SafetyNetAlertsControllerTest" time="0.005">
    <system-out><![CDATA[
  .   ____          _            __ _ _
 /\\ / ___'_ __ _ _(_)_ __  __ _ \ \ \ \
( ( )\___ | '_ | '_| | '_ \/ _` | \ \ \ \
 \\/  ___)| |_)| | | | | || (_| |  ) ) ) )
  '  |____| .__|_| |_|_| |_\__, | / / / /
 =========|_|==============|___/=/_/_/_/
 :: Spring Boot ::                (v3.1.1)

2023-08-07T15:14:12.054+02:00  INFO 14184 --- [           main] c.s.S.SafetyNetAlertsControllerTest      : Starting SafetyNetAlertsControllerTest using Java 17.0.6 with PID 14184 (started by indov in C:\Users\indov\git\SafetyNetAlerts\SafetyNetAlerts)
2023-08-07T15:14:12.055+02:00 DEBUG 14184 --- [           main] c.s.S.SafetyNetAlertsControllerTest      : Running with Spring Boot v3.1.1, Spring v6.0.10
2023-08-07T15:14:12.055+02:00  INFO 14184 --- [           main] c.s.S.SafetyNetAlertsControllerTest      : No active profile set, falling back to 1 default profile: "default"
2023-08-07T15:14:12.140+02:00 DEBUG 14184 --- [           main] c.s.S.SafetyNetAlertsApplication         : copy the data file
2023-08-07T15:14:12.140+02:00 DEBUG 14184 --- [           main] c.s.S.SafetyNetAlertsApplication         : create a list of persons
2023-08-07T15:14:12.142+02:00 DEBUG 14184 --- [           main] c.s.S.SafetyNetAlertsApplication         : create a list of fire stations
2023-08-07T15:14:12.143+02:00 DEBUG 14184 --- [           main] c.s.S.SafetyNetAlertsApplication         : create a list of medical records
2023-08-07T15:14:12.144+02:00 DEBUG 14184 --- [           main] c.s.S.SafetyNetAlertsApplication         : the constructor SafetyNetAlertsCatalog succeeded
2023-08-07T15:14:12.191+02:00  INFO 14184 --- [           main] c.s.S.SafetyNetAlertsControllerTest      : Started SafetyNetAlertsControllerTest in 0.15 seconds (process running for 27.556)
]]></system-out>
  </testcase>
  <testcase name="testUpdateFirestationWithIncompleteBodyShouldFail" classname="com.safetynet.SafetyNetAlerts.SafetyNetAlertsControllerTest" time="0.006">
    <system-out><![CDATA[
  .   ____          _            __ _ _
 /\\ / ___'_ __ _ _(_)_ __  __ _ \ \ \ \
( ( )\___ | '_ | '_| | '_ \/ _` | \ \ \ \
 \\/  ___)| |_)| | | | | || (_| |  ) ) ) )
  '  |____| .__|_| |_|_| |_\__, | / / / /
 =========|_|==============|___/=/_/_/_/
 :: Spring Boot ::                (v3.1.1)

2023-08-07T15:14:12.210+02:00  INFO 14184 --- [           main] c.s.S.SafetyNetAlertsControllerTest      : Starting SafetyNetAlertsControllerTest using Java 17.0.6 with PID 14184 (started by indov in C:\Users\indov\git\SafetyNetAlerts\SafetyNetAlerts)
2023-08-07T15:14:12.210+02:00 DEBUG 14184 --- [           main] c.s.S.SafetyNetAlertsControllerTest      : Running with Spring Boot v3.1.1, Spring v6.0.10
2023-08-07T15:14:12.210+02:00  INFO 14184 --- [           main] c.s.S.SafetyNetAlertsControllerTest      : No active profile set, falling back to 1 default profile: "default"
2023-08-07T15:14:12.303+02:00 DEBUG 14184 --- [           main] c.s.S.SafetyNetAlertsApplication         : copy the data file
2023-08-07T15:14:12.303+02:00 DEBUG 14184 --- [           main] c.s.S.SafetyNetAlertsApplication         : create a list of persons
2023-08-07T15:14:12.304+02:00 DEBUG 14184 --- [           main] c.s.S.SafetyNetAlertsApplication         : create a list of fire stations
2023-08-07T15:14:12.304+02:00 DEBUG 14184 --- [           main] c.s.S.SafetyNetAlertsApplication         : create a list of medical records
2023-08-07T15:14:12.305+02:00 DEBUG 14184 --- [           main] c.s.S.SafetyNetAlertsApplication         : the constructor SafetyNetAlertsCatalog succeeded
2023-08-07T15:14:12.388+02:00  INFO 14184 --- [           main] c.s.S.SafetyNetAlertsControllerTest      : Started SafetyNetAlertsControllerTest in 0.188 seconds (process running for 27.751)
2023-08-07T15:14:12.393+02:00 ERROR 14184 --- [           main] c.s.S.SafetyNetAlertsApplication         : All the parameters are required
]]></system-out>
  </testcase>
  <testcase name="testDeleteMedicalRecordShouldPass" classname="com.safetynet.SafetyNetAlerts.SafetyNetAlertsControllerTest" time="0.01">
    <system-out><![CDATA[
  .   ____          _            __ _ _
 /\\ / ___'_ __ _ _(_)_ __  __ _ \ \ \ \
( ( )\___ | '_ | '_| | '_ \/ _` | \ \ \ \
 \\/  ___)| |_)| | | | | || (_| |  ) ) ) )
  '  |____| .__|_| |_|_| |_\__, | / / / /
 =========|_|==============|___/=/_/_/_/
 :: Spring Boot ::                (v3.1.1)

2023-08-07T15:14:12.431+02:00  INFO 14184 --- [           main] c.s.S.SafetyNetAlertsControllerTest      : Starting SafetyNetAlertsControllerTest using Java 17.0.6 with PID 14184 (started by indov in C:\Users\indov\git\SafetyNetAlerts\SafetyNetAlerts)
2023-08-07T15:14:12.431+02:00 DEBUG 14184 --- [           main] c.s.S.SafetyNetAlertsControllerTest      : Running with Spring Boot v3.1.1, Spring v6.0.10
2023-08-07T15:14:12.432+02:00  INFO 14184 --- [           main] c.s.S.SafetyNetAlertsControllerTest      : No active profile set, falling back to 1 default profile: "default"
2023-08-07T15:14:12.615+02:00 DEBUG 14184 --- [           main] c.s.S.SafetyNetAlertsApplication         : copy the data file
2023-08-07T15:14:12.615+02:00 DEBUG 14184 --- [           main] c.s.S.SafetyNetAlertsApplication         : create a list of persons
2023-08-07T15:14:12.617+02:00 DEBUG 14184 --- [           main] c.s.S.SafetyNetAlertsApplication         : create a list of fire stations
2023-08-07T15:14:12.618+02:00 DEBUG 14184 --- [           main] c.s.S.SafetyNetAlertsApplication         : create a list of medical records
2023-08-07T15:14:12.619+02:00 DEBUG 14184 --- [           main] c.s.S.SafetyNetAlertsApplication         : the constructor SafetyNetAlertsCatalog succeeded
2023-08-07T15:14:12.679+02:00  INFO 14184 --- [           main] c.s.S.SafetyNetAlertsControllerTest      : Started SafetyNetAlertsControllerTest in 0.282 seconds (process running for 28.044)
2023-08-07T15:14:12.687+02:00  INFO 14184 --- [           main] c.s.S.SafetyNetAlertsApplication         : request a deletion for the medical record about the person named John Boyd
2023-08-07T15:14:12.687+02:00  INFO 14184 --- [           main] c.s.S.SafetyNetAlertsApplication         : The medical record about the person named John Boyd has been deleted correctly
]]></system-out>
  </testcase>
  <testcase name="testGetInformationFromNameWithoutParameterShouldFail" classname="com.safetynet.SafetyNetAlerts.SafetyNetAlertsControllerTest" time="0.006">
    <system-out><![CDATA[
  .   ____          _            __ _ _
 /\\ / ___'_ __ _ _(_)_ __  __ _ \ \ \ \
( ( )\___ | '_ | '_| | '_ \/ _` | \ \ \ \
 \\/  ___)| |_)| | | | | || (_| |  ) ) ) )
  '  |____| .__|_| |_|_| |_\__, | / / / /
 =========|_|==============|___/=/_/_/_/
 :: Spring Boot ::                (v3.1.1)

2023-08-07T15:14:12.707+02:00  INFO 14184 --- [           main] c.s.S.SafetyNetAlertsControllerTest      : Starting SafetyNetAlertsControllerTest using Java 17.0.6 with PID 14184 (started by indov in C:\Users\indov\git\SafetyNetAlerts\SafetyNetAlerts)
2023-08-07T15:14:12.708+02:00 DEBUG 14184 --- [           main] c.s.S.SafetyNetAlertsControllerTest      : Running with Spring Boot v3.1.1, Spring v6.0.10
2023-08-07T15:14:12.708+02:00  INFO 14184 --- [           main] c.s.S.SafetyNetAlertsControllerTest      : No active profile set, falling back to 1 default profile: "default"
2023-08-07T15:14:12.788+02:00 DEBUG 14184 --- [           main] c.s.S.SafetyNetAlertsApplication         : copy the data file
2023-08-07T15:14:12.788+02:00 DEBUG 14184 --- [           main] c.s.S.SafetyNetAlertsApplication         : create a list of persons
2023-08-07T15:14:12.789+02:00 DEBUG 14184 --- [           main] c.s.S.SafetyNetAlertsApplication         : create a list of fire stations
2023-08-07T15:14:12.789+02:00 DEBUG 14184 --- [           main] c.s.S.SafetyNetAlertsApplication         : create a list of medical records
2023-08-07T15:14:12.789+02:00 DEBUG 14184 --- [           main] c.s.S.SafetyNetAlertsApplication         : the constructor SafetyNetAlertsCatalog succeeded
2023-08-07T15:14:12.841+02:00  INFO 14184 --- [           main] c.s.S.SafetyNetAlertsControllerTest      : Started SafetyNetAlertsControllerTest in 0.149 seconds (process running for 28.206)
]]></system-out>
  </testcase>
  <testcase name="testCreateFirestationWithoutBodyShouldFail" classname="com.safetynet.SafetyNetAlerts.SafetyNetAlertsControllerTest" time="0.006">
    <system-out><![CDATA[
  .   ____          _            __ _ _
 /\\ / ___'_ __ _ _(_)_ __  __ _ \ \ \ \
( ( )\___ | '_ | '_| | '_ \/ _` | \ \ \ \
 \\/  ___)| |_)| | | | | || (_| |  ) ) ) )
  '  |____| .__|_| |_|_| |_\__, | / / / /
 =========|_|==============|___/=/_/_/_/
 :: Spring Boot ::                (v3.1.1)

2023-08-07T15:14:12.873+02:00  INFO 14184 --- [           main] c.s.S.SafetyNetAlertsControllerTest      : Starting SafetyNetAlertsControllerTest using Java 17.0.6 with PID 14184 (started by indov in C:\Users\indov\git\SafetyNetAlerts\SafetyNetAlerts)
2023-08-07T15:14:12.873+02:00 DEBUG 14184 --- [           main] c.s.S.SafetyNetAlertsControllerTest      : Running with Spring Boot v3.1.1, Spring v6.0.10
2023-08-07T15:14:12.873+02:00  INFO 14184 --- [           main] c.s.S.SafetyNetAlertsControllerTest      : No active profile set, falling back to 1 default profile: "default"
2023-08-07T15:14:13.081+02:00 DEBUG 14184 --- [           main] c.s.S.SafetyNetAlertsApplication         : copy the data file
2023-08-07T15:14:13.082+02:00 DEBUG 14184 --- [           main] c.s.S.SafetyNetAlertsApplication         : create a list of persons
2023-08-07T15:14:13.082+02:00 DEBUG 14184 --- [           main] c.s.S.SafetyNetAlertsApplication         : create a list of fire stations
2023-08-07T15:14:13.083+02:00 DEBUG 14184 --- [           main] c.s.S.SafetyNetAlertsApplication         : create a list of medical records
2023-08-07T15:14:13.083+02:00 DEBUG 14184 --- [           main] c.s.S.SafetyNetAlertsApplication         : the constructor SafetyNetAlertsCatalog succeeded
2023-08-07T15:14:13.136+02:00  INFO 14184 --- [           main] c.s.S.SafetyNetAlertsControllerTest      : Started SafetyNetAlertsControllerTest in 0.285 seconds (process running for 28.501)
]]></system-out>
  </testcase>
</testsuite>