<?xml version="1.0" encoding="UTF-8"?>
<testsuite xmlns:xsi="http://www.w3.org/2001/XMLSchema-instance" xsi:noNamespaceSchemaLocation="https://maven.apache.org/surefire/maven-surefire-plugin/xsd/surefire-test-report-3.0.xsd" version="3.0" name="com.safetynet.SafetyNetAlerts.PersonControllerTest" time="4.688" tests="2" errors="0" skipped="0" failures="0">
  <properties>
[...]
</properties>
  <testcase name="testGetEmailsFromCityShouldFail" classname="com.safetynet.SafetyNetAlerts.PersonControllerTest" time="0.175">
    <system-out><![CDATA[17:05:27.709 [main] INFO org.springframework.test.context.support.AnnotationConfigContextLoaderUtils -- Could not detect default configuration classes for test class [com.safetynet.SafetyNetAlerts.PersonControllerTest]: PersonControllerTest does not declare any static, non-private, non-final, nested classes annotated with @Configuration.
17:05:28.311 [main] INFO org.springframework.boot.test.context.SpringBootTestContextBootstrapper -- Found @SpringBootConfiguration com.safetynet.SafetyNetAlerts.SafetyNetAlertsApplication for test class com.safetynet.SafetyNetAlerts.PersonControllerTest

  .   ____          _            __ _ _
 /\\ / ___'_ __ _ _(_)_ __  __ _ \ \ \ \
( ( )\___ | '_ | '_| | '_ \/ _` | \ \ \ \
 \\/  ___)| |_)| | | | | || (_| |  ) ) ) )
  '  |____| .__|_| |_|_| |_\__, | / / / /
 =========|_|==============|___/=/_/_/_/
 :: Spring Boot ::                (v3.1.1)

2023-07-13T17:05:29.717+02:00  INFO 1316 --- [           main] c.s.S.PersonControllerTest               : Starting PersonControllerTest using Java 17.0.6 with PID 1316 (started by indov in C:\Users\indov\git\SafetyNetAlerts\SafetyNetAlerts)
2023-07-13T17:05:29.720+02:00 DEBUG 1316 --- [           main] c.s.S.PersonControllerTest               : Running with Spring Boot v3.1.1, Spring v6.0.10
2023-07-13T17:05:29.721+02:00  INFO 1316 --- [           main] c.s.S.PersonControllerTest               : No active profile set, falling back to 1 default profile: "default"
2023-07-13T17:05:31.701+02:00  INFO 1316 --- [           main] c.s.S.PersonControllerTest               : Started PersonControllerTest in 3.147 seconds (process running for 8.168)
]]></system-out>
  </testcase>
  <testcase name="testGetEmailsFromCityShouldPass" classname="com.safetynet.SafetyNetAlerts.PersonControllerTest" time="0.082">
    <system-out><![CDATA[2023-07-13T17:05:31.922+02:00  INFO 1316 --- [           main] c.s.S.SafetyNetAlertsApplication         : request the list of emails from persons living in culver
]]></system-out>
  </testcase>
</testsuite>